[0.165s] DEBUG:colcon:Command line arguments: ['/usr/bin/colcon', 'build', '--packages-select', 'dataglove_msgs', 'dataglove']
[0.165s] DEBUG:colcon:Parsed command line arguments: Namespace(log_base=None, log_level=None, verb_name='build', build_base='build', install_base='install', merge_install=False, symlink_install=False, test_result_base=None, continue_on_error=False, executor='parallel', parallel_workers=8, event_handlers=None, ignore_user_meta=False, metas=['./colcon.meta'], base_paths=['.'], packages_ignore=None, packages_ignore_regex=None, paths=None, packages_up_to=None, packages_up_to_regex=None, packages_above=None, packages_above_and_dependencies=None, packages_above_depth=None, packages_select_by_dep=None, packages_skip_by_dep=None, packages_skip_up_to=None, packages_select_build_failed=False, packages_skip_build_finished=False, packages_select_test_failures=False, packages_skip_test_passed=False, packages_select=['dataglove_msgs', 'dataglove'], packages_skip=None, packages_select_regex=None, packages_skip_regex=None, packages_start=None, packages_end=None, allow_overriding=[], cmake_args=None, cmake_target=None, cmake_target_skip_unavailable=False, cmake_clean_cache=False, cmake_clean_first=False, cmake_force_configure=False, ament_cmake_args=None, catkin_cmake_args=None, catkin_skip_building_tests=False, mixin_files=None, mixin=None, verb_parser=<colcon_mixin.mixin.mixin_argument.MixinArgumentDecorator object at 0x70558cd84230>, verb_extension=<colcon_core.verb.build.BuildVerb object at 0x70558cd677a0>, main=<bound method BuildVerb.main of <colcon_core.verb.build.BuildVerb object at 0x70558cd677a0>>, mixin_verb=('build',))
[0.222s] Level 1:colcon.colcon_core.package_discovery:discover_packages(colcon_meta) check parameters
[0.222s] Level 1:colcon.colcon_core.package_discovery:discover_packages(recursive) check parameters
[0.222s] Level 1:colcon.colcon_core.package_discovery:discover_packages(ignore) check parameters
[0.222s] Level 1:colcon.colcon_core.package_discovery:discover_packages(path) check parameters
[0.222s] Level 1:colcon.colcon_core.package_discovery:discover_packages(colcon_meta) discover
[0.222s] Level 1:colcon.colcon_core.package_discovery:discover_packages(recursive) discover
[0.222s] INFO:colcon.colcon_core.package_discovery:Crawling recursively for packages in '/home/feld/ros2_ws/src'
[0.222s] Level 1:colcon.colcon_core.package_identification:_identify(.) by extensions ['ignore', 'ignore_ament_install']
[0.223s] Level 1:colcon.colcon_core.package_identification:_identify(.) by extension 'ignore'
[0.223s] Level 1:colcon.colcon_core.package_identification:_identify(.) by extension 'ignore_ament_install'
[0.223s] Level 1:colcon.colcon_core.package_identification:_identify(.) by extensions ['colcon_pkg']
[0.223s] Level 1:colcon.colcon_core.package_identification:_identify(.) by extension 'colcon_pkg'
[0.223s] Level 1:colcon.colcon_core.package_identification:_identify(.) by extensions ['colcon_meta']
[0.223s] Level 1:colcon.colcon_core.package_identification:_identify(.) by extension 'colcon_meta'
[0.223s] Level 1:colcon.colcon_core.package_identification:_identify(.) by extensions ['ros']
[0.223s] Level 1:colcon.colcon_core.package_identification:_identify(.) by extension 'ros'
[0.262s] Level 1:colcon.colcon_core.package_identification:_identify(.) by extensions ['cmake', 'python']
[0.262s] Level 1:colcon.colcon_core.package_identification:_identify(.) by extension 'cmake'
[0.262s] Level 1:colcon.colcon_core.package_identification:_identify(.) by extension 'python'
[0.262s] Level 1:colcon.colcon_core.package_identification:_identify(.) by extensions ['python_setup_py']
[0.262s] Level 1:colcon.colcon_core.package_identification:_identify(.) by extension 'python_setup_py'
[0.262s] Level 1:colcon.colcon_core.package_identification:_identify(build) by extensions ['ignore', 'ignore_ament_install']
[0.263s] Level 1:colcon.colcon_core.package_identification:_identify(build) by extension 'ignore'
[0.263s] Level 1:colcon.colcon_core.package_identification:_identify(build) ignored
[0.263s] Level 1:colcon.colcon_core.package_identification:_identify(dataglove) by extensions ['ignore', 'ignore_ament_install']
[0.263s] Level 1:colcon.colcon_core.package_identification:_identify(dataglove) by extension 'ignore'
[0.263s] Level 1:colcon.colcon_core.package_identification:_identify(dataglove) by extension 'ignore_ament_install'
[0.263s] Level 1:colcon.colcon_core.package_identification:_identify(dataglove) by extensions ['colcon_pkg']
[0.263s] Level 1:colcon.colcon_core.package_identification:_identify(dataglove) by extension 'colcon_pkg'
[0.263s] Level 1:colcon.colcon_core.package_identification:_identify(dataglove) by extensions ['colcon_meta']
[0.263s] Level 1:colcon.colcon_core.package_identification:_identify(dataglove) by extension 'colcon_meta'
[0.263s] Level 1:colcon.colcon_core.package_identification:_identify(dataglove) by extensions ['ros']
[0.263s] Level 1:colcon.colcon_core.package_identification:_identify(dataglove) by extension 'ros'
[0.267s] DEBUG:colcon.colcon_core.package_identification:Package 'dataglove' with type 'ros.ament_python' and name 'dataglove'
[0.267s] Level 1:colcon.colcon_core.package_identification:_identify(dataglove_msgs) by extensions ['ignore', 'ignore_ament_install']
[0.267s] Level 1:colcon.colcon_core.package_identification:_identify(dataglove_msgs) by extension 'ignore'
[0.267s] Level 1:colcon.colcon_core.package_identification:_identify(dataglove_msgs) by extension 'ignore_ament_install'
[0.267s] Level 1:colcon.colcon_core.package_identification:_identify(dataglove_msgs) by extensions ['colcon_pkg']
[0.267s] Level 1:colcon.colcon_core.package_identification:_identify(dataglove_msgs) by extension 'colcon_pkg'
[0.268s] Level 1:colcon.colcon_core.package_identification:_identify(dataglove_msgs) by extensions ['colcon_meta']
[0.268s] Level 1:colcon.colcon_core.package_identification:_identify(dataglove_msgs) by extension 'colcon_meta'
[0.268s] Level 1:colcon.colcon_core.package_identification:_identify(dataglove_msgs) by extensions ['ros']
[0.268s] Level 1:colcon.colcon_core.package_identification:_identify(dataglove_msgs) by extension 'ros'
[0.268s] DEBUG:colcon.colcon_core.package_identification:Package 'dataglove_msgs' with type 'ros.ament_cmake' and name 'dataglove_msgs'
[0.269s] Level 1:colcon.colcon_core.package_identification:_identify(install) by extensions ['ignore', 'ignore_ament_install']
[0.269s] Level 1:colcon.colcon_core.package_identification:_identify(install) by extension 'ignore'
[0.269s] Level 1:colcon.colcon_core.package_identification:_identify(install) ignored
[0.269s] Level 1:colcon.colcon_core.package_identification:_identify(log) by extensions ['ignore', 'ignore_ament_install']
[0.269s] Level 1:colcon.colcon_core.package_identification:_identify(log) by extension 'ignore'
[0.269s] Level 1:colcon.colcon_core.package_identification:_identify(log) ignored
[0.269s] Level 1:colcon.colcon_core.package_identification:_identify(py_pubsub) by extensions ['ignore', 'ignore_ament_install']
[0.269s] Level 1:colcon.colcon_core.package_identification:_identify(py_pubsub) by extension 'ignore'
[0.269s] Level 1:colcon.colcon_core.package_identification:_identify(py_pubsub) by extension 'ignore_ament_install'
[0.270s] Level 1:colcon.colcon_core.package_identification:_identify(py_pubsub) by extensions ['colcon_pkg']
[0.270s] Level 1:colcon.colcon_core.package_identification:_identify(py_pubsub) by extension 'colcon_pkg'
[0.270s] Level 1:colcon.colcon_core.package_identification:_identify(py_pubsub) by extensions ['colcon_meta']
[0.270s] Level 1:colcon.colcon_core.package_identification:_identify(py_pubsub) by extension 'colcon_meta'
[0.270s] Level 1:colcon.colcon_core.package_identification:_identify(py_pubsub) by extensions ['ros']
[0.270s] Level 1:colcon.colcon_core.package_identification:_identify(py_pubsub) by extension 'ros'
[0.270s] DEBUG:colcon.colcon_core.package_identification:Package 'py_pubsub' with type 'ros.ament_python' and name 'py_pubsub'
[0.270s] Level 1:colcon.colcon_core.package_discovery:discover_packages(recursive) using defaults
[0.271s] Level 1:colcon.colcon_core.package_discovery:discover_packages(ignore) discover
[0.271s] Level 1:colcon.colcon_core.package_discovery:discover_packages(ignore) using defaults
[0.271s] Level 1:colcon.colcon_core.package_discovery:discover_packages(path) discover
[0.271s] Level 1:colcon.colcon_core.package_discovery:discover_packages(path) using defaults
[0.297s] INFO:colcon.colcon_core.package_selection:Skipping not selected package 'py_pubsub' in 'py_pubsub'
[0.297s] Level 1:colcon.colcon_core.package_discovery:discover_packages(prefix_path) check parameters
[0.297s] Level 1:colcon.colcon_core.package_discovery:discover_packages(prefix_path) discover
[0.300s] DEBUG:colcon.colcon_installed_package_information.package_discovery:Found 2 installed packages in /home/feld/ros2_ws/src/install
[0.300s] DEBUG:colcon.colcon_installed_package_information.package_discovery:Found 4 installed packages in /home/feld/ros2_ws/install
[0.302s] DEBUG:colcon.colcon_installed_package_information.package_discovery:Found 285 installed packages in /opt/ros/jazzy
[0.303s] Level 1:colcon.colcon_core.package_discovery:discover_packages(prefix_path) using defaults
[0.371s] Level 5:colcon.colcon_core.verb:set package 'dataglove_msgs' build argument 'cmake_args' from command line to 'None'
[0.371s] Level 5:colcon.colcon_core.verb:set package 'dataglove_msgs' build argument 'cmake_target' from command line to 'None'
[0.371s] Level 5:colcon.colcon_core.verb:set package 'dataglove_msgs' build argument 'cmake_target_skip_unavailable' from command line to 'False'
[0.371s] Level 5:colcon.colcon_core.verb:set package 'dataglove_msgs' build argument 'cmake_clean_cache' from command line to 'False'
[0.371s] Level 5:colcon.colcon_core.verb:set package 'dataglove_msgs' build argument 'cmake_clean_first' from command line to 'False'
[0.371s] Level 5:colcon.colcon_core.verb:set package 'dataglove_msgs' build argument 'cmake_force_configure' from command line to 'False'
[0.371s] Level 5:colcon.colcon_core.verb:set package 'dataglove_msgs' build argument 'ament_cmake_args' from command line to 'None'
[0.371s] Level 5:colcon.colcon_core.verb:set package 'dataglove_msgs' build argument 'catkin_cmake_args' from command line to 'None'
[0.371s] Level 5:colcon.colcon_core.verb:set package 'dataglove_msgs' build argument 'catkin_skip_building_tests' from command line to 'False'
[0.371s] DEBUG:colcon.colcon_core.verb:Building package 'dataglove_msgs' with the following arguments: {'ament_cmake_args': None, 'build_base': '/home/feld/ros2_ws/src/build/dataglove_msgs', 'catkin_cmake_args': None, 'catkin_skip_building_tests': False, 'cmake_args': None, 'cmake_clean_cache': False, 'cmake_clean_first': False, 'cmake_force_configure': False, 'cmake_target': None, 'cmake_target_skip_unavailable': False, 'install_base': '/home/feld/ros2_ws/src/install/dataglove_msgs', 'merge_install': False, 'path': '/home/feld/ros2_ws/src/dataglove_msgs', 'symlink_install': False, 'test_result_base': None}
[0.371s] Level 5:colcon.colcon_core.verb:set package 'dataglove' build argument 'cmake_args' from command line to 'None'
[0.371s] Level 5:colcon.colcon_core.verb:set package 'dataglove' build argument 'cmake_target' from command line to 'None'
[0.372s] Level 5:colcon.colcon_core.verb:set package 'dataglove' build argument 'cmake_target_skip_unavailable' from command line to 'False'
[0.372s] Level 5:colcon.colcon_core.verb:set package 'dataglove' build argument 'cmake_clean_cache' from command line to 'False'
[0.372s] Level 5:colcon.colcon_core.verb:set package 'dataglove' build argument 'cmake_clean_first' from command line to 'False'
[0.372s] Level 5:colcon.colcon_core.verb:set package 'dataglove' build argument 'cmake_force_configure' from command line to 'False'
[0.372s] Level 5:colcon.colcon_core.verb:set package 'dataglove' build argument 'ament_cmake_args' from command line to 'None'
[0.372s] Level 5:colcon.colcon_core.verb:set package 'dataglove' build argument 'catkin_cmake_args' from command line to 'None'
[0.372s] Level 5:colcon.colcon_core.verb:set package 'dataglove' build argument 'catkin_skip_building_tests' from command line to 'False'
[0.372s] DEBUG:colcon.colcon_core.verb:Building package 'dataglove' with the following arguments: {'ament_cmake_args': None, 'build_base': '/home/feld/ros2_ws/src/build/dataglove', 'catkin_cmake_args': None, 'catkin_skip_building_tests': False, 'cmake_args': None, 'cmake_clean_cache': False, 'cmake_clean_first': False, 'cmake_force_configure': False, 'cmake_target': None, 'cmake_target_skip_unavailable': False, 'install_base': '/home/feld/ros2_ws/src/install/dataglove', 'merge_install': False, 'path': '/home/feld/ros2_ws/src/dataglove', 'symlink_install': False, 'test_result_base': None}
[0.372s] INFO:colcon.colcon_core.executor:Executing jobs using 'parallel' executor
[0.373s] DEBUG:colcon.colcon_parallel_executor.executor.parallel:run_until_complete
[0.373s] INFO:colcon.colcon_ros.task.ament_cmake.build:Building ROS package in '/home/feld/ros2_ws/src/dataglove_msgs' with build type 'ament_cmake'
[0.373s] INFO:colcon.colcon_cmake.task.cmake.build:Building CMake package in '/home/feld/ros2_ws/src/dataglove_msgs'
[0.376s] INFO:colcon.colcon_core.plugin_system:Skipping extension 'colcon_core.shell.bat': Not used on non-Windows systems
[0.376s] INFO:colcon.colcon_core.shell:Skip shell extension 'powershell' for command environment: Not usable outside of PowerShell
[0.377s] DEBUG:colcon.colcon_core.shell:Skip shell extension 'dsv' for command environment
[0.389s] DEBUG:colcon.colcon_core.event_handler.log_command:Invoking command in '/home/feld/ros2_ws/src/build/dataglove_msgs': CMAKE_PREFIX_PATH=${CMAKE_PREFIX_PATH}:/home/feld/ros2_ws/src/install/dataglove:/home/feld/ros2_ws/install/py_pubsub:/home/feld/ros2_ws/install/dataglove:/opt/ros/jazzy DEBUGINFOD_URLS=https://debuginfod.ubuntu.com /usr/bin/cmake --build /home/feld/ros2_ws/src/build/dataglove_msgs -- -j8 -l8
[1.256s] DEBUG:colcon.colcon_core.event_handler.log_command:Invoked command in '/home/feld/ros2_ws/src/build/dataglove_msgs' returned '0': CMAKE_PREFIX_PATH=${CMAKE_PREFIX_PATH}:/home/feld/ros2_ws/src/install/dataglove:/home/feld/ros2_ws/install/py_pubsub:/home/feld/ros2_ws/install/dataglove:/opt/ros/jazzy DEBUGINFOD_URLS=https://debuginfod.ubuntu.com /usr/bin/cmake --build /home/feld/ros2_ws/src/build/dataglove_msgs -- -j8 -l8
[1.269s] DEBUG:colcon.colcon_core.event_handler.log_command:Invoking command in '/home/feld/ros2_ws/src/build/dataglove_msgs': CMAKE_PREFIX_PATH=${CMAKE_PREFIX_PATH}:/home/feld/ros2_ws/src/install/dataglove:/home/feld/ros2_ws/install/py_pubsub:/home/feld/ros2_ws/install/dataglove:/opt/ros/jazzy DEBUGINFOD_URLS=https://debuginfod.ubuntu.com /usr/bin/cmake --install /home/feld/ros2_ws/src/build/dataglove_msgs
[1.360s] Level 1:colcon.colcon_core.environment:create_environment_scripts_only(dataglove_msgs)
[1.360s] DEBUG:colcon.colcon_core.event_handler.log_command:Invoked command in '/home/feld/ros2_ws/src/build/dataglove_msgs' returned '0': CMAKE_PREFIX_PATH=${CMAKE_PREFIX_PATH}:/home/feld/ros2_ws/src/install/dataglove:/home/feld/ros2_ws/install/py_pubsub:/home/feld/ros2_ws/install/dataglove:/opt/ros/jazzy DEBUGINFOD_URLS=https://debuginfod.ubuntu.com /usr/bin/cmake --install /home/feld/ros2_ws/src/build/dataglove_msgs
[1.365s] Level 1:colcon.colcon_core.environment:checking '/home/feld/ros2_ws/src/install/dataglove_msgs' for CMake module files
[1.366s] Level 1:colcon.colcon_core.environment:checking '/home/feld/ros2_ws/src/install/dataglove_msgs' for CMake config files
[1.367s] Level 1:colcon.colcon_core.shell:create_environment_hook('dataglove_msgs', 'cmake_prefix_path')
[1.367s] INFO:colcon.colcon_core.shell:Creating environment hook '/home/feld/ros2_ws/src/install/dataglove_msgs/share/dataglove_msgs/hook/cmake_prefix_path.ps1'
[1.368s] INFO:colcon.colcon_core.shell:Creating environment descriptor '/home/feld/ros2_ws/src/install/dataglove_msgs/share/dataglove_msgs/hook/cmake_prefix_path.dsv'
[1.369s] INFO:colcon.colcon_core.shell:Creating environment hook '/home/feld/ros2_ws/src/install/dataglove_msgs/share/dataglove_msgs/hook/cmake_prefix_path.sh'
[1.371s] Level 1:colcon.colcon_core.environment:checking '/home/feld/ros2_ws/src/install/dataglove_msgs/lib'
[1.371s] Level 1:colcon.colcon_core.shell:create_environment_hook('dataglove_msgs', 'ld_library_path_lib')
[1.371s] INFO:colcon.colcon_core.shell:Creating environment hook '/home/feld/ros2_ws/src/install/dataglove_msgs/share/dataglove_msgs/hook/ld_library_path_lib.ps1'
[1.372s] INFO:colcon.colcon_core.shell:Creating environment descriptor '/home/feld/ros2_ws/src/install/dataglove_msgs/share/dataglove_msgs/hook/ld_library_path_lib.dsv'
[1.373s] INFO:colcon.colcon_core.shell:Creating environment hook '/home/feld/ros2_ws/src/install/dataglove_msgs/share/dataglove_msgs/hook/ld_library_path_lib.sh'
[1.373s] Level 1:colcon.colcon_core.environment:checking '/home/feld/ros2_ws/src/install/dataglove_msgs/bin'
[1.373s] Level 1:colcon.colcon_core.environment:checking '/home/feld/ros2_ws/src/install/dataglove_msgs/lib/pkgconfig/dataglove_msgs.pc'
[1.374s] Level 1:colcon.colcon_core.environment:checking '/home/feld/ros2_ws/src/install/dataglove_msgs/lib/python3.12/site-packages'
[1.374s] Level 1:colcon.colcon_core.shell:create_environment_hook('dataglove_msgs', 'pythonpath')
[1.375s] INFO:colcon.colcon_core.shell:Creating environment hook '/home/feld/ros2_ws/src/install/dataglove_msgs/share/dataglove_msgs/hook/pythonpath.ps1'
[1.375s] INFO:colcon.colcon_core.shell:Creating environment descriptor '/home/feld/ros2_ws/src/install/dataglove_msgs/share/dataglove_msgs/hook/pythonpath.dsv'
[1.376s] INFO:colcon.colcon_core.shell:Creating environment hook '/home/feld/ros2_ws/src/install/dataglove_msgs/share/dataglove_msgs/hook/pythonpath.sh'
[1.377s] Level 1:colcon.colcon_core.environment:checking '/home/feld/ros2_ws/src/install/dataglove_msgs/bin'
[1.378s] INFO:colcon.colcon_core.shell:Creating package script '/home/feld/ros2_ws/src/install/dataglove_msgs/share/dataglove_msgs/package.ps1'
[1.380s] INFO:colcon.colcon_core.shell:Creating package descriptor '/home/feld/ros2_ws/src/install/dataglove_msgs/share/dataglove_msgs/package.dsv'
[1.381s] INFO:colcon.colcon_core.shell:Creating package script '/home/feld/ros2_ws/src/install/dataglove_msgs/share/dataglove_msgs/package.sh'
[1.382s] INFO:colcon.colcon_core.shell:Creating package script '/home/feld/ros2_ws/src/install/dataglove_msgs/share/dataglove_msgs/package.bash'
[1.384s] INFO:colcon.colcon_core.shell:Creating package script '/home/feld/ros2_ws/src/install/dataglove_msgs/share/dataglove_msgs/package.zsh'
[1.385s] Level 1:colcon.colcon_core.environment:create_file_with_runtime_dependencies(/home/feld/ros2_ws/src/install/dataglove_msgs/share/colcon-core/packages/dataglove_msgs)
[1.387s] Level 1:colcon.colcon_core.environment:create_environment_scripts_only(dataglove_msgs)
[1.387s] Level 1:colcon.colcon_core.environment:checking '/home/feld/ros2_ws/src/install/dataglove_msgs' for CMake module files
[1.388s] Level 1:colcon.colcon_core.environment:checking '/home/feld/ros2_ws/src/install/dataglove_msgs' for CMake config files
[1.388s] Level 1:colcon.colcon_core.shell:create_environment_hook('dataglove_msgs', 'cmake_prefix_path')
[1.388s] INFO:colcon.colcon_core.shell:Creating environment hook '/home/feld/ros2_ws/src/install/dataglove_msgs/share/dataglove_msgs/hook/cmake_prefix_path.ps1'
[1.389s] INFO:colcon.colcon_core.shell:Creating environment descriptor '/home/feld/ros2_ws/src/install/dataglove_msgs/share/dataglove_msgs/hook/cmake_prefix_path.dsv'
[1.389s] INFO:colcon.colcon_core.shell:Creating environment hook '/home/feld/ros2_ws/src/install/dataglove_msgs/share/dataglove_msgs/hook/cmake_prefix_path.sh'
[1.390s] Level 1:colcon.colcon_core.environment:checking '/home/feld/ros2_ws/src/install/dataglove_msgs/lib'
[1.390s] Level 1:colcon.colcon_core.shell:create_environment_hook('dataglove_msgs', 'ld_library_path_lib')
[1.391s] INFO:colcon.colcon_core.shell:Creating environment hook '/home/feld/ros2_ws/src/install/dataglove_msgs/share/dataglove_msgs/hook/ld_library_path_lib.ps1'
[1.391s] INFO:colcon.colcon_core.shell:Creating environment descriptor '/home/feld/ros2_ws/src/install/dataglove_msgs/share/dataglove_msgs/hook/ld_library_path_lib.dsv'
[1.392s] INFO:colcon.colcon_core.shell:Creating environment hook '/home/feld/ros2_ws/src/install/dataglove_msgs/share/dataglove_msgs/hook/ld_library_path_lib.sh'
[1.392s] Level 1:colcon.colcon_core.environment:checking '/home/feld/ros2_ws/src/install/dataglove_msgs/bin'
[1.392s] Level 1:colcon.colcon_core.environment:checking '/home/feld/ros2_ws/src/install/dataglove_msgs/lib/pkgconfig/dataglove_msgs.pc'
[1.393s] Level 1:colcon.colcon_core.environment:checking '/home/feld/ros2_ws/src/install/dataglove_msgs/lib/python3.12/site-packages'
[1.393s] Level 1:colcon.colcon_core.shell:create_environment_hook('dataglove_msgs', 'pythonpath')
[1.393s] INFO:colcon.colcon_core.shell:Creating environment hook '/home/feld/ros2_ws/src/install/dataglove_msgs/share/dataglove_msgs/hook/pythonpath.ps1'
[1.393s] INFO:colcon.colcon_core.shell:Creating environment descriptor '/home/feld/ros2_ws/src/install/dataglove_msgs/share/dataglove_msgs/hook/pythonpath.dsv'
[1.394s] INFO:colcon.colcon_core.shell:Creating environment hook '/home/feld/ros2_ws/src/install/dataglove_msgs/share/dataglove_msgs/hook/pythonpath.sh'
[1.395s] Level 1:colcon.colcon_core.environment:checking '/home/feld/ros2_ws/src/install/dataglove_msgs/bin'
[1.395s] INFO:colcon.colcon_core.shell:Creating package script '/home/feld/ros2_ws/src/install/dataglove_msgs/share/dataglove_msgs/package.ps1'
[1.396s] INFO:colcon.colcon_core.shell:Creating package descriptor '/home/feld/ros2_ws/src/install/dataglove_msgs/share/dataglove_msgs/package.dsv'
[1.397s] INFO:colcon.colcon_core.shell:Creating package script '/home/feld/ros2_ws/src/install/dataglove_msgs/share/dataglove_msgs/package.sh'
[1.397s] INFO:colcon.colcon_core.shell:Creating package script '/home/feld/ros2_ws/src/install/dataglove_msgs/share/dataglove_msgs/package.bash'
[1.398s] INFO:colcon.colcon_core.shell:Creating package script '/home/feld/ros2_ws/src/install/dataglove_msgs/share/dataglove_msgs/package.zsh'
[1.398s] Level 1:colcon.colcon_core.environment:create_file_with_runtime_dependencies(/home/feld/ros2_ws/src/install/dataglove_msgs/share/colcon-core/packages/dataglove_msgs)
[1.399s] INFO:colcon.colcon_ros.task.ament_python.build:Building ROS package in '/home/feld/ros2_ws/src/dataglove' with build type 'ament_python'
[1.399s] Level 1:colcon.colcon_core.shell:create_environment_hook('dataglove', 'ament_prefix_path')
[1.399s] INFO:colcon.colcon_core.shell:Creating environment hook '/home/feld/ros2_ws/src/install/dataglove/share/dataglove/hook/ament_prefix_path.ps1'
[1.400s] INFO:colcon.colcon_core.shell:Creating environment descriptor '/home/feld/ros2_ws/src/install/dataglove/share/dataglove/hook/ament_prefix_path.dsv'
[1.400s] INFO:colcon.colcon_core.shell:Creating environment hook '/home/feld/ros2_ws/src/install/dataglove/share/dataglove/hook/ament_prefix_path.sh'
[1.401s] INFO:colcon.colcon_core.shell:Skip shell extension 'powershell' for command environment: Not usable outside of PowerShell
[1.401s] DEBUG:colcon.colcon_core.shell:Skip shell extension 'dsv' for command environment
[1.751s] INFO:colcon.colcon_core.task.python.build:Building Python package in '/home/feld/ros2_ws/src/dataglove'
[1.752s] INFO:colcon.colcon_core.shell:Skip shell extension 'powershell' for command environment: Not usable outside of PowerShell
[1.752s] DEBUG:colcon.colcon_core.shell:Skip shell extension 'dsv' for command environment
[2.731s] DEBUG:colcon.colcon_core.event_handler.log_command:Invoking command in '/home/feld/ros2_ws/src/dataglove': DEBUGINFOD_URLS=https://debuginfod.ubuntu.com PYTHONPATH=/home/feld/ros2_ws/src/build/dataglove/prefix_override:/usr/lib/python3/dist-packages/colcon_core/task/python/colcon_distutils_commands:/home/feld/ros2_ws/src/install/dataglove/lib/python3.12/site-packages:/home/feld/ros2_ws/src/install/dataglove_msgs/lib/python3.12/site-packages:/home/feld/ros2_ws/src/install/dataglove/lib/python3.12/site-packages:/home/feld/ros2_ws/install/dataglove_msgs/lib/python3.12/site-packages:/home/feld/ros2_ws/install/tutorial_interfaces/lib/python3.12/site-packages:/home/feld/ros2_ws/install/py_pubsub/lib/python3.12/site-packages:/home/feld/ros2_ws/install/dataglove/lib/python3.12/site-packages:/opt/ros/jazzy/lib/python3.12/site-packages /usr/bin/python3 -W ignore:setup.py install is deprecated -W ignore:easy_install command is deprecated setup.py egg_info --egg-base ../build/dataglove build --build-base /home/feld/ros2_ws/src/build/dataglove/build install --record /home/feld/ros2_ws/src/build/dataglove/install.log --single-version-externally-managed install_data
[3.665s] Level 1:colcon.colcon_core.environment:checking '/home/feld/ros2_ws/src/install/dataglove' for CMake module files
[3.666s] DEBUG:colcon.colcon_core.event_handler.log_command:Invoked command in '/home/feld/ros2_ws/src/dataglove' returned '0': DEBUGINFOD_URLS=https://debuginfod.ubuntu.com PYTHONPATH=/home/feld/ros2_ws/src/build/dataglove/prefix_override:/usr/lib/python3/dist-packages/colcon_core/task/python/colcon_distutils_commands:/home/feld/ros2_ws/src/install/dataglove/lib/python3.12/site-packages:/home/feld/ros2_ws/src/install/dataglove_msgs/lib/python3.12/site-packages:/home/feld/ros2_ws/src/install/dataglove/lib/python3.12/site-packages:/home/feld/ros2_ws/install/dataglove_msgs/lib/python3.12/site-packages:/home/feld/ros2_ws/install/tutorial_interfaces/lib/python3.12/site-packages:/home/feld/ros2_ws/install/py_pubsub/lib/python3.12/site-packages:/home/feld/ros2_ws/install/dataglove/lib/python3.12/site-packages:/opt/ros/jazzy/lib/python3.12/site-packages /usr/bin/python3 -W ignore:setup.py install is deprecated -W ignore:easy_install command is deprecated setup.py egg_info --egg-base ../build/dataglove build --build-base /home/feld/ros2_ws/src/build/dataglove/build install --record /home/feld/ros2_ws/src/build/dataglove/install.log --single-version-externally-managed install_data
[3.667s] Level 1:colcon.colcon_core.environment:checking '/home/feld/ros2_ws/src/install/dataglove' for CMake config files
[3.668s] Level 1:colcon.colcon_core.environment:checking '/home/feld/ros2_ws/src/install/dataglove/lib'
[3.668s] Level 1:colcon.colcon_core.environment:checking '/home/feld/ros2_ws/src/install/dataglove/bin'
[3.668s] Level 1:colcon.colcon_core.environment:checking '/home/feld/ros2_ws/src/install/dataglove/lib/pkgconfig/dataglove.pc'
[3.668s] Level 1:colcon.colcon_core.environment:checking '/home/feld/ros2_ws/src/install/dataglove/lib/python3.12/site-packages'
[3.669s] Level 1:colcon.colcon_core.shell:create_environment_hook('dataglove', 'pythonpath')
[3.669s] INFO:colcon.colcon_core.shell:Creating environment hook '/home/feld/ros2_ws/src/install/dataglove/share/dataglove/hook/pythonpath.ps1'
[3.670s] INFO:colcon.colcon_core.shell:Creating environment descriptor '/home/feld/ros2_ws/src/install/dataglove/share/dataglove/hook/pythonpath.dsv'
[3.670s] INFO:colcon.colcon_core.shell:Creating environment hook '/home/feld/ros2_ws/src/install/dataglove/share/dataglove/hook/pythonpath.sh'
[3.671s] Level 1:colcon.colcon_core.environment:checking '/home/feld/ros2_ws/src/install/dataglove/bin'
[3.671s] Level 1:colcon.colcon_core.environment:create_environment_scripts_only(dataglove)
[3.672s] INFO:colcon.colcon_core.shell:Creating package script '/home/feld/ros2_ws/src/install/dataglove/share/dataglove/package.ps1'
[3.672s] INFO:colcon.colcon_core.shell:Creating package descriptor '/home/feld/ros2_ws/src/install/dataglove/share/dataglove/package.dsv'
[3.673s] INFO:colcon.colcon_core.shell:Creating package script '/home/feld/ros2_ws/src/install/dataglove/share/dataglove/package.sh'
[3.674s] INFO:colcon.colcon_core.shell:Creating package script '/home/feld/ros2_ws/src/install/dataglove/share/dataglove/package.bash'
[3.674s] INFO:colcon.colcon_core.shell:Creating package script '/home/feld/ros2_ws/src/install/dataglove/share/dataglove/package.zsh'
[3.675s] Level 1:colcon.colcon_core.environment:create_file_with_runtime_dependencies(/home/feld/ros2_ws/src/install/dataglove/share/colcon-core/packages/dataglove)
[3.675s] DEBUG:colcon.colcon_parallel_executor.executor.parallel:closing loop
[3.676s] DEBUG:colcon.colcon_parallel_executor.executor.parallel:loop closed
[3.676s] DEBUG:colcon.colcon_parallel_executor.executor.parallel:run_until_complete finished with '0'
[3.676s] DEBUG:colcon.colcon_core.event_reactor:joining thread
[3.686s] INFO:colcon.colcon_core.plugin_system:Skipping extension 'colcon_notification.desktop_notification.terminal_notifier': Not used on non-Darwin systems
[3.686s] INFO:colcon.colcon_core.plugin_system:Skipping extension 'colcon_notification.desktop_notification.win32': Not used on non-Windows systems
[3.686s] INFO:colcon.colcon_notification.desktop_notification:Sending desktop notification using 'notify2'
[3.710s] DEBUG:colcon.colcon_core.event_reactor:joined thread
[3.711s] INFO:colcon.colcon_core.shell:Creating prefix script '/home/feld/ros2_ws/src/install/local_setup.ps1'
[3.712s] INFO:colcon.colcon_core.shell:Creating prefix util module '/home/feld/ros2_ws/src/install/_local_setup_util_ps1.py'
[3.714s] INFO:colcon.colcon_core.shell:Creating prefix chain script '/home/feld/ros2_ws/src/install/setup.ps1'
[3.717s] INFO:colcon.colcon_core.shell:Creating prefix script '/home/feld/ros2_ws/src/install/local_setup.sh'
[3.718s] INFO:colcon.colcon_core.shell:Creating prefix util module '/home/feld/ros2_ws/src/install/_local_setup_util_sh.py'
[3.719s] INFO:colcon.colcon_core.shell:Creating prefix chain script '/home/feld/ros2_ws/src/install/setup.sh'
[3.722s] INFO:colcon.colcon_core.shell:Creating prefix script '/home/feld/ros2_ws/src/install/local_setup.bash'
[3.722s] INFO:colcon.colcon_core.shell:Creating prefix chain script '/home/feld/ros2_ws/src/install/setup.bash'
[3.724s] INFO:colcon.colcon_core.shell:Creating prefix script '/home/feld/ros2_ws/src/install/local_setup.zsh'
[3.725s] INFO:colcon.colcon_core.shell:Creating prefix chain script '/home/feld/ros2_ws/src/install/setup.zsh'
