[1.378s] Invoking command in '/home/feld/ros2_ws/src/py_pubsub': DEBUGINFOD_URLS=https://debuginfod.ubuntu.com PYTHONPATH=/home/feld/ros2_ws/build/py_pubsub/prefix_override:/usr/lib/python3/dist-packages/colcon_core/task/python/colcon_distutils_commands:/home/feld/ros2_ws/install/py_pubsub/lib/python3.12/site-packages:${PYTHONPATH} /usr/bin/python3 -W ignore:setup.py install is deprecated -W ignore:easy_install command is deprecated setup.py egg_info --egg-base ../../build/py_pubsub build --build-base /home/feld/ros2_ws/build/py_pubsub/build install --record /home/feld/ros2_ws/build/py_pubsub/install.log --single-version-externally-managed install_data
[1.836s] running egg_info
[1.836s] creating ../../build/py_pubsub/py_pubsub.egg-info
[1.870s] writing ../../build/py_pubsub/py_pubsub.egg-info/PKG-INFO
[1.870s] writing dependency_links to ../../build/py_pubsub/py_pubsub.egg-info/dependency_links.txt
[1.871s] writing entry points to ../../build/py_pubsub/py_pubsub.egg-info/entry_points.txt
[1.871s] writing requirements to ../../build/py_pubsub/py_pubsub.egg-info/requires.txt
[1.871s] writing top-level names to ../../build/py_pubsub/py_pubsub.egg-info/top_level.txt
[1.871s] writing manifest file '../../build/py_pubsub/py_pubsub.egg-info/SOURCES.txt'
[1.941s] reading manifest file '../../build/py_pubsub/py_pubsub.egg-info/SOURCES.txt'
[1.942s] adding license file 'LICENSE'
[1.942s] writing manifest file '../../build/py_pubsub/py_pubsub.egg-info/SOURCES.txt'
[1.943s] running build
[1.943s] running build_py
[1.943s] creating /home/feld/ros2_ws/build/py_pubsub/build
[1.943s] creating /home/feld/ros2_ws/build/py_pubsub/build/lib
[1.943s] creating /home/feld/ros2_ws/build/py_pubsub/build/lib/py_pubsub
[1.944s] copying py_pubsub/__init__.py -> /home/feld/ros2_ws/build/py_pubsub/build/lib/py_pubsub
[1.944s] copying py_pubsub/publisher_member_function.py -> /home/feld/ros2_ws/build/py_pubsub/build/lib/py_pubsub
[1.944s] copying py_pubsub/subscriber_member_function.py -> /home/feld/ros2_ws/build/py_pubsub/build/lib/py_pubsub
[1.944s] running install
[1.954s] running install_lib
[1.989s] creating /home/feld/ros2_ws/install/py_pubsub/lib/python3.12/site-packages/py_pubsub
[1.990s] copying /home/feld/ros2_ws/build/py_pubsub/build/lib/py_pubsub/__init__.py -> /home/feld/ros2_ws/install/py_pubsub/lib/python3.12/site-packages/py_pubsub
[1.990s] copying /home/feld/ros2_ws/build/py_pubsub/build/lib/py_pubsub/publisher_member_function.py -> /home/feld/ros2_ws/install/py_pubsub/lib/python3.12/site-packages/py_pubsub
[1.990s] copying /home/feld/ros2_ws/build/py_pubsub/build/lib/py_pubsub/subscriber_member_function.py -> /home/feld/ros2_ws/install/py_pubsub/lib/python3.12/site-packages/py_pubsub
[1.990s] byte-compiling /home/feld/ros2_ws/install/py_pubsub/lib/python3.12/site-packages/py_pubsub/__init__.py to __init__.cpython-312.pyc
[1.991s] byte-compiling /home/feld/ros2_ws/install/py_pubsub/lib/python3.12/site-packages/py_pubsub/publisher_member_function.py to publisher_member_function.cpython-312.pyc
[1.991s] byte-compiling /home/feld/ros2_ws/install/py_pubsub/lib/python3.12/site-packages/py_pubsub/subscriber_member_function.py to subscriber_member_function.cpython-312.pyc
[1.992s] running install_data
[1.992s] creating /home/feld/ros2_ws/install/py_pubsub/share/ament_index
[1.993s] creating /home/feld/ros2_ws/install/py_pubsub/share/ament_index/resource_index
[1.993s] creating /home/feld/ros2_ws/install/py_pubsub/share/ament_index/resource_index/packages
[1.993s] copying resource/py_pubsub -> /home/feld/ros2_ws/install/py_pubsub/share/ament_index/resource_index/packages
[1.993s] copying package.xml -> /home/feld/ros2_ws/install/py_pubsub/share/py_pubsub
[1.993s] running install_egg_info
[2.029s] Copying ../../build/py_pubsub/py_pubsub.egg-info to /home/feld/ros2_ws/install/py_pubsub/lib/python3.12/site-packages/py_pubsub-0.0.0-py3.12.egg-info
[2.030s] running install_scripts
[2.244s] Installing listener script to /home/feld/ros2_ws/install/py_pubsub/lib/py_pubsub
[2.244s] Installing talker script to /home/feld/ros2_ws/install/py_pubsub/lib/py_pubsub
[2.244s] writing list of installed files to '/home/feld/ros2_ws/build/py_pubsub/install.log'
[2.287s] Invoked command in '/home/feld/ros2_ws/src/py_pubsub' returned '0': DEBUGINFOD_URLS=https://debuginfod.ubuntu.com PYTHONPATH=/home/feld/ros2_ws/build/py_pubsub/prefix_override:/usr/lib/python3/dist-packages/colcon_core/task/python/colcon_distutils_commands:/home/feld/ros2_ws/install/py_pubsub/lib/python3.12/site-packages:${PYTHONPATH} /usr/bin/python3 -W ignore:setup.py install is deprecated -W ignore:easy_install command is deprecated setup.py egg_info --egg-base ../../build/py_pubsub build --build-base /home/feld/ros2_ws/build/py_pubsub/build install --record /home/feld/ros2_ws/build/py_pubsub/install.log --single-version-externally-managed install_data
