[1.243s] Invoking command in '/home/feld/ros2_ws/src/dataglove': DEBUGINFOD_URLS=https://debuginfod.ubuntu.com PYTHONPATH=/home/feld/ros2_ws/build/dataglove/prefix_override:/usr/lib/python3/dist-packages/colcon_core/task/python/colcon_distutils_commands:/home/feld/ros2_ws/install/dataglove/lib/python3.12/site-packages:${PYTHONPATH} /usr/bin/python3 -W ignore:setup.py install is deprecated -W ignore:easy_install command is deprecated setup.py egg_info --egg-base ../../build/dataglove build --build-base /home/feld/ros2_ws/build/dataglove/build install --record /home/feld/ros2_ws/build/dataglove/install.log --single-version-externally-managed install_data
[1.698s] running egg_info
[1.754s] writing ../../build/dataglove/dataglove.egg-info/PKG-INFO
[1.754s] writing dependency_links to ../../build/dataglove/dataglove.egg-info/dependency_links.txt
[1.755s] writing entry points to ../../build/dataglove/dataglove.egg-info/entry_points.txt
[1.755s] writing requirements to ../../build/dataglove/dataglove.egg-info/requires.txt
[1.755s] writing top-level names to ../../build/dataglove/dataglove.egg-info/top_level.txt
[1.821s] reading manifest file '../../build/dataglove/dataglove.egg-info/SOURCES.txt'
[1.821s] adding license file 'LICENSE'
[1.822s] writing manifest file '../../build/dataglove/dataglove.egg-info/SOURCES.txt'
[1.822s] running build
[1.823s] running build_py
[1.823s] running install
[1.833s] running install_lib
[1.865s] running install_data
[1.866s] running install_egg_info
[1.900s] removing '/home/feld/ros2_ws/install/dataglove/lib/python3.12/site-packages/dataglove-0.0.0-py3.12.egg-info' (and everything under it)
[1.900s] Copying ../../build/dataglove/dataglove.egg-info to /home/feld/ros2_ws/install/dataglove/lib/python3.12/site-packages/dataglove-0.0.0-py3.12.egg-info
[1.902s] running install_scripts
[2.110s] Installing glove_reader script to /home/feld/ros2_ws/install/dataglove/lib/dataglove
[2.111s] writing list of installed files to '/home/feld/ros2_ws/build/dataglove/install.log'
[2.153s] Invoked command in '/home/feld/ros2_ws/src/dataglove' returned '0': DEBUGINFOD_URLS=https://debuginfod.ubuntu.com PYTHONPATH=/home/feld/ros2_ws/build/dataglove/prefix_override:/usr/lib/python3/dist-packages/colcon_core/task/python/colcon_distutils_commands:/home/feld/ros2_ws/install/dataglove/lib/python3.12/site-packages:${PYTHONPATH} /usr/bin/python3 -W ignore:setup.py install is deprecated -W ignore:easy_install command is deprecated setup.py egg_info --egg-base ../../build/dataglove build --build-base /home/feld/ros2_ws/build/dataglove/build install --record /home/feld/ros2_ws/build/dataglove/install.log --single-version-externally-managed install_data
