[0.014s] Invoking command in '/home/feld/ros2_ws/src/build/dataglove_msgs': CMAKE_PREFIX_PATH=${CMAKE_PREFIX_PATH}:/home/feld/ros2_ws/install/py_pubsub:/home/feld/ros2_ws/install/dataglove:/opt/ros/jazzy DEBUGINFOD_URLS=https://debuginfod.ubuntu.com /usr/bin/cmake /home/feld/ros2_ws/src/dataglove_msgs -DCMAKE_INSTALL_PREFIX=/home/feld/ros2_ws/src/install/dataglove_msgs
[0.103s] -- The C compiler identification is GNU 13.3.0
[0.249s] -- The CXX compiler identification is GNU 13.3.0
[0.291s] -- Detecting C compiler ABI info
[0.562s] -- Detecting C compiler ABI info - done
[0.600s] -- Check for working C compiler: /usr/bin/cc - skipped
[0.602s] -- Detecting C compile features
[0.603s] -- Detecting C compile features - done
[0.631s] -- Detecting CXX compiler ABI info
[0.947s] -- Detecting CXX compiler ABI info - done
[0.994s] -- Check for working CXX compiler: /usr/bin/c++ - skipped
[0.996s] -- Detecting CXX compile features
[0.998s] -- Detecting CXX compile features - done
[1.008s] -- Found ament_cmake: 2.5.4 (/opt/ros/jazzy/share/ament_cmake/cmake)
[1.309s] -- Found Python3: /usr/bin/python3 (found version "3.12.3") found components: Interpreter 
[1.468s] -- Found ament_lint_auto: 0.17.2 (/opt/ros/jazzy/share/ament_lint_auto/cmake)
[1.657s] -- Found rosidl_default_generators: 1.6.0 (/opt/ros/jazzy/share/rosidl_default_generators/cmake)
[1.666s] -- Using all available rosidl_typesupport_c: rosidl_typesupport_fastrtps_c;rosidl_typesupport_introspection_c
[1.753s] -- Using all available rosidl_typesupport_cpp: rosidl_typesupport_fastrtps_cpp;rosidl_typesupport_introspection_cpp
[1.818s] -- Found rosidl_adapter: 4.6.5 (/opt/ros/jazzy/share/rosidl_adapter/cmake)
[1.822s] -- Found std_msgs: 5.3.6 (/opt/ros/jazzy/share/std_msgs/cmake)
[2.954s] -- Found ament_cmake_ros: 0.12.0 (/opt/ros/jazzy/share/ament_cmake_ros/cmake)
[4.316s] -- Using all available rosidl_typesupport_c: rosidl_typesupport_fastrtps_c;rosidl_typesupport_introspection_c
[5.778s] -- Using all available rosidl_typesupport_cpp: rosidl_typesupport_fastrtps_cpp;rosidl_typesupport_introspection_cpp
[5.781s] -- Found python_cmake_module: 0.11.1 (/opt/ros/jazzy/share/python_cmake_module/cmake)
[6.010s] -- Found PythonExtra: /usr/bin/python3  
[6.739s] -- Found Python3: /usr/bin/python3 (found version "3.12.3") found components: Interpreter Development NumPy Development.Module Development.Embed 
[6.829s] -- Added test 'lint_cmake' to check CMake code style
[6.831s] -- Added test 'xmllint' to check XML markup files
[6.840s] -- Configuring done (6.8s)
[6.900s] -- Generating done (0.0s)
[6.922s] -- Build files have been written to: /home/feld/ros2_ws/src/build/dataglove_msgs
[6.936s] Invoked command in '/home/feld/ros2_ws/src/build/dataglove_msgs' returned '0': CMAKE_PREFIX_PATH=${CMAKE_PREFIX_PATH}:/home/feld/ros2_ws/install/py_pubsub:/home/feld/ros2_ws/install/dataglove:/opt/ros/jazzy DEBUGINFOD_URLS=https://debuginfod.ubuntu.com /usr/bin/cmake /home/feld/ros2_ws/src/dataglove_msgs -DCMAKE_INSTALL_PREFIX=/home/feld/ros2_ws/src/install/dataglove_msgs
[6.939s] Invoking command in '/home/feld/ros2_ws/src/build/dataglove_msgs': CMAKE_PREFIX_PATH=${CMAKE_PREFIX_PATH}:/home/feld/ros2_ws/install/py_pubsub:/home/feld/ros2_ws/install/dataglove:/opt/ros/jazzy DEBUGINFOD_URLS=https://debuginfod.ubuntu.com /usr/bin/cmake --build /home/feld/ros2_ws/src/build/dataglove_msgs -- -j8 -l8
[7.024s] [  2%] [34m[1mGenerating type hashes for ROS interfaces[0m
[7.045s] [  2%] Built target ament_cmake_python_copy_dataglove_msgs
[7.442s] [  2%] Built target dataglove_msgs__rosidl_generator_type_description
[7.450s] running egg_info
[7.451s] creating dataglove_msgs.egg-info
[7.457s] [  5%] [34m[1mGenerating C code for ROS interfaces[0m
[7.471s] [  8%] [34m[1mGenerating C++ code for ROS interfaces[0m
[7.489s] writing dataglove_msgs.egg-info/PKG-INFO
[7.489s] writing dependency_links to dataglove_msgs.egg-info/dependency_links.txt
[7.489s] writing top-level names to dataglove_msgs.egg-info/top_level.txt
[7.489s] writing manifest file 'dataglove_msgs.egg-info/SOURCES.txt'
[7.596s] reading manifest file 'dataglove_msgs.egg-info/SOURCES.txt'
[7.596s] writing manifest file 'dataglove_msgs.egg-info/SOURCES.txt'
[7.639s] [  8%] Built target ament_cmake_python_build_dataglove_msgs_egg
[7.954s] [  8%] Built target dataglove_msgs__cpp
[7.982s] [ 17%] [32mBuilding C object CMakeFiles/dataglove_msgs__rosidl_generator_c.dir/rosidl_generator_c/dataglove_msgs/msg/detail/vmg30_data__description.c.o[0m
[7.982s] [ 17%] [32mBuilding C object CMakeFiles/dataglove_msgs__rosidl_generator_c.dir/rosidl_generator_c/dataglove_msgs/msg/detail/vmg30_data__functions.c.o[0m
[7.983s] [ 17%] [32mBuilding C object CMakeFiles/dataglove_msgs__rosidl_generator_c.dir/rosidl_generator_c/dataglove_msgs/msg/detail/vmg30_data__type_support.c.o[0m
[8.068s] [ 20%] [32m[1mLinking C shared library libdataglove_msgs__rosidl_generator_c.so[0m
[8.155s] [ 20%] Built target dataglove_msgs__rosidl_generator_c
[8.185s] [ 23%] [34m[1mGenerating C type support dispatch for ROS interfaces[0m
[8.187s] [ 26%] [34m[1mGenerating C++ type support for eProsima Fast-RTPS[0m
[8.193s] [ 29%] [34m[1mGenerating C++ type support dispatch for ROS interfaces[0m
[8.195s] [ 32%] [34m[1mGenerating C introspection for ROS interfaces[0m
[8.200s] [ 35%] [34m[1mGenerating C++ introspection for ROS interfaces[0m
[8.201s] [ 38%] [34m[1mGenerating C type support for eProsima Fast-RTPS[0m
[8.737s] [ 41%] [32mBuilding CXX object CMakeFiles/dataglove_msgs__rosidl_typesupport_c.dir/rosidl_typesupport_c/dataglove_msgs/msg/vmg30_data__type_support.cpp.o[0m
[8.793s] [ 44%] [32mBuilding CXX object CMakeFiles/dataglove_msgs__rosidl_typesupport_fastrtps_cpp.dir/rosidl_typesupport_fastrtps_cpp/dataglove_msgs/msg/detail/dds_fastrtps/vmg30_data__type_support.cpp.o[0m
[8.803s] [ 47%] [32m[1mLinking CXX shared library libdataglove_msgs__rosidl_typesupport_c.so[0m
[8.863s] [ 47%] Built target dataglove_msgs__rosidl_typesupport_c
[8.968s] [ 50%] [32mBuilding CXX object CMakeFiles/dataglove_msgs__rosidl_typesupport_cpp.dir/rosidl_typesupport_cpp/dataglove_msgs/msg/vmg30_data__type_support.cpp.o[0m
[9.005s] [ 52%] [32mBuilding C object CMakeFiles/dataglove_msgs__rosidl_typesupport_introspection_c.dir/rosidl_typesupport_introspection_c/dataglove_msgs/msg/detail/vmg30_data__type_support.c.o[0m
[9.071s] [ 55%] [32mBuilding CXX object CMakeFiles/dataglove_msgs__rosidl_typesupport_introspection_cpp.dir/rosidl_typesupport_introspection_cpp/dataglove_msgs/msg/detail/vmg30_data__type_support.cpp.o[0m
[9.098s] [ 58%] [32m[1mLinking C shared library libdataglove_msgs__rosidl_typesupport_introspection_c.so[0m
[9.101s] [ 61%] [32mBuilding CXX object CMakeFiles/dataglove_msgs__rosidl_typesupport_fastrtps_c.dir/rosidl_typesupport_fastrtps_c/dataglove_msgs/msg/detail/vmg30_data__type_support_c.cpp.o[0m
[9.165s] [ 61%] Built target dataglove_msgs__rosidl_typesupport_introspection_c
[9.512s] [ 64%] [32m[1mLinking CXX shared library libdataglove_msgs__rosidl_typesupport_cpp.so[0m
[9.578s] [ 64%] Built target dataglove_msgs__rosidl_typesupport_cpp
[9.660s] [ 67%] [32m[1mLinking CXX shared library libdataglove_msgs__rosidl_typesupport_fastrtps_cpp.so[0m
[9.678s] [ 70%] [32m[1mLinking CXX shared library libdataglove_msgs__rosidl_typesupport_introspection_cpp.so[0m
[9.788s] [ 70%] Built target dataglove_msgs__rosidl_typesupport_fastrtps_cpp
[9.813s] [ 70%] Built target dataglove_msgs__rosidl_typesupport_introspection_cpp
[9.898s] [ 73%] [32m[1mLinking CXX shared library libdataglove_msgs__rosidl_typesupport_fastrtps_c.so[0m
[9.993s] [ 73%] Built target dataglove_msgs__rosidl_typesupport_fastrtps_c
[10.053s] [ 73%] Built target dataglove_msgs
[10.130s] [ 76%] [34m[1mGenerating Python code for ROS interfaces[0m
[10.765s] [ 76%] Built target dataglove_msgs__py
[10.795s] [ 79%] [32mBuilding C object CMakeFiles/dataglove_msgs__rosidl_generator_py.dir/rosidl_generator_py/dataglove_msgs/msg/_vmg30_data_s.c.o[0m
[11.093s] [ 82%] [32m[1mLinking C shared library libdataglove_msgs__rosidl_generator_py.so[0m
[11.202s] [ 82%] Built target dataglove_msgs__rosidl_generator_py
[11.276s] [ 88%] [32mBuilding C object CMakeFiles/dataglove_msgs_s__rosidl_typesupport_fastrtps_c.dir/rosidl_generator_py/dataglove_msgs/_dataglove_msgs_s.ep.rosidl_typesupport_fastrtps_c.c.o[0m
[11.277s] [ 88%] [32mBuilding C object CMakeFiles/dataglove_msgs_s__rosidl_typesupport_introspection_c.dir/rosidl_generator_py/dataglove_msgs/_dataglove_msgs_s.ep.rosidl_typesupport_introspection_c.c.o[0m
[11.280s] [ 91%] [32mBuilding C object CMakeFiles/dataglove_msgs_s__rosidl_typesupport_c.dir/rosidl_generator_py/dataglove_msgs/_dataglove_msgs_s.ep.rosidl_typesupport_c.c.o[0m
[11.468s] [ 94%] [32m[1mLinking C shared module rosidl_generator_py/dataglove_msgs/dataglove_msgs_s__rosidl_typesupport_c.so[0m
[11.473s] [ 97%] [32m[1mLinking C shared module rosidl_generator_py/dataglove_msgs/dataglove_msgs_s__rosidl_typesupport_fastrtps_c.so[0m
[11.474s] [100%] [32m[1mLinking C shared module rosidl_generator_py/dataglove_msgs/dataglove_msgs_s__rosidl_typesupport_introspection_c.so[0m
[11.514s] [100%] Built target dataglove_msgs_s__rosidl_typesupport_c
[11.520s] [100%] Built target dataglove_msgs_s__rosidl_typesupport_fastrtps_c
[11.520s] [100%] Built target dataglove_msgs_s__rosidl_typesupport_introspection_c
[11.540s] Invoked command in '/home/feld/ros2_ws/src/build/dataglove_msgs' returned '0': CMAKE_PREFIX_PATH=${CMAKE_PREFIX_PATH}:/home/feld/ros2_ws/install/py_pubsub:/home/feld/ros2_ws/install/dataglove:/opt/ros/jazzy DEBUGINFOD_URLS=https://debuginfod.ubuntu.com /usr/bin/cmake --build /home/feld/ros2_ws/src/build/dataglove_msgs -- -j8 -l8
[11.560s] Invoking command in '/home/feld/ros2_ws/src/build/dataglove_msgs': CMAKE_PREFIX_PATH=${CMAKE_PREFIX_PATH}:/home/feld/ros2_ws/install/py_pubsub:/home/feld/ros2_ws/install/dataglove:/opt/ros/jazzy DEBUGINFOD_URLS=https://debuginfod.ubuntu.com /usr/bin/cmake --install /home/feld/ros2_ws/src/build/dataglove_msgs
[11.585s] -- Install configuration: ""
[11.586s] -- Installing: /home/feld/ros2_ws/src/install/dataglove_msgs/share/ament_index/resource_index/rosidl_interfaces/dataglove_msgs
[11.587s] -- Installing: /home/feld/ros2_ws/src/install/dataglove_msgs/share/dataglove_msgs/msg/VMG30Data.json
[11.588s] -- Installing: /home/feld/ros2_ws/src/install/dataglove_msgs/include/dataglove_msgs/dataglove_msgs
[11.589s] -- Installing: /home/feld/ros2_ws/src/install/dataglove_msgs/include/dataglove_msgs/dataglove_msgs/msg
[11.589s] -- Installing: /home/feld/ros2_ws/src/install/dataglove_msgs/include/dataglove_msgs/dataglove_msgs/msg/vmg30_data.h
[11.590s] -- Installing: /home/feld/ros2_ws/src/install/dataglove_msgs/include/dataglove_msgs/dataglove_msgs/msg/rosidl_generator_c__visibility_control.h
[11.591s] -- Installing: /home/feld/ros2_ws/src/install/dataglove_msgs/include/dataglove_msgs/dataglove_msgs/msg/detail
[11.592s] -- Installing: /home/feld/ros2_ws/src/install/dataglove_msgs/include/dataglove_msgs/dataglove_msgs/msg/detail/vmg30_data__struct.h
[11.592s] -- Installing: /home/feld/ros2_ws/src/install/dataglove_msgs/include/dataglove_msgs/dataglove_msgs/msg/detail/vmg30_data__description.c
[11.593s] -- Installing: /home/feld/ros2_ws/src/install/dataglove_msgs/include/dataglove_msgs/dataglove_msgs/msg/detail/vmg30_data__type_support.c
[11.594s] -- Installing: /home/feld/ros2_ws/src/install/dataglove_msgs/include/dataglove_msgs/dataglove_msgs/msg/detail/vmg30_data__functions.c
[11.594s] -- Installing: /home/feld/ros2_ws/src/install/dataglove_msgs/include/dataglove_msgs/dataglove_msgs/msg/detail/vmg30_data__functions.h
[11.595s] -- Installing: /home/feld/ros2_ws/src/install/dataglove_msgs/include/dataglove_msgs/dataglove_msgs/msg/detail/vmg30_data__type_support.h
[11.596s] -- Installing: /home/feld/ros2_ws/src/install/dataglove_msgs/share/dataglove_msgs/environment/library_path.sh
[11.596s] -- Installing: /home/feld/ros2_ws/src/install/dataglove_msgs/share/dataglove_msgs/environment/library_path.dsv
[11.597s] -- Installing: /home/feld/ros2_ws/src/install/dataglove_msgs/lib/libdataglove_msgs__rosidl_generator_c.so
[11.598s] -- Set non-toolchain portion of runtime path of "/home/feld/ros2_ws/src/install/dataglove_msgs/lib/libdataglove_msgs__rosidl_generator_c.so" to ""
[11.598s] -- Up-to-date: /home/feld/ros2_ws/src/install/dataglove_msgs/include/dataglove_msgs/dataglove_msgs
[11.599s] -- Up-to-date: /home/feld/ros2_ws/src/install/dataglove_msgs/include/dataglove_msgs/dataglove_msgs/msg
[11.600s] -- Installing: /home/feld/ros2_ws/src/install/dataglove_msgs/include/dataglove_msgs/dataglove_msgs/msg/rosidl_typesupport_fastrtps_c__visibility_control.h
[11.601s] -- Up-to-date: /home/feld/ros2_ws/src/install/dataglove_msgs/include/dataglove_msgs/dataglove_msgs/msg/detail
[11.601s] -- Installing: /home/feld/ros2_ws/src/install/dataglove_msgs/include/dataglove_msgs/dataglove_msgs/msg/detail/vmg30_data__rosidl_typesupport_fastrtps_c.h
[11.602s] -- Installing: /home/feld/ros2_ws/src/install/dataglove_msgs/lib/libdataglove_msgs__rosidl_typesupport_fastrtps_c.so
[11.602s] -- Set non-toolchain portion of runtime path of "/home/feld/ros2_ws/src/install/dataglove_msgs/lib/libdataglove_msgs__rosidl_typesupport_fastrtps_c.so" to ""
[11.603s] -- Up-to-date: /home/feld/ros2_ws/src/install/dataglove_msgs/include/dataglove_msgs/dataglove_msgs
[11.604s] -- Up-to-date: /home/feld/ros2_ws/src/install/dataglove_msgs/include/dataglove_msgs/dataglove_msgs/msg
[11.605s] -- Installing: /home/feld/ros2_ws/src/install/dataglove_msgs/include/dataglove_msgs/dataglove_msgs/msg/rosidl_typesupport_introspection_c__visibility_control.h
[11.605s] -- Up-to-date: /home/feld/ros2_ws/src/install/dataglove_msgs/include/dataglove_msgs/dataglove_msgs/msg/detail
[11.606s] -- Installing: /home/feld/ros2_ws/src/install/dataglove_msgs/include/dataglove_msgs/dataglove_msgs/msg/detail/vmg30_data__rosidl_typesupport_introspection_c.h
[11.606s] -- Installing: /home/feld/ros2_ws/src/install/dataglove_msgs/include/dataglove_msgs/dataglove_msgs/msg/detail/vmg30_data__type_support.c
[11.606s] -- Installing: /home/feld/ros2_ws/src/install/dataglove_msgs/lib/libdataglove_msgs__rosidl_typesupport_introspection_c.so
[11.607s] -- Set non-toolchain portion of runtime path of "/home/feld/ros2_ws/src/install/dataglove_msgs/lib/libdataglove_msgs__rosidl_typesupport_introspection_c.so" to ""
[11.607s] -- Installing: /home/feld/ros2_ws/src/install/dataglove_msgs/lib/libdataglove_msgs__rosidl_typesupport_c.so
[11.608s] -- Set non-toolchain portion of runtime path of "/home/feld/ros2_ws/src/install/dataglove_msgs/lib/libdataglove_msgs__rosidl_typesupport_c.so" to ""
[11.608s] -- Up-to-date: /home/feld/ros2_ws/src/install/dataglove_msgs/include/dataglove_msgs/dataglove_msgs
[11.608s] -- Up-to-date: /home/feld/ros2_ws/src/install/dataglove_msgs/include/dataglove_msgs/dataglove_msgs/msg
[11.609s] -- Installing: /home/feld/ros2_ws/src/install/dataglove_msgs/include/dataglove_msgs/dataglove_msgs/msg/vmg30_data.hpp
[11.609s] -- Installing: /home/feld/ros2_ws/src/install/dataglove_msgs/include/dataglove_msgs/dataglove_msgs/msg/rosidl_generator_cpp__visibility_control.hpp
[11.610s] -- Up-to-date: /home/feld/ros2_ws/src/install/dataglove_msgs/include/dataglove_msgs/dataglove_msgs/msg/detail
[11.610s] -- Installing: /home/feld/ros2_ws/src/install/dataglove_msgs/include/dataglove_msgs/dataglove_msgs/msg/detail/vmg30_data__traits.hpp
[11.610s] -- Installing: /home/feld/ros2_ws/src/install/dataglove_msgs/include/dataglove_msgs/dataglove_msgs/msg/detail/vmg30_data__type_support.hpp
[11.611s] -- Installing: /home/feld/ros2_ws/src/install/dataglove_msgs/include/dataglove_msgs/dataglove_msgs/msg/detail/vmg30_data__builder.hpp
[11.611s] -- Installing: /home/feld/ros2_ws/src/install/dataglove_msgs/include/dataglove_msgs/dataglove_msgs/msg/detail/vmg30_data__struct.hpp
[11.612s] -- Up-to-date: /home/feld/ros2_ws/src/install/dataglove_msgs/include/dataglove_msgs/dataglove_msgs
[11.612s] -- Up-to-date: /home/feld/ros2_ws/src/install/dataglove_msgs/include/dataglove_msgs/dataglove_msgs/msg
[11.612s] -- Installing: /home/feld/ros2_ws/src/install/dataglove_msgs/include/dataglove_msgs/dataglove_msgs/msg/rosidl_typesupport_fastrtps_cpp__visibility_control.h
[11.613s] -- Up-to-date: /home/feld/ros2_ws/src/install/dataglove_msgs/include/dataglove_msgs/dataglove_msgs/msg/detail
[11.614s] -- Installing: /home/feld/ros2_ws/src/install/dataglove_msgs/include/dataglove_msgs/dataglove_msgs/msg/detail/vmg30_data__rosidl_typesupport_fastrtps_cpp.hpp
[11.614s] -- Installing: /home/feld/ros2_ws/src/install/dataglove_msgs/include/dataglove_msgs/dataglove_msgs/msg/detail/dds_fastrtps
[11.614s] -- Installing: /home/feld/ros2_ws/src/install/dataglove_msgs/lib/libdataglove_msgs__rosidl_typesupport_fastrtps_cpp.so
[11.615s] -- Set non-toolchain portion of runtime path of "/home/feld/ros2_ws/src/install/dataglove_msgs/lib/libdataglove_msgs__rosidl_typesupport_fastrtps_cpp.so" to ""
[11.615s] -- Up-to-date: /home/feld/ros2_ws/src/install/dataglove_msgs/include/dataglove_msgs/dataglove_msgs
[11.616s] -- Up-to-date: /home/feld/ros2_ws/src/install/dataglove_msgs/include/dataglove_msgs/dataglove_msgs/msg
[11.616s] -- Up-to-date: /home/feld/ros2_ws/src/install/dataglove_msgs/include/dataglove_msgs/dataglove_msgs/msg/detail
[11.616s] -- Installing: /home/feld/ros2_ws/src/install/dataglove_msgs/include/dataglove_msgs/dataglove_msgs/msg/detail/vmg30_data__rosidl_typesupport_introspection_cpp.hpp
[11.617s] -- Installing: /home/feld/ros2_ws/src/install/dataglove_msgs/include/dataglove_msgs/dataglove_msgs/msg/detail/vmg30_data__type_support.cpp
[11.617s] -- Installing: /home/feld/ros2_ws/src/install/dataglove_msgs/lib/libdataglove_msgs__rosidl_typesupport_introspection_cpp.so
[11.618s] -- Set non-toolchain portion of runtime path of "/home/feld/ros2_ws/src/install/dataglove_msgs/lib/libdataglove_msgs__rosidl_typesupport_introspection_cpp.so" to ""
[11.618s] -- Installing: /home/feld/ros2_ws/src/install/dataglove_msgs/lib/libdataglove_msgs__rosidl_typesupport_cpp.so
[11.619s] -- Set non-toolchain portion of runtime path of "/home/feld/ros2_ws/src/install/dataglove_msgs/lib/libdataglove_msgs__rosidl_typesupport_cpp.so" to ""
[11.619s] -- Installing: /home/feld/ros2_ws/src/install/dataglove_msgs/share/dataglove_msgs/environment/pythonpath.sh
[11.619s] -- Installing: /home/feld/ros2_ws/src/install/dataglove_msgs/share/dataglove_msgs/environment/pythonpath.dsv
[11.620s] -- Installing: /home/feld/ros2_ws/src/install/dataglove_msgs/lib/python3.12/site-packages/dataglove_msgs-0.0.0-py3.12.egg-info
[11.620s] -- Installing: /home/feld/ros2_ws/src/install/dataglove_msgs/lib/python3.12/site-packages/dataglove_msgs-0.0.0-py3.12.egg-info/dependency_links.txt
[11.621s] -- Installing: /home/feld/ros2_ws/src/install/dataglove_msgs/lib/python3.12/site-packages/dataglove_msgs-0.0.0-py3.12.egg-info/PKG-INFO
[11.621s] -- Installing: /home/feld/ros2_ws/src/install/dataglove_msgs/lib/python3.12/site-packages/dataglove_msgs-0.0.0-py3.12.egg-info/top_level.txt
[11.621s] -- Installing: /home/feld/ros2_ws/src/install/dataglove_msgs/lib/python3.12/site-packages/dataglove_msgs-0.0.0-py3.12.egg-info/SOURCES.txt
[11.622s] -- Installing: /home/feld/ros2_ws/src/install/dataglove_msgs/lib/python3.12/site-packages/dataglove_msgs
[11.622s] -- Installing: /home/feld/ros2_ws/src/install/dataglove_msgs/lib/python3.12/site-packages/dataglove_msgs/dataglove_msgs_s__rosidl_typesupport_c.so
[11.622s] -- Installing: /home/feld/ros2_ws/src/install/dataglove_msgs/lib/python3.12/site-packages/dataglove_msgs/_dataglove_msgs_s.ep.rosidl_typesupport_fastrtps_c.c
[11.623s] -- Installing: /home/feld/ros2_ws/src/install/dataglove_msgs/lib/python3.12/site-packages/dataglove_msgs/_dataglove_msgs_s.ep.rosidl_typesupport_c.c
[11.623s] -- Installing: /home/feld/ros2_ws/src/install/dataglove_msgs/lib/python3.12/site-packages/dataglove_msgs/__init__.py
[11.623s] -- Installing: /home/feld/ros2_ws/src/install/dataglove_msgs/lib/python3.12/site-packages/dataglove_msgs/dataglove_msgs_s__rosidl_typesupport_introspection_c.so
[11.624s] -- Installing: /home/feld/ros2_ws/src/install/dataglove_msgs/lib/python3.12/site-packages/dataglove_msgs/msg
[11.624s] -- Installing: /home/feld/ros2_ws/src/install/dataglove_msgs/lib/python3.12/site-packages/dataglove_msgs/msg/_vmg30_data_s.c
[11.624s] -- Installing: /home/feld/ros2_ws/src/install/dataglove_msgs/lib/python3.12/site-packages/dataglove_msgs/msg/_vmg30_data.py
[11.625s] -- Installing: /home/feld/ros2_ws/src/install/dataglove_msgs/lib/python3.12/site-packages/dataglove_msgs/msg/__init__.py
[11.625s] -- Installing: /home/feld/ros2_ws/src/install/dataglove_msgs/lib/python3.12/site-packages/dataglove_msgs/dataglove_msgs_s__rosidl_typesupport_fastrtps_c.so
[11.625s] -- Installing: /home/feld/ros2_ws/src/install/dataglove_msgs/lib/python3.12/site-packages/dataglove_msgs/_dataglove_msgs_s.ep.rosidl_typesupport_introspection_c.c
[11.777s] Listing '/home/feld/ros2_ws/src/install/dataglove_msgs/lib/python3.12/site-packages/dataglove_msgs'...
[11.778s] Compiling '/home/feld/ros2_ws/src/install/dataglove_msgs/lib/python3.12/site-packages/dataglove_msgs/__init__.py'...
[11.778s] Listing '/home/feld/ros2_ws/src/install/dataglove_msgs/lib/python3.12/site-packages/dataglove_msgs/msg'...
[11.778s] Compiling '/home/feld/ros2_ws/src/install/dataglove_msgs/lib/python3.12/site-packages/dataglove_msgs/msg/__init__.py'...
[11.778s] Compiling '/home/feld/ros2_ws/src/install/dataglove_msgs/lib/python3.12/site-packages/dataglove_msgs/msg/_vmg30_data.py'...
[11.787s] -- Installing: /home/feld/ros2_ws/src/install/dataglove_msgs/lib/python3.12/site-packages/dataglove_msgs/dataglove_msgs_s__rosidl_typesupport_fastrtps_c.so
[11.787s] -- Set non-toolchain portion of runtime path of "/home/feld/ros2_ws/src/install/dataglove_msgs/lib/python3.12/site-packages/dataglove_msgs/dataglove_msgs_s__rosidl_typesupport_fastrtps_c.so" to ""
[11.787s] -- Installing: /home/feld/ros2_ws/src/install/dataglove_msgs/lib/python3.12/site-packages/dataglove_msgs/dataglove_msgs_s__rosidl_typesupport_introspection_c.so
[11.788s] -- Set non-toolchain portion of runtime path of "/home/feld/ros2_ws/src/install/dataglove_msgs/lib/python3.12/site-packages/dataglove_msgs/dataglove_msgs_s__rosidl_typesupport_introspection_c.so" to ""
[11.788s] -- Installing: /home/feld/ros2_ws/src/install/dataglove_msgs/lib/python3.12/site-packages/dataglove_msgs/dataglove_msgs_s__rosidl_typesupport_c.so
[11.789s] -- Set non-toolchain portion of runtime path of "/home/feld/ros2_ws/src/install/dataglove_msgs/lib/python3.12/site-packages/dataglove_msgs/dataglove_msgs_s__rosidl_typesupport_c.so" to ""
[11.789s] -- Installing: /home/feld/ros2_ws/src/install/dataglove_msgs/lib/libdataglove_msgs__rosidl_generator_py.so
[11.789s] -- Set non-toolchain portion of runtime path of "/home/feld/ros2_ws/src/install/dataglove_msgs/lib/libdataglove_msgs__rosidl_generator_py.so" to ""
[11.789s] -- Installing: /home/feld/ros2_ws/src/install/dataglove_msgs/share/dataglove_msgs/msg/VMG30Data.idl
[11.789s] -- Installing: /home/feld/ros2_ws/src/install/dataglove_msgs/share/dataglove_msgs/msg/VMG30Data.msg
[11.790s] -- Installing: /home/feld/ros2_ws/src/install/dataglove_msgs/share/ament_index/resource_index/package_run_dependencies/dataglove_msgs
[11.790s] -- Installing: /home/feld/ros2_ws/src/install/dataglove_msgs/share/ament_index/resource_index/parent_prefix_path/dataglove_msgs
[11.790s] -- Installing: /home/feld/ros2_ws/src/install/dataglove_msgs/share/dataglove_msgs/environment/ament_prefix_path.sh
[11.790s] -- Installing: /home/feld/ros2_ws/src/install/dataglove_msgs/share/dataglove_msgs/environment/ament_prefix_path.dsv
[11.790s] -- Installing: /home/feld/ros2_ws/src/install/dataglove_msgs/share/dataglove_msgs/environment/path.sh
[11.790s] -- Installing: /home/feld/ros2_ws/src/install/dataglove_msgs/share/dataglove_msgs/environment/path.dsv
[11.790s] -- Installing: /home/feld/ros2_ws/src/install/dataglove_msgs/share/dataglove_msgs/local_setup.bash
[11.791s] -- Installing: /home/feld/ros2_ws/src/install/dataglove_msgs/share/dataglove_msgs/local_setup.sh
[11.791s] -- Installing: /home/feld/ros2_ws/src/install/dataglove_msgs/share/dataglove_msgs/local_setup.zsh
[11.791s] -- Installing: /home/feld/ros2_ws/src/install/dataglove_msgs/share/dataglove_msgs/local_setup.dsv
[11.791s] -- Installing: /home/feld/ros2_ws/src/install/dataglove_msgs/share/dataglove_msgs/package.dsv
[11.791s] -- Installing: /home/feld/ros2_ws/src/install/dataglove_msgs/share/ament_index/resource_index/packages/dataglove_msgs
[11.792s] -- Installing: /home/feld/ros2_ws/src/install/dataglove_msgs/share/dataglove_msgs/cmake/export_dataglove_msgs__rosidl_generator_cExport.cmake
[11.792s] -- Installing: /home/feld/ros2_ws/src/install/dataglove_msgs/share/dataglove_msgs/cmake/export_dataglove_msgs__rosidl_generator_cExport-noconfig.cmake
[11.792s] -- Installing: /home/feld/ros2_ws/src/install/dataglove_msgs/share/dataglove_msgs/cmake/export_dataglove_msgs__rosidl_typesupport_fastrtps_cExport.cmake
[11.792s] -- Installing: /home/feld/ros2_ws/src/install/dataglove_msgs/share/dataglove_msgs/cmake/export_dataglove_msgs__rosidl_typesupport_fastrtps_cExport-noconfig.cmake
[11.792s] -- Installing: /home/feld/ros2_ws/src/install/dataglove_msgs/share/dataglove_msgs/cmake/dataglove_msgs__rosidl_typesupport_introspection_cExport.cmake
[11.793s] -- Installing: /home/feld/ros2_ws/src/install/dataglove_msgs/share/dataglove_msgs/cmake/dataglove_msgs__rosidl_typesupport_introspection_cExport-noconfig.cmake
[11.793s] -- Installing: /home/feld/ros2_ws/src/install/dataglove_msgs/share/dataglove_msgs/cmake/dataglove_msgs__rosidl_typesupport_cExport.cmake
[11.793s] -- Installing: /home/feld/ros2_ws/src/install/dataglove_msgs/share/dataglove_msgs/cmake/dataglove_msgs__rosidl_typesupport_cExport-noconfig.cmake
[11.793s] -- Installing: /home/feld/ros2_ws/src/install/dataglove_msgs/share/dataglove_msgs/cmake/export_dataglove_msgs__rosidl_generator_cppExport.cmake
[11.793s] -- Installing: /home/feld/ros2_ws/src/install/dataglove_msgs/share/dataglove_msgs/cmake/export_dataglove_msgs__rosidl_typesupport_fastrtps_cppExport.cmake
[11.794s] -- Installing: /home/feld/ros2_ws/src/install/dataglove_msgs/share/dataglove_msgs/cmake/export_dataglove_msgs__rosidl_typesupport_fastrtps_cppExport-noconfig.cmake
[11.794s] -- Installing: /home/feld/ros2_ws/src/install/dataglove_msgs/share/dataglove_msgs/cmake/dataglove_msgs__rosidl_typesupport_introspection_cppExport.cmake
[11.794s] -- Installing: /home/feld/ros2_ws/src/install/dataglove_msgs/share/dataglove_msgs/cmake/dataglove_msgs__rosidl_typesupport_introspection_cppExport-noconfig.cmake
[11.794s] -- Installing: /home/feld/ros2_ws/src/install/dataglove_msgs/share/dataglove_msgs/cmake/dataglove_msgs__rosidl_typesupport_cppExport.cmake
[11.794s] -- Installing: /home/feld/ros2_ws/src/install/dataglove_msgs/share/dataglove_msgs/cmake/dataglove_msgs__rosidl_typesupport_cppExport-noconfig.cmake
[11.795s] -- Installing: /home/feld/ros2_ws/src/install/dataglove_msgs/share/dataglove_msgs/cmake/export_dataglove_msgs__rosidl_generator_pyExport.cmake
[11.795s] -- Installing: /home/feld/ros2_ws/src/install/dataglove_msgs/share/dataglove_msgs/cmake/export_dataglove_msgs__rosidl_generator_pyExport-noconfig.cmake
[11.795s] -- Installing: /home/feld/ros2_ws/src/install/dataglove_msgs/share/dataglove_msgs/cmake/rosidl_cmake-extras.cmake
[11.795s] -- Installing: /home/feld/ros2_ws/src/install/dataglove_msgs/share/dataglove_msgs/cmake/ament_cmake_export_dependencies-extras.cmake
[11.795s] -- Installing: /home/feld/ros2_ws/src/install/dataglove_msgs/share/dataglove_msgs/cmake/ament_cmake_export_include_directories-extras.cmake
[11.795s] -- Installing: /home/feld/ros2_ws/src/install/dataglove_msgs/share/dataglove_msgs/cmake/ament_cmake_export_libraries-extras.cmake
[11.796s] -- Installing: /home/feld/ros2_ws/src/install/dataglove_msgs/share/dataglove_msgs/cmake/ament_cmake_export_targets-extras.cmake
[11.796s] -- Installing: /home/feld/ros2_ws/src/install/dataglove_msgs/share/dataglove_msgs/cmake/rosidl_cmake_export_typesupport_targets-extras.cmake
[11.796s] -- Installing: /home/feld/ros2_ws/src/install/dataglove_msgs/share/dataglove_msgs/cmake/rosidl_cmake_export_typesupport_libraries-extras.cmake
[11.796s] -- Installing: /home/feld/ros2_ws/src/install/dataglove_msgs/share/dataglove_msgs/cmake/dataglove_msgsConfig.cmake
[11.796s] -- Installing: /home/feld/ros2_ws/src/install/dataglove_msgs/share/dataglove_msgs/cmake/dataglove_msgsConfig-version.cmake
[11.797s] -- Installing: /home/feld/ros2_ws/src/install/dataglove_msgs/share/dataglove_msgs/package.xml
[11.800s] Invoked command in '/home/feld/ros2_ws/src/build/dataglove_msgs' returned '0': CMAKE_PREFIX_PATH=${CMAKE_PREFIX_PATH}:/home/feld/ros2_ws/install/py_pubsub:/home/feld/ros2_ws/install/dataglove:/opt/ros/jazzy DEBUGINFOD_URLS=https://debuginfod.ubuntu.com /usr/bin/cmake --install /home/feld/ros2_ws/src/build/dataglove_msgs
