[1.331s] Invoking command in '/home/feld/ros2_ws/src/dataglove': DEBUGINFOD_URLS=https://debuginfod.ubuntu.com PYTHONPATH=/home/feld/ros2_ws/src/build/dataglove/prefix_override:/usr/lib/python3/dist-packages/colcon_core/task/python/colcon_distutils_commands:/home/feld/ros2_ws/src/install/dataglove/lib/python3.12/site-packages:/home/feld/ros2_ws/src/install/dataglove_msgs/lib/python3.12/site-packages:/home/feld/ros2_ws/src/install/dataglove/lib/python3.12/site-packages:/home/feld/ros2_ws/install/dataglove_msgs/lib/python3.12/site-packages:/home/feld/ros2_ws/install/tutorial_interfaces/lib/python3.12/site-packages:/home/feld/ros2_ws/install/py_pubsub/lib/python3.12/site-packages:/home/feld/ros2_ws/install/dataglove/lib/python3.12/site-packages:/opt/ros/jazzy/lib/python3.12/site-packages /usr/bin/python3 -W ignore:setup.py install is deprecated -W ignore:easy_install command is deprecated setup.py egg_info --egg-base ../build/dataglove build --build-base /home/feld/ros2_ws/src/build/dataglove/build install --record /home/feld/ros2_ws/src/build/dataglove/install.log --single-version-externally-managed install_data
[1.781s] running egg_info
[1.818s] writing ../build/dataglove/dataglove.egg-info/PKG-INFO
[1.819s] writing dependency_links to ../build/dataglove/dataglove.egg-info/dependency_links.txt
[1.819s] writing entry points to ../build/dataglove/dataglove.egg-info/entry_points.txt
[1.819s] writing requirements to ../build/dataglove/dataglove.egg-info/requires.txt
[1.819s] writing top-level names to ../build/dataglove/dataglove.egg-info/top_level.txt
[1.892s] reading manifest file '../build/dataglove/dataglove.egg-info/SOURCES.txt'
[1.893s] writing manifest file '../build/dataglove/dataglove.egg-info/SOURCES.txt'
[1.893s] running build
[1.894s] running build_py
[1.894s] copying dataglove/data_saver.py -> /home/feld/ros2_ws/src/build/dataglove/build/lib/dataglove
[1.894s] running install
[1.907s] running install_lib
[1.946s] copying /home/feld/ros2_ws/src/build/dataglove/build/lib/dataglove/data_saver.py -> /home/feld/ros2_ws/src/install/dataglove/lib/python3.12/site-packages/dataglove
[1.947s] byte-compiling /home/feld/ros2_ws/src/install/dataglove/lib/python3.12/site-packages/dataglove/data_saver.py to data_saver.cpython-312.pyc
[1.947s] running install_data
[1.948s] running install_egg_info
[1.987s] removing '/home/feld/ros2_ws/src/install/dataglove/lib/python3.12/site-packages/dataglove-0.0.0-py3.12.egg-info' (and everything under it)
[1.987s] Copying ../build/dataglove/dataglove.egg-info to /home/feld/ros2_ws/src/install/dataglove/lib/python3.12/site-packages/dataglove-0.0.0-py3.12.egg-info
[1.988s] running install_scripts
[2.206s] Installing data_saver script to /home/feld/ros2_ws/src/install/dataglove/lib/dataglove
[2.206s] Installing glove script to /home/feld/ros2_ws/src/install/dataglove/lib/dataglove
[2.206s] writing list of installed files to '/home/feld/ros2_ws/src/build/dataglove/install.log'
[2.250s] Invoked command in '/home/feld/ros2_ws/src/dataglove' returned '0': DEBUGINFOD_URLS=https://debuginfod.ubuntu.com PYTHONPATH=/home/feld/ros2_ws/src/build/dataglove/prefix_override:/usr/lib/python3/dist-packages/colcon_core/task/python/colcon_distutils_commands:/home/feld/ros2_ws/src/install/dataglove/lib/python3.12/site-packages:/home/feld/ros2_ws/src/install/dataglove_msgs/lib/python3.12/site-packages:/home/feld/ros2_ws/src/install/dataglove/lib/python3.12/site-packages:/home/feld/ros2_ws/install/dataglove_msgs/lib/python3.12/site-packages:/home/feld/ros2_ws/install/tutorial_interfaces/lib/python3.12/site-packages:/home/feld/ros2_ws/install/py_pubsub/lib/python3.12/site-packages:/home/feld/ros2_ws/install/dataglove/lib/python3.12/site-packages:/opt/ros/jazzy/lib/python3.12/site-packages /usr/bin/python3 -W ignore:setup.py install is deprecated -W ignore:easy_install command is deprecated setup.py egg_info --egg-base ../build/dataglove build --build-base /home/feld/ros2_ws/src/build/dataglove/build install --record /home/feld/ros2_ws/src/build/dataglove/install.log --single-version-externally-managed install_data
