[0.013s] Invoking command in '/home/feld/ros2_ws/build/dataglove_msgs': CMAKE_PREFIX_PATH=${CMAKE_PREFIX_PATH}:/home/feld/ros2_ws/install/py_pubsub:/home/feld/ros2_ws/install/dataglove:/opt/ros/jazzy DEBUGINFOD_URLS=https://debuginfod.ubuntu.com /usr/bin/cmake /home/feld/ros2_ws/src/dataglove_msgs -DCMAKE_INSTALL_PREFIX=/home/feld/ros2_ws/install/dataglove_msgs
[0.103s] -- The C compiler identification is GNU 13.3.0
[0.278s] -- The CXX compiler identification is GNU 13.3.0
[0.320s] -- Detecting C compiler ABI info
[0.578s] -- Detecting C compiler ABI info - done
[0.615s] -- Check for working C compiler: /usr/bin/cc - skipped
[0.616s] -- Detecting C compile features
[0.617s] -- Detecting C compile features - done
[0.643s] -- Detecting CXX compiler ABI info
[0.959s] -- Detecting CXX compiler ABI info - done
[1.000s] -- Check for working CXX compiler: /usr/bin/c++ - skipped
[1.001s] -- Detecting CXX compile features
[1.003s] -- Detecting CXX compile features - done
[1.012s] -- Found ament_cmake: 2.5.4 (/opt/ros/jazzy/share/ament_cmake/cmake)
[1.510s] -- Found Python3: /usr/bin/python3 (found version "3.12.3") found components: Interpreter 
[1.662s] -- Found ament_lint_auto: 0.17.2 (/opt/ros/jazzy/share/ament_lint_auto/cmake)
[1.831s] -- Found rosidl_default_generators: 1.6.0 (/opt/ros/jazzy/share/rosidl_default_generators/cmake)
[1.840s] -- Using all available rosidl_typesupport_c: rosidl_typesupport_fastrtps_c;rosidl_typesupport_introspection_c
[1.934s] -- Using all available rosidl_typesupport_cpp: rosidl_typesupport_fastrtps_cpp;rosidl_typesupport_introspection_cpp
[1.997s] -- Found rosidl_adapter: 4.6.5 (/opt/ros/jazzy/share/rosidl_adapter/cmake)
[2.001s] -- Found std_msgs: 5.3.6 (/opt/ros/jazzy/share/std_msgs/cmake)
[2.977s] -- Found ament_cmake_ros: 0.12.0 (/opt/ros/jazzy/share/ament_cmake_ros/cmake)
[3.795s] -- Using all available rosidl_typesupport_c: rosidl_typesupport_fastrtps_c;rosidl_typesupport_introspection_c
[5.090s] -- Using all available rosidl_typesupport_cpp: rosidl_typesupport_fastrtps_cpp;rosidl_typesupport_introspection_cpp
[5.094s] -- Found python_cmake_module: 0.11.1 (/opt/ros/jazzy/share/python_cmake_module/cmake)
[5.334s] -- Found PythonExtra: /usr/bin/python3  
[5.996s] -- Found Python3: /usr/bin/python3 (found version "3.12.3") found components: Interpreter Development NumPy Development.Module Development.Embed 
[6.070s] -- Added test 'lint_cmake' to check CMake code style
[6.071s] -- Added test 'xmllint' to check XML markup files
[6.078s] -- Configuring done (6.1s)
[6.134s] -- Generating done (0.0s)
[6.155s] -- Build files have been written to: /home/feld/ros2_ws/build/dataglove_msgs
[6.169s] Invoked command in '/home/feld/ros2_ws/build/dataglove_msgs' returned '0': CMAKE_PREFIX_PATH=${CMAKE_PREFIX_PATH}:/home/feld/ros2_ws/install/py_pubsub:/home/feld/ros2_ws/install/dataglove:/opt/ros/jazzy DEBUGINFOD_URLS=https://debuginfod.ubuntu.com /usr/bin/cmake /home/feld/ros2_ws/src/dataglove_msgs -DCMAKE_INSTALL_PREFIX=/home/feld/ros2_ws/install/dataglove_msgs
[6.171s] Invoking command in '/home/feld/ros2_ws/build/dataglove_msgs': CMAKE_PREFIX_PATH=${CMAKE_PREFIX_PATH}:/home/feld/ros2_ws/install/py_pubsub:/home/feld/ros2_ws/install/dataglove:/opt/ros/jazzy DEBUGINFOD_URLS=https://debuginfod.ubuntu.com /usr/bin/cmake --build /home/feld/ros2_ws/build/dataglove_msgs -- -j8 -l8
[6.263s] [  2%] [34m[1mGenerating type hashes for ROS interfaces[0m
[6.284s] [  2%] Built target ament_cmake_python_copy_dataglove_msgs
[6.672s] [  2%] Built target dataglove_msgs__rosidl_generator_type_description
[6.677s] running egg_info
[6.679s] creating dataglove_msgs.egg-info
[6.685s] [  5%] [34m[1mGenerating C code for ROS interfaces[0m
[6.699s] [  8%] [34m[1mGenerating C++ code for ROS interfaces[0m
[6.714s] writing dataglove_msgs.egg-info/PKG-INFO
[6.714s] writing dependency_links to dataglove_msgs.egg-info/dependency_links.txt
[6.715s] writing top-level names to dataglove_msgs.egg-info/top_level.txt
[6.715s] writing manifest file 'dataglove_msgs.egg-info/SOURCES.txt'
[6.819s] reading manifest file 'dataglove_msgs.egg-info/SOURCES.txt'
[6.820s] writing manifest file 'dataglove_msgs.egg-info/SOURCES.txt'
[6.864s] [  8%] Built target ament_cmake_python_build_dataglove_msgs_egg
[7.125s] [  8%] Built target dataglove_msgs__cpp
[7.155s] [ 17%] [32mBuilding C object CMakeFiles/dataglove_msgs__rosidl_generator_c.dir/rosidl_generator_c/dataglove_msgs/msg/detail/vmg30_data__functions.c.o[0m
[7.155s] [ 17%] [32mBuilding C object CMakeFiles/dataglove_msgs__rosidl_generator_c.dir/rosidl_generator_c/dataglove_msgs/msg/detail/vmg30_data__type_support.c.o[0m
[7.156s] [ 17%] [32mBuilding C object CMakeFiles/dataglove_msgs__rosidl_generator_c.dir/rosidl_generator_c/dataglove_msgs/msg/detail/vmg30_data__description.c.o[0m
[7.236s] [ 20%] [32m[1mLinking C shared library libdataglove_msgs__rosidl_generator_c.so[0m
[7.311s] [ 20%] Built target dataglove_msgs__rosidl_generator_c
[7.350s] [ 23%] [34m[1mGenerating C type support dispatch for ROS interfaces[0m
[7.351s] [ 26%] [34m[1mGenerating C++ type support for eProsima Fast-RTPS[0m
[7.355s] [ 29%] [34m[1mGenerating C++ type support dispatch for ROS interfaces[0m
[7.356s] [ 32%] [34m[1mGenerating C type support for eProsima Fast-RTPS[0m
[7.356s] [ 35%] [34m[1mGenerating C introspection for ROS interfaces[0m
[7.360s] [ 38%] [34m[1mGenerating C++ introspection for ROS interfaces[0m
[7.866s] [ 41%] [32mBuilding CXX object CMakeFiles/dataglove_msgs__rosidl_typesupport_c.dir/rosidl_typesupport_c/dataglove_msgs/msg/vmg30_data__type_support.cpp.o[0m
[7.926s] [ 44%] [32m[1mLinking CXX shared library libdataglove_msgs__rosidl_typesupport_c.so[0m
[7.937s] [ 47%] [32mBuilding CXX object CMakeFiles/dataglove_msgs__rosidl_typesupport_fastrtps_c.dir/rosidl_typesupport_fastrtps_c/dataglove_msgs/msg/detail/vmg30_data__type_support_c.cpp.o[0m
[7.984s] [ 47%] Built target dataglove_msgs__rosidl_typesupport_c
[8.109s] [ 50%] [32mBuilding CXX object CMakeFiles/dataglove_msgs__rosidl_typesupport_cpp.dir/rosidl_typesupport_cpp/dataglove_msgs/msg/vmg30_data__type_support.cpp.o[0m
[8.145s] [ 52%] [32mBuilding CXX object CMakeFiles/dataglove_msgs__rosidl_typesupport_introspection_cpp.dir/rosidl_typesupport_introspection_cpp/dataglove_msgs/msg/detail/vmg30_data__type_support.cpp.o[0m
[8.227s] [ 55%] [32mBuilding C object CMakeFiles/dataglove_msgs__rosidl_typesupport_introspection_c.dir/rosidl_typesupport_introspection_c/dataglove_msgs/msg/detail/vmg30_data__type_support.c.o[0m
[8.250s] [ 58%] [32mBuilding CXX object CMakeFiles/dataglove_msgs__rosidl_typesupport_fastrtps_cpp.dir/rosidl_typesupport_fastrtps_cpp/dataglove_msgs/msg/detail/dds_fastrtps/vmg30_data__type_support.cpp.o[0m
[8.312s] [ 61%] [32m[1mLinking C shared library libdataglove_msgs__rosidl_typesupport_introspection_c.so[0m
[8.357s] [ 61%] Built target dataglove_msgs__rosidl_typesupport_introspection_c
[8.624s] [ 64%] [32m[1mLinking CXX shared library libdataglove_msgs__rosidl_typesupport_cpp.so[0m
[8.687s] [ 64%] Built target dataglove_msgs__rosidl_typesupport_cpp
[8.745s] [ 67%] [32m[1mLinking CXX shared library libdataglove_msgs__rosidl_typesupport_introspection_cpp.so[0m
[8.767s] [ 70%] [32m[1mLinking CXX shared library libdataglove_msgs__rosidl_typesupport_fastrtps_c.so[0m
[8.850s] [ 70%] Built target dataglove_msgs__rosidl_typesupport_fastrtps_c
[8.867s] [ 70%] Built target dataglove_msgs__rosidl_typesupport_introspection_cpp
[9.120s] [ 73%] [32m[1mLinking CXX shared library libdataglove_msgs__rosidl_typesupport_fastrtps_cpp.so[0m
[9.231s] [ 73%] Built target dataglove_msgs__rosidl_typesupport_fastrtps_cpp
[9.261s] [ 73%] Built target dataglove_msgs
[9.309s] [ 76%] [34m[1mGenerating Python code for ROS interfaces[0m
[9.924s] [ 76%] Built target dataglove_msgs__py
[9.954s] [ 79%] [32mBuilding C object CMakeFiles/dataglove_msgs__rosidl_generator_py.dir/rosidl_generator_py/dataglove_msgs/msg/_vmg30_data_s.c.o[0m
[10.227s] [ 82%] [32m[1mLinking C shared library libdataglove_msgs__rosidl_generator_py.so[0m
[10.292s] [ 82%] Built target dataglove_msgs__rosidl_generator_py
[10.321s] [ 91%] [32mBuilding C object CMakeFiles/dataglove_msgs_s__rosidl_typesupport_c.dir/rosidl_generator_py/dataglove_msgs/_dataglove_msgs_s.ep.rosidl_typesupport_c.c.o[0m
[10.321s] [ 91%] [32mBuilding C object CMakeFiles/dataglove_msgs_s__rosidl_typesupport_introspection_c.dir/rosidl_generator_py/dataglove_msgs/_dataglove_msgs_s.ep.rosidl_typesupport_introspection_c.c.o[0m
[10.322s] [ 91%] [32mBuilding C object CMakeFiles/dataglove_msgs_s__rosidl_typesupport_fastrtps_c.dir/rosidl_generator_py/dataglove_msgs/_dataglove_msgs_s.ep.rosidl_typesupport_fastrtps_c.c.o[0m
[10.472s] [ 97%] [32m[1mLinking C shared module rosidl_generator_py/dataglove_msgs/dataglove_msgs_s__rosidl_typesupport_introspection_c.so[0m
[10.472s] [ 97%] [32m[1mLinking C shared module rosidl_generator_py/dataglove_msgs/dataglove_msgs_s__rosidl_typesupport_c.so[0m
[10.479s] [100%] [32m[1mLinking C shared module rosidl_generator_py/dataglove_msgs/dataglove_msgs_s__rosidl_typesupport_fastrtps_c.so[0m
[10.514s] [100%] Built target dataglove_msgs_s__rosidl_typesupport_c
[10.514s] [100%] Built target dataglove_msgs_s__rosidl_typesupport_introspection_c
[10.522s] [100%] Built target dataglove_msgs_s__rosidl_typesupport_fastrtps_c
[10.538s] Invoked command in '/home/feld/ros2_ws/build/dataglove_msgs' returned '0': CMAKE_PREFIX_PATH=${CMAKE_PREFIX_PATH}:/home/feld/ros2_ws/install/py_pubsub:/home/feld/ros2_ws/install/dataglove:/opt/ros/jazzy DEBUGINFOD_URLS=https://debuginfod.ubuntu.com /usr/bin/cmake --build /home/feld/ros2_ws/build/dataglove_msgs -- -j8 -l8
[10.554s] Invoking command in '/home/feld/ros2_ws/build/dataglove_msgs': CMAKE_PREFIX_PATH=${CMAKE_PREFIX_PATH}:/home/feld/ros2_ws/install/py_pubsub:/home/feld/ros2_ws/install/dataglove:/opt/ros/jazzy DEBUGINFOD_URLS=https://debuginfod.ubuntu.com /usr/bin/cmake --install /home/feld/ros2_ws/build/dataglove_msgs
[10.566s] -- Install configuration: ""
[10.566s] -- Installing: /home/feld/ros2_ws/install/dataglove_msgs/share/ament_index/resource_index/rosidl_interfaces/dataglove_msgs
[10.567s] -- Installing: /home/feld/ros2_ws/install/dataglove_msgs/share/dataglove_msgs/msg/VMG30Data.json
[10.567s] -- Installing: /home/feld/ros2_ws/install/dataglove_msgs/include/dataglove_msgs/dataglove_msgs
[10.567s] -- Installing: /home/feld/ros2_ws/install/dataglove_msgs/include/dataglove_msgs/dataglove_msgs/msg
[10.567s] -- Installing: /home/feld/ros2_ws/install/dataglove_msgs/include/dataglove_msgs/dataglove_msgs/msg/vmg30_data.h
[10.567s] -- Installing: /home/feld/ros2_ws/install/dataglove_msgs/include/dataglove_msgs/dataglove_msgs/msg/rosidl_generator_c__visibility_control.h
[10.568s] -- Installing: /home/feld/ros2_ws/install/dataglove_msgs/include/dataglove_msgs/dataglove_msgs/msg/detail
[10.568s] -- Installing: /home/feld/ros2_ws/install/dataglove_msgs/include/dataglove_msgs/dataglove_msgs/msg/detail/vmg30_data__struct.h
[10.568s] -- Installing: /home/feld/ros2_ws/install/dataglove_msgs/include/dataglove_msgs/dataglove_msgs/msg/detail/vmg30_data__description.c
[10.568s] -- Installing: /home/feld/ros2_ws/install/dataglove_msgs/include/dataglove_msgs/dataglove_msgs/msg/detail/vmg30_data__type_support.c
[10.568s] -- Installing: /home/feld/ros2_ws/install/dataglove_msgs/include/dataglove_msgs/dataglove_msgs/msg/detail/vmg30_data__functions.c
[10.568s] -- Installing: /home/feld/ros2_ws/install/dataglove_msgs/include/dataglove_msgs/dataglove_msgs/msg/detail/vmg30_data__functions.h
[10.568s] -- Installing: /home/feld/ros2_ws/install/dataglove_msgs/include/dataglove_msgs/dataglove_msgs/msg/detail/vmg30_data__type_support.h
[10.569s] -- Installing: /home/feld/ros2_ws/install/dataglove_msgs/share/dataglove_msgs/environment/library_path.sh
[10.569s] -- Installing: /home/feld/ros2_ws/install/dataglove_msgs/share/dataglove_msgs/environment/library_path.dsv
[10.569s] -- Installing: /home/feld/ros2_ws/install/dataglove_msgs/lib/libdataglove_msgs__rosidl_generator_c.so
[10.569s] -- Set non-toolchain portion of runtime path of "/home/feld/ros2_ws/install/dataglove_msgs/lib/libdataglove_msgs__rosidl_generator_c.so" to ""
[10.569s] -- Up-to-date: /home/feld/ros2_ws/install/dataglove_msgs/include/dataglove_msgs/dataglove_msgs
[10.570s] -- Up-to-date: /home/feld/ros2_ws/install/dataglove_msgs/include/dataglove_msgs/dataglove_msgs/msg
[10.570s] -- Installing: /home/feld/ros2_ws/install/dataglove_msgs/include/dataglove_msgs/dataglove_msgs/msg/rosidl_typesupport_fastrtps_c__visibility_control.h
[10.570s] -- Up-to-date: /home/feld/ros2_ws/install/dataglove_msgs/include/dataglove_msgs/dataglove_msgs/msg/detail
[10.570s] -- Installing: /home/feld/ros2_ws/install/dataglove_msgs/include/dataglove_msgs/dataglove_msgs/msg/detail/vmg30_data__rosidl_typesupport_fastrtps_c.h
[10.570s] -- Installing: /home/feld/ros2_ws/install/dataglove_msgs/lib/libdataglove_msgs__rosidl_typesupport_fastrtps_c.so
[10.570s] -- Set non-toolchain portion of runtime path of "/home/feld/ros2_ws/install/dataglove_msgs/lib/libdataglove_msgs__rosidl_typesupport_fastrtps_c.so" to ""
[10.571s] -- Up-to-date: /home/feld/ros2_ws/install/dataglove_msgs/include/dataglove_msgs/dataglove_msgs
[10.571s] -- Up-to-date: /home/feld/ros2_ws/install/dataglove_msgs/include/dataglove_msgs/dataglove_msgs/msg
[10.571s] -- Installing: /home/feld/ros2_ws/install/dataglove_msgs/include/dataglove_msgs/dataglove_msgs/msg/rosidl_typesupport_introspection_c__visibility_control.h
[10.571s] -- Up-to-date: /home/feld/ros2_ws/install/dataglove_msgs/include/dataglove_msgs/dataglove_msgs/msg/detail
[10.571s] -- Installing: /home/feld/ros2_ws/install/dataglove_msgs/include/dataglove_msgs/dataglove_msgs/msg/detail/vmg30_data__rosidl_typesupport_introspection_c.h
[10.571s] -- Installing: /home/feld/ros2_ws/install/dataglove_msgs/include/dataglove_msgs/dataglove_msgs/msg/detail/vmg30_data__type_support.c
[10.572s] -- Installing: /home/feld/ros2_ws/install/dataglove_msgs/lib/libdataglove_msgs__rosidl_typesupport_introspection_c.so
[10.572s] -- Set non-toolchain portion of runtime path of "/home/feld/ros2_ws/install/dataglove_msgs/lib/libdataglove_msgs__rosidl_typesupport_introspection_c.so" to ""
[10.572s] -- Installing: /home/feld/ros2_ws/install/dataglove_msgs/lib/libdataglove_msgs__rosidl_typesupport_c.so
[10.572s] -- Set non-toolchain portion of runtime path of "/home/feld/ros2_ws/install/dataglove_msgs/lib/libdataglove_msgs__rosidl_typesupport_c.so" to ""
[10.572s] -- Up-to-date: /home/feld/ros2_ws/install/dataglove_msgs/include/dataglove_msgs/dataglove_msgs
[10.573s] -- Up-to-date: /home/feld/ros2_ws/install/dataglove_msgs/include/dataglove_msgs/dataglove_msgs/msg
[10.573s] -- Installing: /home/feld/ros2_ws/install/dataglove_msgs/include/dataglove_msgs/dataglove_msgs/msg/vmg30_data.hpp
[10.573s] -- Installing: /home/feld/ros2_ws/install/dataglove_msgs/include/dataglove_msgs/dataglove_msgs/msg/rosidl_generator_cpp__visibility_control.hpp
[10.573s] -- Up-to-date: /home/feld/ros2_ws/install/dataglove_msgs/include/dataglove_msgs/dataglove_msgs/msg/detail
[10.573s] -- Installing: /home/feld/ros2_ws/install/dataglove_msgs/include/dataglove_msgs/dataglove_msgs/msg/detail/vmg30_data__traits.hpp
[10.573s] -- Installing: /home/feld/ros2_ws/install/dataglove_msgs/include/dataglove_msgs/dataglove_msgs/msg/detail/vmg30_data__type_support.hpp
[10.574s] -- Installing: /home/feld/ros2_ws/install/dataglove_msgs/include/dataglove_msgs/dataglove_msgs/msg/detail/vmg30_data__builder.hpp
[10.574s] -- Installing: /home/feld/ros2_ws/install/dataglove_msgs/include/dataglove_msgs/dataglove_msgs/msg/detail/vmg30_data__struct.hpp
[10.574s] -- Up-to-date: /home/feld/ros2_ws/install/dataglove_msgs/include/dataglove_msgs/dataglove_msgs
[10.574s] -- Up-to-date: /home/feld/ros2_ws/install/dataglove_msgs/include/dataglove_msgs/dataglove_msgs/msg
[10.574s] -- Installing: /home/feld/ros2_ws/install/dataglove_msgs/include/dataglove_msgs/dataglove_msgs/msg/rosidl_typesupport_fastrtps_cpp__visibility_control.h
[10.574s] -- Up-to-date: /home/feld/ros2_ws/install/dataglove_msgs/include/dataglove_msgs/dataglove_msgs/msg/detail
[10.574s] -- Installing: /home/feld/ros2_ws/install/dataglove_msgs/include/dataglove_msgs/dataglove_msgs/msg/detail/vmg30_data__rosidl_typesupport_fastrtps_cpp.hpp
[10.574s] -- Installing: /home/feld/ros2_ws/install/dataglove_msgs/include/dataglove_msgs/dataglove_msgs/msg/detail/dds_fastrtps
[10.575s] -- Installing: /home/feld/ros2_ws/install/dataglove_msgs/lib/libdataglove_msgs__rosidl_typesupport_fastrtps_cpp.so
[10.575s] -- Set non-toolchain portion of runtime path of "/home/feld/ros2_ws/install/dataglove_msgs/lib/libdataglove_msgs__rosidl_typesupport_fastrtps_cpp.so" to ""
[10.575s] -- Up-to-date: /home/feld/ros2_ws/install/dataglove_msgs/include/dataglove_msgs/dataglove_msgs
[10.575s] -- Up-to-date: /home/feld/ros2_ws/install/dataglove_msgs/include/dataglove_msgs/dataglove_msgs/msg
[10.575s] -- Up-to-date: /home/feld/ros2_ws/install/dataglove_msgs/include/dataglove_msgs/dataglove_msgs/msg/detail
[10.575s] -- Installing: /home/feld/ros2_ws/install/dataglove_msgs/include/dataglove_msgs/dataglove_msgs/msg/detail/vmg30_data__rosidl_typesupport_introspection_cpp.hpp
[10.575s] -- Installing: /home/feld/ros2_ws/install/dataglove_msgs/include/dataglove_msgs/dataglove_msgs/msg/detail/vmg30_data__type_support.cpp
[10.576s] -- Installing: /home/feld/ros2_ws/install/dataglove_msgs/lib/libdataglove_msgs__rosidl_typesupport_introspection_cpp.so
[10.576s] -- Set non-toolchain portion of runtime path of "/home/feld/ros2_ws/install/dataglove_msgs/lib/libdataglove_msgs__rosidl_typesupport_introspection_cpp.so" to ""
[10.576s] -- Installing: /home/feld/ros2_ws/install/dataglove_msgs/lib/libdataglove_msgs__rosidl_typesupport_cpp.so
[10.576s] -- Set non-toolchain portion of runtime path of "/home/feld/ros2_ws/install/dataglove_msgs/lib/libdataglove_msgs__rosidl_typesupport_cpp.so" to ""
[10.576s] -- Installing: /home/feld/ros2_ws/install/dataglove_msgs/share/dataglove_msgs/environment/pythonpath.sh
[10.576s] -- Installing: /home/feld/ros2_ws/install/dataglove_msgs/share/dataglove_msgs/environment/pythonpath.dsv
[10.577s] -- Installing: /home/feld/ros2_ws/install/dataglove_msgs/lib/python3.12/site-packages/dataglove_msgs-0.0.0-py3.12.egg-info
[10.577s] -- Installing: /home/feld/ros2_ws/install/dataglove_msgs/lib/python3.12/site-packages/dataglove_msgs-0.0.0-py3.12.egg-info/dependency_links.txt
[10.577s] -- Installing: /home/feld/ros2_ws/install/dataglove_msgs/lib/python3.12/site-packages/dataglove_msgs-0.0.0-py3.12.egg-info/PKG-INFO
[10.577s] -- Installing: /home/feld/ros2_ws/install/dataglove_msgs/lib/python3.12/site-packages/dataglove_msgs-0.0.0-py3.12.egg-info/top_level.txt
[10.577s] -- Installing: /home/feld/ros2_ws/install/dataglove_msgs/lib/python3.12/site-packages/dataglove_msgs-0.0.0-py3.12.egg-info/SOURCES.txt
[10.577s] -- Installing: /home/feld/ros2_ws/install/dataglove_msgs/lib/python3.12/site-packages/dataglove_msgs
[10.577s] -- Installing: /home/feld/ros2_ws/install/dataglove_msgs/lib/python3.12/site-packages/dataglove_msgs/dataglove_msgs_s__rosidl_typesupport_c.so
[10.578s] -- Installing: /home/feld/ros2_ws/install/dataglove_msgs/lib/python3.12/site-packages/dataglove_msgs/_dataglove_msgs_s.ep.rosidl_typesupport_fastrtps_c.c
[10.578s] -- Installing: /home/feld/ros2_ws/install/dataglove_msgs/lib/python3.12/site-packages/dataglove_msgs/_dataglove_msgs_s.ep.rosidl_typesupport_c.c
[10.578s] -- Installing: /home/feld/ros2_ws/install/dataglove_msgs/lib/python3.12/site-packages/dataglove_msgs/__init__.py
[10.578s] -- Installing: /home/feld/ros2_ws/install/dataglove_msgs/lib/python3.12/site-packages/dataglove_msgs/dataglove_msgs_s__rosidl_typesupport_introspection_c.so
[10.578s] -- Installing: /home/feld/ros2_ws/install/dataglove_msgs/lib/python3.12/site-packages/dataglove_msgs/msg
[10.578s] -- Installing: /home/feld/ros2_ws/install/dataglove_msgs/lib/python3.12/site-packages/dataglove_msgs/msg/_vmg30_data_s.c
[10.578s] -- Installing: /home/feld/ros2_ws/install/dataglove_msgs/lib/python3.12/site-packages/dataglove_msgs/msg/_vmg30_data.py
[10.579s] -- Installing: /home/feld/ros2_ws/install/dataglove_msgs/lib/python3.12/site-packages/dataglove_msgs/msg/__init__.py
[10.579s] -- Installing: /home/feld/ros2_ws/install/dataglove_msgs/lib/python3.12/site-packages/dataglove_msgs/dataglove_msgs_s__rosidl_typesupport_fastrtps_c.so
[10.579s] -- Installing: /home/feld/ros2_ws/install/dataglove_msgs/lib/python3.12/site-packages/dataglove_msgs/_dataglove_msgs_s.ep.rosidl_typesupport_introspection_c.c
[10.643s] Listing '/home/feld/ros2_ws/install/dataglove_msgs/lib/python3.12/site-packages/dataglove_msgs'...
[10.643s] Compiling '/home/feld/ros2_ws/install/dataglove_msgs/lib/python3.12/site-packages/dataglove_msgs/__init__.py'...
[10.643s] Listing '/home/feld/ros2_ws/install/dataglove_msgs/lib/python3.12/site-packages/dataglove_msgs/msg'...
[10.643s] Compiling '/home/feld/ros2_ws/install/dataglove_msgs/lib/python3.12/site-packages/dataglove_msgs/msg/__init__.py'...
[10.644s] Compiling '/home/feld/ros2_ws/install/dataglove_msgs/lib/python3.12/site-packages/dataglove_msgs/msg/_vmg30_data.py'...
[10.652s] -- Installing: /home/feld/ros2_ws/install/dataglove_msgs/lib/python3.12/site-packages/dataglove_msgs/dataglove_msgs_s__rosidl_typesupport_fastrtps_c.so
[10.653s] -- Set non-toolchain portion of runtime path of "/home/feld/ros2_ws/install/dataglove_msgs/lib/python3.12/site-packages/dataglove_msgs/dataglove_msgs_s__rosidl_typesupport_fastrtps_c.so" to ""
[10.653s] -- Installing: /home/feld/ros2_ws/install/dataglove_msgs/lib/python3.12/site-packages/dataglove_msgs/dataglove_msgs_s__rosidl_typesupport_introspection_c.so
[10.653s] -- Set non-toolchain portion of runtime path of "/home/feld/ros2_ws/install/dataglove_msgs/lib/python3.12/site-packages/dataglove_msgs/dataglove_msgs_s__rosidl_typesupport_introspection_c.so" to ""
[10.653s] -- Installing: /home/feld/ros2_ws/install/dataglove_msgs/lib/python3.12/site-packages/dataglove_msgs/dataglove_msgs_s__rosidl_typesupport_c.so
[10.654s] -- Set non-toolchain portion of runtime path of "/home/feld/ros2_ws/install/dataglove_msgs/lib/python3.12/site-packages/dataglove_msgs/dataglove_msgs_s__rosidl_typesupport_c.so" to ""
[10.654s] -- Installing: /home/feld/ros2_ws/install/dataglove_msgs/lib/libdataglove_msgs__rosidl_generator_py.so
[10.654s] -- Set non-toolchain portion of runtime path of "/home/feld/ros2_ws/install/dataglove_msgs/lib/libdataglove_msgs__rosidl_generator_py.so" to ""
[10.655s] -- Installing: /home/feld/ros2_ws/install/dataglove_msgs/share/dataglove_msgs/msg/VMG30Data.idl
[10.655s] -- Installing: /home/feld/ros2_ws/install/dataglove_msgs/share/dataglove_msgs/msg/VMG30Data.msg
[10.655s] -- Installing: /home/feld/ros2_ws/install/dataglove_msgs/share/ament_index/resource_index/package_run_dependencies/dataglove_msgs
[10.655s] -- Installing: /home/feld/ros2_ws/install/dataglove_msgs/share/ament_index/resource_index/parent_prefix_path/dataglove_msgs
[10.655s] -- Installing: /home/feld/ros2_ws/install/dataglove_msgs/share/dataglove_msgs/environment/ament_prefix_path.sh
[10.655s] -- Installing: /home/feld/ros2_ws/install/dataglove_msgs/share/dataglove_msgs/environment/ament_prefix_path.dsv
[10.656s] -- Installing: /home/feld/ros2_ws/install/dataglove_msgs/share/dataglove_msgs/environment/path.sh
[10.656s] -- Installing: /home/feld/ros2_ws/install/dataglove_msgs/share/dataglove_msgs/environment/path.dsv
[10.656s] -- Installing: /home/feld/ros2_ws/install/dataglove_msgs/share/dataglove_msgs/local_setup.bash
[10.656s] -- Installing: /home/feld/ros2_ws/install/dataglove_msgs/share/dataglove_msgs/local_setup.sh
[10.656s] -- Installing: /home/feld/ros2_ws/install/dataglove_msgs/share/dataglove_msgs/local_setup.zsh
[10.656s] -- Installing: /home/feld/ros2_ws/install/dataglove_msgs/share/dataglove_msgs/local_setup.dsv
[10.657s] -- Installing: /home/feld/ros2_ws/install/dataglove_msgs/share/dataglove_msgs/package.dsv
[10.657s] -- Installing: /home/feld/ros2_ws/install/dataglove_msgs/share/ament_index/resource_index/packages/dataglove_msgs
[10.657s] -- Installing: /home/feld/ros2_ws/install/dataglove_msgs/share/dataglove_msgs/cmake/export_dataglove_msgs__rosidl_generator_cExport.cmake
[10.657s] -- Installing: /home/feld/ros2_ws/install/dataglove_msgs/share/dataglove_msgs/cmake/export_dataglove_msgs__rosidl_generator_cExport-noconfig.cmake
[10.658s] -- Installing: /home/feld/ros2_ws/install/dataglove_msgs/share/dataglove_msgs/cmake/export_dataglove_msgs__rosidl_typesupport_fastrtps_cExport.cmake
[10.658s] -- Installing: /home/feld/ros2_ws/install/dataglove_msgs/share/dataglove_msgs/cmake/export_dataglove_msgs__rosidl_typesupport_fastrtps_cExport-noconfig.cmake
[10.658s] -- Installing: /home/feld/ros2_ws/install/dataglove_msgs/share/dataglove_msgs/cmake/dataglove_msgs__rosidl_typesupport_introspection_cExport.cmake
[10.658s] -- Installing: /home/feld/ros2_ws/install/dataglove_msgs/share/dataglove_msgs/cmake/dataglove_msgs__rosidl_typesupport_introspection_cExport-noconfig.cmake
[10.658s] -- Installing: /home/feld/ros2_ws/install/dataglove_msgs/share/dataglove_msgs/cmake/dataglove_msgs__rosidl_typesupport_cExport.cmake
[10.659s] -- Installing: /home/feld/ros2_ws/install/dataglove_msgs/share/dataglove_msgs/cmake/dataglove_msgs__rosidl_typesupport_cExport-noconfig.cmake
[10.659s] -- Installing: /home/feld/ros2_ws/install/dataglove_msgs/share/dataglove_msgs/cmake/export_dataglove_msgs__rosidl_generator_cppExport.cmake
[10.659s] -- Installing: /home/feld/ros2_ws/install/dataglove_msgs/share/dataglove_msgs/cmake/export_dataglove_msgs__rosidl_typesupport_fastrtps_cppExport.cmake
[10.659s] -- Installing: /home/feld/ros2_ws/install/dataglove_msgs/share/dataglove_msgs/cmake/export_dataglove_msgs__rosidl_typesupport_fastrtps_cppExport-noconfig.cmake
[10.659s] -- Installing: /home/feld/ros2_ws/install/dataglove_msgs/share/dataglove_msgs/cmake/dataglove_msgs__rosidl_typesupport_introspection_cppExport.cmake
[10.660s] -- Installing: /home/feld/ros2_ws/install/dataglove_msgs/share/dataglove_msgs/cmake/dataglove_msgs__rosidl_typesupport_introspection_cppExport-noconfig.cmake
[10.660s] -- Installing: /home/feld/ros2_ws/install/dataglove_msgs/share/dataglove_msgs/cmake/dataglove_msgs__rosidl_typesupport_cppExport.cmake
[10.660s] -- Installing: /home/feld/ros2_ws/install/dataglove_msgs/share/dataglove_msgs/cmake/dataglove_msgs__rosidl_typesupport_cppExport-noconfig.cmake
[10.660s] -- Installing: /home/feld/ros2_ws/install/dataglove_msgs/share/dataglove_msgs/cmake/export_dataglove_msgs__rosidl_generator_pyExport.cmake
[10.660s] -- Installing: /home/feld/ros2_ws/install/dataglove_msgs/share/dataglove_msgs/cmake/export_dataglove_msgs__rosidl_generator_pyExport-noconfig.cmake
[10.660s] -- Installing: /home/feld/ros2_ws/install/dataglove_msgs/share/dataglove_msgs/cmake/rosidl_cmake-extras.cmake
[10.661s] -- Installing: /home/feld/ros2_ws/install/dataglove_msgs/share/dataglove_msgs/cmake/ament_cmake_export_dependencies-extras.cmake
[10.661s] -- Installing: /home/feld/ros2_ws/install/dataglove_msgs/share/dataglove_msgs/cmake/ament_cmake_export_include_directories-extras.cmake
[10.661s] -- Installing: /home/feld/ros2_ws/install/dataglove_msgs/share/dataglove_msgs/cmake/ament_cmake_export_libraries-extras.cmake
[10.661s] -- Installing: /home/feld/ros2_ws/install/dataglove_msgs/share/dataglove_msgs/cmake/ament_cmake_export_targets-extras.cmake
[10.661s] -- Installing: /home/feld/ros2_ws/install/dataglove_msgs/share/dataglove_msgs/cmake/rosidl_cmake_export_typesupport_targets-extras.cmake
[10.662s] -- Installing: /home/feld/ros2_ws/install/dataglove_msgs/share/dataglove_msgs/cmake/rosidl_cmake_export_typesupport_libraries-extras.cmake
[10.662s] -- Installing: /home/feld/ros2_ws/install/dataglove_msgs/share/dataglove_msgs/cmake/dataglove_msgsConfig.cmake
[10.662s] -- Installing: /home/feld/ros2_ws/install/dataglove_msgs/share/dataglove_msgs/cmake/dataglove_msgsConfig-version.cmake
[10.662s] -- Installing: /home/feld/ros2_ws/install/dataglove_msgs/share/dataglove_msgs/package.xml
[10.665s] Invoked command in '/home/feld/ros2_ws/build/dataglove_msgs' returned '0': CMAKE_PREFIX_PATH=${CMAKE_PREFIX_PATH}:/home/feld/ros2_ws/install/py_pubsub:/home/feld/ros2_ws/install/dataglove:/opt/ros/jazzy DEBUGINFOD_URLS=https://debuginfod.ubuntu.com /usr/bin/cmake --install /home/feld/ros2_ws/build/dataglove_msgs
