running egg_info
writing ../../build/dataglove/dataglove.egg-info/PKG-INFO
writing dependency_links to ../../build/dataglove/dataglove.egg-info/dependency_links.txt
writing entry points to ../../build/dataglove/dataglove.egg-info/entry_points.txt
writing requirements to ../../build/dataglove/dataglove.egg-info/requires.txt
writing top-level names to ../../build/dataglove/dataglove.egg-info/top_level.txt
reading manifest file '../../build/dataglove/dataglove.egg-info/SOURCES.txt'
writing manifest file '../../build/dataglove/dataglove.egg-info/SOURCES.txt'
running build
running build_py
copying dataglove/data_saver.py -> /home/feld/ros2_ws/build/dataglove/build/lib/dataglove
copying dataglove/__init__.py -> /home/feld/ros2_ws/build/dataglove/build/lib/dataglove
copying dataglove/glove.py -> /home/feld/ros2_ws/build/dataglove/build/lib/dataglove
copying dataglove/vmg30.py -> /home/feld/ros2_ws/build/dataglove/build/lib/dataglove
running install
running install_lib
copying /home/feld/ros2_ws/build/dataglove/build/lib/dataglove/data_saver.py -> /home/feld/ros2_ws/install/dataglove/lib/python3.12/site-packages/dataglove
copying /home/feld/ros2_ws/build/dataglove/build/lib/dataglove/__init__.py -> /home/feld/ros2_ws/install/dataglove/lib/python3.12/site-packages/dataglove
copying /home/feld/ros2_ws/build/dataglove/build/lib/dataglove/glove.py -> /home/feld/ros2_ws/install/dataglove/lib/python3.12/site-packages/dataglove
copying /home/feld/ros2_ws/build/dataglove/build/lib/dataglove/vmg30.py -> /home/feld/ros2_ws/install/dataglove/lib/python3.12/site-packages/dataglove
byte-compiling /home/feld/ros2_ws/install/dataglove/lib/python3.12/site-packages/dataglove/data_saver.py to data_saver.cpython-312.pyc
byte-compiling /home/feld/ros2_ws/install/dataglove/lib/python3.12/site-packages/dataglove/__init__.py to __init__.cpython-312.pyc
byte-compiling /home/feld/ros2_ws/install/dataglove/lib/python3.12/site-packages/dataglove/glove.py to glove.cpython-312.pyc
byte-compiling /home/feld/ros2_ws/install/dataglove/lib/python3.12/site-packages/dataglove/vmg30.py to vmg30.cpython-312.pyc
running install_data
copying resource/dataglove -> /home/feld/ros2_ws/install/dataglove/share/ament_index/resource_index/packages
copying package.xml -> /home/feld/ros2_ws/install/dataglove/share/dataglove
running install_egg_info
removing '/home/feld/ros2_ws/install/dataglove/lib/python3.12/site-packages/dataglove-0.0.0-py3.12.egg-info' (and everything under it)
Copying ../../build/dataglove/dataglove.egg-info to /home/feld/ros2_ws/install/dataglove/lib/python3.12/site-packages/dataglove-0.0.0-py3.12.egg-info
running install_scripts
Installing data_saver script to /home/feld/ros2_ws/install/dataglove/lib/dataglove
Installing glove script to /home/feld/ros2_ws/install/dataglove/lib/dataglove
writing list of installed files to '/home/feld/ros2_ws/build/dataglove/install.log'
