[1.441s] Invoking command in '/home/feld/ros2_ws/src/dataglove': CMAKE_PREFIX_PATH=/home/feld/ros2_ws/install/dataglove_msgs:/home/feld/ros2_ws/install/tutorial_interfaces:/opt/ros/jazzy/opt/gz_math_vendor:/opt/ros/jazzy/opt/gz_utils_vendor:/opt/ros/jazzy/opt/gz_cmake_vendor DEBUGINFOD_URLS=https://debuginfod.ubuntu.com LD_LIBRARY_PATH=/home/feld/ros2_ws/install/dataglove_msgs/lib:/home/feld/ros2_ws/install/tutorial_interfaces/lib:/opt/ros/jazzy/opt/rviz_ogre_vendor/lib:/opt/ros/jazzy/lib/x86_64-linux-gnu:/opt/ros/jazzy/opt/gz_math_vendor/lib:/opt/ros/jazzy/opt/gz_utils_vendor/lib:/opt/ros/jazzy/opt/gz_cmake_vendor/lib:/opt/ros/jazzy/lib PYTHONPATH=/home/feld/ros2_ws/build/dataglove/prefix_override:/usr/lib/python3/dist-packages/colcon_core/task/python/colcon_distutils_commands:/home/feld/ros2_ws/install/dataglove/lib/python3.12/site-packages:/home/feld/ros2_ws/install/dataglove_msgs/lib/python3.12/site-packages:/home/feld/ros2_ws/install/tutorial_interfaces/lib/python3.12/site-packages:/home/feld/ros2_ws/install/py_pubsub/lib/python3.12/site-packages:/home/feld/ros2_ws/install/dataglove/lib/python3.12/site-packages:/opt/ros/jazzy/lib/python3.12/site-packages /usr/bin/python3 -W ignore:setup.py install is deprecated -W ignore:easy_install command is deprecated setup.py egg_info --egg-base ../../build/dataglove build --build-base /home/feld/ros2_ws/build/dataglove/build install --record /home/feld/ros2_ws/build/dataglove/install.log --single-version-externally-managed install_data
[1.918s] running egg_info
[1.951s] writing ../../build/dataglove/dataglove.egg-info/PKG-INFO
[1.957s] writing dependency_links to ../../build/dataglove/dataglove.egg-info/dependency_links.txt
[1.957s] writing entry points to ../../build/dataglove/dataglove.egg-info/entry_points.txt
[1.957s] writing requirements to ../../build/dataglove/dataglove.egg-info/requires.txt
[1.957s] writing top-level names to ../../build/dataglove/dataglove.egg-info/top_level.txt
[2.027s] reading manifest file '../../build/dataglove/dataglove.egg-info/SOURCES.txt'
[2.028s] writing manifest file '../../build/dataglove/dataglove.egg-info/SOURCES.txt'
[2.028s] running build
[2.028s] running build_py
[2.029s] copying dataglove/data_saver.py -> /home/feld/ros2_ws/build/dataglove/build/lib/dataglove
[2.029s] copying dataglove/__init__.py -> /home/feld/ros2_ws/build/dataglove/build/lib/dataglove
[2.029s] copying dataglove/glove.py -> /home/feld/ros2_ws/build/dataglove/build/lib/dataglove
[2.030s] copying dataglove/vmg30.py -> /home/feld/ros2_ws/build/dataglove/build/lib/dataglove
[2.030s] running install
[2.040s] running install_lib
[2.075s] copying /home/feld/ros2_ws/build/dataglove/build/lib/dataglove/data_saver.py -> /home/feld/ros2_ws/install/dataglove/lib/python3.12/site-packages/dataglove
[2.076s] copying /home/feld/ros2_ws/build/dataglove/build/lib/dataglove/__init__.py -> /home/feld/ros2_ws/install/dataglove/lib/python3.12/site-packages/dataglove
[2.076s] copying /home/feld/ros2_ws/build/dataglove/build/lib/dataglove/glove.py -> /home/feld/ros2_ws/install/dataglove/lib/python3.12/site-packages/dataglove
[2.076s] copying /home/feld/ros2_ws/build/dataglove/build/lib/dataglove/vmg30.py -> /home/feld/ros2_ws/install/dataglove/lib/python3.12/site-packages/dataglove
[2.077s] byte-compiling /home/feld/ros2_ws/install/dataglove/lib/python3.12/site-packages/dataglove/data_saver.py to data_saver.cpython-312.pyc
[2.077s] byte-compiling /home/feld/ros2_ws/install/dataglove/lib/python3.12/site-packages/dataglove/__init__.py to __init__.cpython-312.pyc
[2.078s] byte-compiling /home/feld/ros2_ws/install/dataglove/lib/python3.12/site-packages/dataglove/glove.py to glove.cpython-312.pyc
[2.078s] byte-compiling /home/feld/ros2_ws/install/dataglove/lib/python3.12/site-packages/dataglove/vmg30.py to vmg30.cpython-312.pyc
[2.082s] running install_data
[2.082s] copying resource/dataglove -> /home/feld/ros2_ws/install/dataglove/share/ament_index/resource_index/packages
[2.082s] copying package.xml -> /home/feld/ros2_ws/install/dataglove/share/dataglove
[2.083s] running install_egg_info
[2.120s] removing '/home/feld/ros2_ws/install/dataglove/lib/python3.12/site-packages/dataglove-0.0.0-py3.12.egg-info' (and everything under it)
[2.120s] Copying ../../build/dataglove/dataglove.egg-info to /home/feld/ros2_ws/install/dataglove/lib/python3.12/site-packages/dataglove-0.0.0-py3.12.egg-info
[2.121s] running install_scripts
[2.346s] Installing data_saver script to /home/feld/ros2_ws/install/dataglove/lib/dataglove
[2.346s] Installing glove script to /home/feld/ros2_ws/install/dataglove/lib/dataglove
[2.347s] writing list of installed files to '/home/feld/ros2_ws/build/dataglove/install.log'
[2.389s] Invoked command in '/home/feld/ros2_ws/src/dataglove' returned '0': CMAKE_PREFIX_PATH=/home/feld/ros2_ws/install/dataglove_msgs:/home/feld/ros2_ws/install/tutorial_interfaces:/opt/ros/jazzy/opt/gz_math_vendor:/opt/ros/jazzy/opt/gz_utils_vendor:/opt/ros/jazzy/opt/gz_cmake_vendor DEBUGINFOD_URLS=https://debuginfod.ubuntu.com LD_LIBRARY_PATH=/home/feld/ros2_ws/install/dataglove_msgs/lib:/home/feld/ros2_ws/install/tutorial_interfaces/lib:/opt/ros/jazzy/opt/rviz_ogre_vendor/lib:/opt/ros/jazzy/lib/x86_64-linux-gnu:/opt/ros/jazzy/opt/gz_math_vendor/lib:/opt/ros/jazzy/opt/gz_utils_vendor/lib:/opt/ros/jazzy/opt/gz_cmake_vendor/lib:/opt/ros/jazzy/lib PYTHONPATH=/home/feld/ros2_ws/build/dataglove/prefix_override:/usr/lib/python3/dist-packages/colcon_core/task/python/colcon_distutils_commands:/home/feld/ros2_ws/install/dataglove/lib/python3.12/site-packages:/home/feld/ros2_ws/install/dataglove_msgs/lib/python3.12/site-packages:/home/feld/ros2_ws/install/tutorial_interfaces/lib/python3.12/site-packages:/home/feld/ros2_ws/install/py_pubsub/lib/python3.12/site-packages:/home/feld/ros2_ws/install/dataglove/lib/python3.12/site-packages:/opt/ros/jazzy/lib/python3.12/site-packages /usr/bin/python3 -W ignore:setup.py install is deprecated -W ignore:easy_install command is deprecated setup.py egg_info --egg-base ../../build/dataglove build --build-base /home/feld/ros2_ws/build/dataglove/build install --record /home/feld/ros2_ws/build/dataglove/install.log --single-version-externally-managed install_data
