[1.388s] Invoking command in '/home/feld/ros2_ws/src/dataglove': DEBUGINFOD_URLS=https://debuginfod.ubuntu.com PYTHONPATH=/home/feld/ros2_ws/src/build/dataglove/prefix_override:/usr/lib/python3/dist-packages/colcon_core/task/python/colcon_distutils_commands:/home/feld/ros2_ws/src/install/dataglove/lib/python3.12/site-packages:/home/feld/ros2_ws/src/install/dataglove_msgs/lib/python3.12/site-packages:/home/feld/ros2_ws/src/install/dataglove/lib/python3.12/site-packages:/home/feld/ros2_ws/install/dataglove_msgs/lib/python3.12/site-packages:/home/feld/ros2_ws/install/tutorial_interfaces/lib/python3.12/site-packages:/home/feld/ros2_ws/install/py_pubsub/lib/python3.12/site-packages:/home/feld/ros2_ws/install/dataglove/lib/python3.12/site-packages:/opt/ros/jazzy/lib/python3.12/site-packages /usr/bin/python3 -W ignore:setup.py install is deprecated -W ignore:easy_install command is deprecated setup.py egg_info --egg-base ../build/dataglove build --build-base /home/feld/ros2_ws/src/build/dataglove/build install --record /home/feld/ros2_ws/src/build/dataglove/install.log --single-version-externally-managed install_data
[1.851s] running egg_info
[1.886s] writing ../build/dataglove/dataglove.egg-info/PKG-INFO
[1.886s] writing dependency_links to ../build/dataglove/dataglove.egg-info/dependency_links.txt
[1.886s] writing entry points to ../build/dataglove/dataglove.egg-info/entry_points.txt
[1.886s] writing requirements to ../build/dataglove/dataglove.egg-info/requires.txt
[1.887s] writing top-level names to ../build/dataglove/dataglove.egg-info/top_level.txt
[1.954s] reading manifest file '../build/dataglove/dataglove.egg-info/SOURCES.txt'
[1.955s] writing manifest file '../build/dataglove/dataglove.egg-info/SOURCES.txt'
[1.955s] running build
[1.956s] running build_py
[1.956s] copying dataglove/data_saver.py -> /home/feld/ros2_ws/src/build/dataglove/build/lib/dataglove
[1.956s] running install
[1.967s] running install_lib
[2.001s] copying /home/feld/ros2_ws/src/build/dataglove/build/lib/dataglove/data_saver.py -> /home/feld/ros2_ws/src/install/dataglove/lib/python3.12/site-packages/dataglove
[2.002s] byte-compiling /home/feld/ros2_ws/src/install/dataglove/lib/python3.12/site-packages/dataglove/data_saver.py to data_saver.cpython-312.pyc
[2.002s] running install_data
[2.003s] running install_egg_info
[2.039s] removing '/home/feld/ros2_ws/src/install/dataglove/lib/python3.12/site-packages/dataglove-0.0.0-py3.12.egg-info' (and everything under it)
[2.039s] Copying ../build/dataglove/dataglove.egg-info to /home/feld/ros2_ws/src/install/dataglove/lib/python3.12/site-packages/dataglove-0.0.0-py3.12.egg-info
[2.040s] running install_scripts
[2.258s] Installing glove script to /home/feld/ros2_ws/src/install/dataglove/lib/dataglove
[2.259s] writing list of installed files to '/home/feld/ros2_ws/src/build/dataglove/install.log'
[2.302s] Invoked command in '/home/feld/ros2_ws/src/dataglove' returned '0': DEBUGINFOD_URLS=https://debuginfod.ubuntu.com PYTHONPATH=/home/feld/ros2_ws/src/build/dataglove/prefix_override:/usr/lib/python3/dist-packages/colcon_core/task/python/colcon_distutils_commands:/home/feld/ros2_ws/src/install/dataglove/lib/python3.12/site-packages:/home/feld/ros2_ws/src/install/dataglove_msgs/lib/python3.12/site-packages:/home/feld/ros2_ws/src/install/dataglove/lib/python3.12/site-packages:/home/feld/ros2_ws/install/dataglove_msgs/lib/python3.12/site-packages:/home/feld/ros2_ws/install/tutorial_interfaces/lib/python3.12/site-packages:/home/feld/ros2_ws/install/py_pubsub/lib/python3.12/site-packages:/home/feld/ros2_ws/install/dataglove/lib/python3.12/site-packages:/opt/ros/jazzy/lib/python3.12/site-packages /usr/bin/python3 -W ignore:setup.py install is deprecated -W ignore:easy_install command is deprecated setup.py egg_info --egg-base ../build/dataglove build --build-base /home/feld/ros2_ws/src/build/dataglove/build install --record /home/feld/ros2_ws/src/build/dataglove/install.log --single-version-externally-managed install_data
