[1.357s] Invoking command in '/home/feld/ros2_ws/src/py_pubsub': DEBUGINFOD_URLS=https://debuginfod.ubuntu.com PYTHONPATH=/home/feld/ros2_ws/build/py_pubsub/prefix_override:/usr/lib/python3/dist-packages/colcon_core/task/python/colcon_distutils_commands:/home/feld/ros2_ws/install/py_pubsub/lib/python3.12/site-packages:${PYTHONPATH} /usr/bin/python3 -W ignore:setup.py install is deprecated -W ignore:easy_install command is deprecated setup.py egg_info --egg-base ../../build/py_pubsub build --build-base /home/feld/ros2_ws/build/py_pubsub/build install --record /home/feld/ros2_ws/build/py_pubsub/install.log --single-version-externally-managed install_data
[1.795s] running egg_info
[1.829s] writing ../../build/py_pubsub/py_pubsub.egg-info/PKG-INFO
[1.829s] writing dependency_links to ../../build/py_pubsub/py_pubsub.egg-info/dependency_links.txt
[1.829s] writing entry points to ../../build/py_pubsub/py_pubsub.egg-info/entry_points.txt
[1.829s] writing requirements to ../../build/py_pubsub/py_pubsub.egg-info/requires.txt
[1.830s] writing top-level names to ../../build/py_pubsub/py_pubsub.egg-info/top_level.txt
[1.899s] reading manifest file '../../build/py_pubsub/py_pubsub.egg-info/SOURCES.txt'
[1.899s] adding license file 'LICENSE'
[1.900s] writing manifest file '../../build/py_pubsub/py_pubsub.egg-info/SOURCES.txt'
[1.900s] running build
[1.900s] running build_py
[1.900s] running install
[1.911s] running install_lib
[1.945s] running install_data
[1.945s] creating /home/feld/ros2_ws/install/py_pubsub/share/py_pubsub/launch
[1.946s] copying launch/pubsub_launch.yaml -> /home/feld/ros2_ws/install/py_pubsub/share/py_pubsub/launch
[1.946s] running install_egg_info
[1.980s] removing '/home/feld/ros2_ws/install/py_pubsub/lib/python3.12/site-packages/py_pubsub-0.0.0-py3.12.egg-info' (and everything under it)
[1.981s] Copying ../../build/py_pubsub/py_pubsub.egg-info to /home/feld/ros2_ws/install/py_pubsub/lib/python3.12/site-packages/py_pubsub-0.0.0-py3.12.egg-info
[1.982s] running install_scripts
[2.193s] Installing listener script to /home/feld/ros2_ws/install/py_pubsub/lib/py_pubsub
[2.194s] Installing talker script to /home/feld/ros2_ws/install/py_pubsub/lib/py_pubsub
[2.194s] writing list of installed files to '/home/feld/ros2_ws/build/py_pubsub/install.log'
[2.240s] Invoked command in '/home/feld/ros2_ws/src/py_pubsub' returned '0': DEBUGINFOD_URLS=https://debuginfod.ubuntu.com PYTHONPATH=/home/feld/ros2_ws/build/py_pubsub/prefix_override:/usr/lib/python3/dist-packages/colcon_core/task/python/colcon_distutils_commands:/home/feld/ros2_ws/install/py_pubsub/lib/python3.12/site-packages:${PYTHONPATH} /usr/bin/python3 -W ignore:setup.py install is deprecated -W ignore:easy_install command is deprecated setup.py egg_info --egg-base ../../build/py_pubsub build --build-base /home/feld/ros2_ws/build/py_pubsub/build install --record /home/feld/ros2_ws/build/py_pubsub/install.log --single-version-externally-managed install_data
