[0.016s] Invoking command in '/home/feld/ros2_ws/src/build/dataglove_msgs': CMAKE_PREFIX_PATH=${CMAKE_PREFIX_PATH}:/home/feld/ros2_ws/src/install/dataglove:/home/feld/ros2_ws/install/py_pubsub:/home/feld/ros2_ws/install/dataglove:/opt/ros/jazzy DEBUGINFOD_URLS=https://debuginfod.ubuntu.com /usr/bin/cmake --build /home/feld/ros2_ws/src/build/dataglove_msgs -- -j8 -l8
[0.084s] [  2%] Built target dataglove_msgs__rosidl_generator_type_description
[0.098s] [  2%] Built target ament_cmake_python_copy_dataglove_msgs
[0.114s] [  5%] Built target dataglove_msgs__cpp
[0.116s] [ 20%] Built target dataglove_msgs__rosidl_generator_c
[0.160s] [ 29%] Built target dataglove_msgs__rosidl_typesupport_introspection_cpp
[0.160s] [ 38%] Built target dataglove_msgs__rosidl_typesupport_introspection_c
[0.160s] [ 47%] Built target dataglove_msgs__rosidl_typesupport_c
[0.162s] [ 55%] Built target dataglove_msgs__rosidl_typesupport_cpp
[0.163s] [ 64%] Built target dataglove_msgs__rosidl_typesupport_fastrtps_c
[0.165s] [ 73%] Built target dataglove_msgs__rosidl_typesupport_fastrtps_cpp
[0.196s] [ 73%] Built target dataglove_msgs
[0.226s] [ 76%] Built target dataglove_msgs__py
[0.258s] [ 82%] Built target dataglove_msgs__rosidl_generator_py
[0.290s] [ 94%] Built target dataglove_msgs_s__rosidl_typesupport_fastrtps_c
[0.290s] [ 94%] Built target dataglove_msgs_s__rosidl_typesupport_c
[0.295s] [100%] Built target dataglove_msgs_s__rosidl_typesupport_introspection_c
[0.500s] running egg_info
[0.535s] writing dataglove_msgs.egg-info/PKG-INFO
[0.535s] writing dependency_links to dataglove_msgs.egg-info/dependency_links.txt
[0.536s] writing top-level names to dataglove_msgs.egg-info/top_level.txt
[0.640s] reading manifest file 'dataglove_msgs.egg-info/SOURCES.txt'
[0.640s] writing manifest file 'dataglove_msgs.egg-info/SOURCES.txt'
[0.680s] [100%] Built target ament_cmake_python_build_dataglove_msgs_egg
[0.696s] Invoked command in '/home/feld/ros2_ws/src/build/dataglove_msgs' returned '0': CMAKE_PREFIX_PATH=${CMAKE_PREFIX_PATH}:/home/feld/ros2_ws/src/install/dataglove:/home/feld/ros2_ws/install/py_pubsub:/home/feld/ros2_ws/install/dataglove:/opt/ros/jazzy DEBUGINFOD_URLS=https://debuginfod.ubuntu.com /usr/bin/cmake --build /home/feld/ros2_ws/src/build/dataglove_msgs -- -j8 -l8
[0.712s] Invoking command in '/home/feld/ros2_ws/src/build/dataglove_msgs': CMAKE_PREFIX_PATH=${CMAKE_PREFIX_PATH}:/home/feld/ros2_ws/src/install/dataglove:/home/feld/ros2_ws/install/py_pubsub:/home/feld/ros2_ws/install/dataglove:/opt/ros/jazzy DEBUGINFOD_URLS=https://debuginfod.ubuntu.com /usr/bin/cmake --install /home/feld/ros2_ws/src/build/dataglove_msgs
[0.724s] -- Install configuration: ""
[0.724s] -- Up-to-date: /home/feld/ros2_ws/src/install/dataglove_msgs/share/ament_index/resource_index/rosidl_interfaces/dataglove_msgs
[0.724s] -- Up-to-date: /home/feld/ros2_ws/src/install/dataglove_msgs/share/dataglove_msgs/msg/VMG30Data.json
[0.725s] -- Up-to-date: /home/feld/ros2_ws/src/install/dataglove_msgs/include/dataglove_msgs/dataglove_msgs
[0.725s] -- Up-to-date: /home/feld/ros2_ws/src/install/dataglove_msgs/include/dataglove_msgs/dataglove_msgs/msg
[0.725s] -- Up-to-date: /home/feld/ros2_ws/src/install/dataglove_msgs/include/dataglove_msgs/dataglove_msgs/msg/vmg30_data.h
[0.725s] -- Up-to-date: /home/feld/ros2_ws/src/install/dataglove_msgs/include/dataglove_msgs/dataglove_msgs/msg/rosidl_generator_c__visibility_control.h
[0.725s] -- Up-to-date: /home/feld/ros2_ws/src/install/dataglove_msgs/include/dataglove_msgs/dataglove_msgs/msg/detail
[0.725s] -- Up-to-date: /home/feld/ros2_ws/src/install/dataglove_msgs/include/dataglove_msgs/dataglove_msgs/msg/detail/vmg30_data__struct.h
[0.726s] -- Up-to-date: /home/feld/ros2_ws/src/install/dataglove_msgs/include/dataglove_msgs/dataglove_msgs/msg/detail/vmg30_data__description.c
[0.726s] -- Up-to-date: /home/feld/ros2_ws/src/install/dataglove_msgs/include/dataglove_msgs/dataglove_msgs/msg/detail/vmg30_data__type_support.c
[0.726s] -- Up-to-date: /home/feld/ros2_ws/src/install/dataglove_msgs/include/dataglove_msgs/dataglove_msgs/msg/detail/vmg30_data__functions.c
[0.726s] -- Up-to-date: /home/feld/ros2_ws/src/install/dataglove_msgs/include/dataglove_msgs/dataglove_msgs/msg/detail/vmg30_data__functions.h
[0.726s] -- Up-to-date: /home/feld/ros2_ws/src/install/dataglove_msgs/include/dataglove_msgs/dataglove_msgs/msg/detail/vmg30_data__type_support.h
[0.726s] -- Up-to-date: /home/feld/ros2_ws/src/install/dataglove_msgs/share/dataglove_msgs/environment/library_path.sh
[0.726s] -- Up-to-date: /home/feld/ros2_ws/src/install/dataglove_msgs/share/dataglove_msgs/environment/library_path.dsv
[0.727s] -- Up-to-date: /home/feld/ros2_ws/src/install/dataglove_msgs/lib/libdataglove_msgs__rosidl_generator_c.so
[0.727s] -- Up-to-date: /home/feld/ros2_ws/src/install/dataglove_msgs/include/dataglove_msgs/dataglove_msgs
[0.727s] -- Up-to-date: /home/feld/ros2_ws/src/install/dataglove_msgs/include/dataglove_msgs/dataglove_msgs/msg
[0.727s] -- Up-to-date: /home/feld/ros2_ws/src/install/dataglove_msgs/include/dataglove_msgs/dataglove_msgs/msg/rosidl_typesupport_fastrtps_c__visibility_control.h
[0.727s] -- Up-to-date: /home/feld/ros2_ws/src/install/dataglove_msgs/include/dataglove_msgs/dataglove_msgs/msg/detail
[0.727s] -- Up-to-date: /home/feld/ros2_ws/src/install/dataglove_msgs/include/dataglove_msgs/dataglove_msgs/msg/detail/vmg30_data__rosidl_typesupport_fastrtps_c.h
[0.727s] -- Up-to-date: /home/feld/ros2_ws/src/install/dataglove_msgs/lib/libdataglove_msgs__rosidl_typesupport_fastrtps_c.so
[0.728s] -- Up-to-date: /home/feld/ros2_ws/src/install/dataglove_msgs/include/dataglove_msgs/dataglove_msgs
[0.728s] -- Up-to-date: /home/feld/ros2_ws/src/install/dataglove_msgs/include/dataglove_msgs/dataglove_msgs/msg
[0.728s] -- Up-to-date: /home/feld/ros2_ws/src/install/dataglove_msgs/include/dataglove_msgs/dataglove_msgs/msg/rosidl_typesupport_introspection_c__visibility_control.h
[0.728s] -- Up-to-date: /home/feld/ros2_ws/src/install/dataglove_msgs/include/dataglove_msgs/dataglove_msgs/msg/detail
[0.728s] -- Up-to-date: /home/feld/ros2_ws/src/install/dataglove_msgs/include/dataglove_msgs/dataglove_msgs/msg/detail/vmg30_data__rosidl_typesupport_introspection_c.h
[0.728s] -- Up-to-date: /home/feld/ros2_ws/src/install/dataglove_msgs/include/dataglove_msgs/dataglove_msgs/msg/detail/vmg30_data__type_support.c
[0.728s] -- Up-to-date: /home/feld/ros2_ws/src/install/dataglove_msgs/lib/libdataglove_msgs__rosidl_typesupport_introspection_c.so
[0.729s] -- Up-to-date: /home/feld/ros2_ws/src/install/dataglove_msgs/lib/libdataglove_msgs__rosidl_typesupport_c.so
[0.729s] -- Up-to-date: /home/feld/ros2_ws/src/install/dataglove_msgs/include/dataglove_msgs/dataglove_msgs
[0.729s] -- Up-to-date: /home/feld/ros2_ws/src/install/dataglove_msgs/include/dataglove_msgs/dataglove_msgs/msg
[0.729s] -- Up-to-date: /home/feld/ros2_ws/src/install/dataglove_msgs/include/dataglove_msgs/dataglove_msgs/msg/vmg30_data.hpp
[0.729s] -- Up-to-date: /home/feld/ros2_ws/src/install/dataglove_msgs/include/dataglove_msgs/dataglove_msgs/msg/rosidl_generator_cpp__visibility_control.hpp
[0.729s] -- Up-to-date: /home/feld/ros2_ws/src/install/dataglove_msgs/include/dataglove_msgs/dataglove_msgs/msg/detail
[0.729s] -- Up-to-date: /home/feld/ros2_ws/src/install/dataglove_msgs/include/dataglove_msgs/dataglove_msgs/msg/detail/vmg30_data__traits.hpp
[0.730s] -- Up-to-date: /home/feld/ros2_ws/src/install/dataglove_msgs/include/dataglove_msgs/dataglove_msgs/msg/detail/vmg30_data__type_support.hpp
[0.730s] -- Up-to-date: /home/feld/ros2_ws/src/install/dataglove_msgs/include/dataglove_msgs/dataglove_msgs/msg/detail/vmg30_data__builder.hpp
[0.730s] -- Up-to-date: /home/feld/ros2_ws/src/install/dataglove_msgs/include/dataglove_msgs/dataglove_msgs/msg/detail/vmg30_data__struct.hpp
[0.730s] -- Up-to-date: /home/feld/ros2_ws/src/install/dataglove_msgs/include/dataglove_msgs/dataglove_msgs
[0.730s] -- Up-to-date: /home/feld/ros2_ws/src/install/dataglove_msgs/include/dataglove_msgs/dataglove_msgs/msg
[0.730s] -- Up-to-date: /home/feld/ros2_ws/src/install/dataglove_msgs/include/dataglove_msgs/dataglove_msgs/msg/rosidl_typesupport_fastrtps_cpp__visibility_control.h
[0.730s] -- Up-to-date: /home/feld/ros2_ws/src/install/dataglove_msgs/include/dataglove_msgs/dataglove_msgs/msg/detail
[0.731s] -- Up-to-date: /home/feld/ros2_ws/src/install/dataglove_msgs/include/dataglove_msgs/dataglove_msgs/msg/detail/vmg30_data__rosidl_typesupport_fastrtps_cpp.hpp
[0.731s] -- Up-to-date: /home/feld/ros2_ws/src/install/dataglove_msgs/include/dataglove_msgs/dataglove_msgs/msg/detail/dds_fastrtps
[0.731s] -- Up-to-date: /home/feld/ros2_ws/src/install/dataglove_msgs/lib/libdataglove_msgs__rosidl_typesupport_fastrtps_cpp.so
[0.731s] -- Up-to-date: /home/feld/ros2_ws/src/install/dataglove_msgs/include/dataglove_msgs/dataglove_msgs
[0.731s] -- Up-to-date: /home/feld/ros2_ws/src/install/dataglove_msgs/include/dataglove_msgs/dataglove_msgs/msg
[0.731s] -- Up-to-date: /home/feld/ros2_ws/src/install/dataglove_msgs/include/dataglove_msgs/dataglove_msgs/msg/detail
[0.731s] -- Up-to-date: /home/feld/ros2_ws/src/install/dataglove_msgs/include/dataglove_msgs/dataglove_msgs/msg/detail/vmg30_data__rosidl_typesupport_introspection_cpp.hpp
[0.732s] -- Up-to-date: /home/feld/ros2_ws/src/install/dataglove_msgs/include/dataglove_msgs/dataglove_msgs/msg/detail/vmg30_data__type_support.cpp
[0.732s] -- Up-to-date: /home/feld/ros2_ws/src/install/dataglove_msgs/lib/libdataglove_msgs__rosidl_typesupport_introspection_cpp.so
[0.732s] -- Up-to-date: /home/feld/ros2_ws/src/install/dataglove_msgs/lib/libdataglove_msgs__rosidl_typesupport_cpp.so
[0.732s] -- Up-to-date: /home/feld/ros2_ws/src/install/dataglove_msgs/share/dataglove_msgs/environment/pythonpath.sh
[0.732s] -- Up-to-date: /home/feld/ros2_ws/src/install/dataglove_msgs/share/dataglove_msgs/environment/pythonpath.dsv
[0.732s] -- Up-to-date: /home/feld/ros2_ws/src/install/dataglove_msgs/lib/python3.12/site-packages/dataglove_msgs-0.0.0-py3.12.egg-info
[0.732s] -- Installing: /home/feld/ros2_ws/src/install/dataglove_msgs/lib/python3.12/site-packages/dataglove_msgs-0.0.0-py3.12.egg-info/dependency_links.txt
[0.733s] -- Installing: /home/feld/ros2_ws/src/install/dataglove_msgs/lib/python3.12/site-packages/dataglove_msgs-0.0.0-py3.12.egg-info/PKG-INFO
[0.733s] -- Installing: /home/feld/ros2_ws/src/install/dataglove_msgs/lib/python3.12/site-packages/dataglove_msgs-0.0.0-py3.12.egg-info/top_level.txt
[0.733s] -- Installing: /home/feld/ros2_ws/src/install/dataglove_msgs/lib/python3.12/site-packages/dataglove_msgs-0.0.0-py3.12.egg-info/SOURCES.txt
[0.733s] -- Up-to-date: /home/feld/ros2_ws/src/install/dataglove_msgs/lib/python3.12/site-packages/dataglove_msgs
[0.733s] -- Up-to-date: /home/feld/ros2_ws/src/install/dataglove_msgs/lib/python3.12/site-packages/dataglove_msgs/dataglove_msgs_s__rosidl_typesupport_c.so
[0.733s] -- Up-to-date: /home/feld/ros2_ws/src/install/dataglove_msgs/lib/python3.12/site-packages/dataglove_msgs/_dataglove_msgs_s.ep.rosidl_typesupport_fastrtps_c.c
[0.733s] -- Up-to-date: /home/feld/ros2_ws/src/install/dataglove_msgs/lib/python3.12/site-packages/dataglove_msgs/_dataglove_msgs_s.ep.rosidl_typesupport_c.c
[0.733s] -- Up-to-date: /home/feld/ros2_ws/src/install/dataglove_msgs/lib/python3.12/site-packages/dataglove_msgs/__init__.py
[0.734s] -- Up-to-date: /home/feld/ros2_ws/src/install/dataglove_msgs/lib/python3.12/site-packages/dataglove_msgs/dataglove_msgs_s__rosidl_typesupport_introspection_c.so
[0.734s] -- Up-to-date: /home/feld/ros2_ws/src/install/dataglove_msgs/lib/python3.12/site-packages/dataglove_msgs/msg
[0.734s] -- Up-to-date: /home/feld/ros2_ws/src/install/dataglove_msgs/lib/python3.12/site-packages/dataglove_msgs/msg/_vmg30_data_s.c
[0.734s] -- Up-to-date: /home/feld/ros2_ws/src/install/dataglove_msgs/lib/python3.12/site-packages/dataglove_msgs/msg/_vmg30_data.py
[0.734s] -- Up-to-date: /home/feld/ros2_ws/src/install/dataglove_msgs/lib/python3.12/site-packages/dataglove_msgs/msg/__init__.py
[0.734s] -- Up-to-date: /home/feld/ros2_ws/src/install/dataglove_msgs/lib/python3.12/site-packages/dataglove_msgs/dataglove_msgs_s__rosidl_typesupport_fastrtps_c.so
[0.734s] -- Up-to-date: /home/feld/ros2_ws/src/install/dataglove_msgs/lib/python3.12/site-packages/dataglove_msgs/_dataglove_msgs_s.ep.rosidl_typesupport_introspection_c.c
[0.792s] Listing '/home/feld/ros2_ws/src/install/dataglove_msgs/lib/python3.12/site-packages/dataglove_msgs'...
[0.792s] Listing '/home/feld/ros2_ws/src/install/dataglove_msgs/lib/python3.12/site-packages/dataglove_msgs/msg'...
[0.801s] -- Up-to-date: /home/feld/ros2_ws/src/install/dataglove_msgs/lib/python3.12/site-packages/dataglove_msgs/dataglove_msgs_s__rosidl_typesupport_fastrtps_c.so
[0.801s] -- Up-to-date: /home/feld/ros2_ws/src/install/dataglove_msgs/lib/python3.12/site-packages/dataglove_msgs/dataglove_msgs_s__rosidl_typesupport_introspection_c.so
[0.802s] -- Up-to-date: /home/feld/ros2_ws/src/install/dataglove_msgs/lib/python3.12/site-packages/dataglove_msgs/dataglove_msgs_s__rosidl_typesupport_c.so
[0.802s] -- Up-to-date: /home/feld/ros2_ws/src/install/dataglove_msgs/lib/libdataglove_msgs__rosidl_generator_py.so
[0.803s] -- Up-to-date: /home/feld/ros2_ws/src/install/dataglove_msgs/share/dataglove_msgs/msg/VMG30Data.idl
[0.803s] -- Up-to-date: /home/feld/ros2_ws/src/install/dataglove_msgs/share/dataglove_msgs/msg/VMG30Data.msg
[0.803s] -- Up-to-date: /home/feld/ros2_ws/src/install/dataglove_msgs/share/ament_index/resource_index/package_run_dependencies/dataglove_msgs
[0.804s] -- Up-to-date: /home/feld/ros2_ws/src/install/dataglove_msgs/share/ament_index/resource_index/parent_prefix_path/dataglove_msgs
[0.804s] -- Up-to-date: /home/feld/ros2_ws/src/install/dataglove_msgs/share/dataglove_msgs/environment/ament_prefix_path.sh
[0.804s] -- Up-to-date: /home/feld/ros2_ws/src/install/dataglove_msgs/share/dataglove_msgs/environment/ament_prefix_path.dsv
[0.804s] -- Up-to-date: /home/feld/ros2_ws/src/install/dataglove_msgs/share/dataglove_msgs/environment/path.sh
[0.805s] -- Up-to-date: /home/feld/ros2_ws/src/install/dataglove_msgs/share/dataglove_msgs/environment/path.dsv
[0.805s] -- Up-to-date: /home/feld/ros2_ws/src/install/dataglove_msgs/share/dataglove_msgs/local_setup.bash
[0.805s] -- Up-to-date: /home/feld/ros2_ws/src/install/dataglove_msgs/share/dataglove_msgs/local_setup.sh
[0.805s] -- Up-to-date: /home/feld/ros2_ws/src/install/dataglove_msgs/share/dataglove_msgs/local_setup.zsh
[0.806s] -- Up-to-date: /home/feld/ros2_ws/src/install/dataglove_msgs/share/dataglove_msgs/local_setup.dsv
[0.806s] -- Installing: /home/feld/ros2_ws/src/install/dataglove_msgs/share/dataglove_msgs/package.dsv
[0.806s] -- Up-to-date: /home/feld/ros2_ws/src/install/dataglove_msgs/share/ament_index/resource_index/packages/dataglove_msgs
[0.806s] -- Up-to-date: /home/feld/ros2_ws/src/install/dataglove_msgs/share/dataglove_msgs/cmake/export_dataglove_msgs__rosidl_generator_cExport.cmake
[0.807s] -- Up-to-date: /home/feld/ros2_ws/src/install/dataglove_msgs/share/dataglove_msgs/cmake/export_dataglove_msgs__rosidl_generator_cExport-noconfig.cmake
[0.807s] -- Up-to-date: /home/feld/ros2_ws/src/install/dataglove_msgs/share/dataglove_msgs/cmake/export_dataglove_msgs__rosidl_typesupport_fastrtps_cExport.cmake
[0.807s] -- Up-to-date: /home/feld/ros2_ws/src/install/dataglove_msgs/share/dataglove_msgs/cmake/export_dataglove_msgs__rosidl_typesupport_fastrtps_cExport-noconfig.cmake
[0.808s] -- Up-to-date: /home/feld/ros2_ws/src/install/dataglove_msgs/share/dataglove_msgs/cmake/dataglove_msgs__rosidl_typesupport_introspection_cExport.cmake
[0.808s] -- Up-to-date: /home/feld/ros2_ws/src/install/dataglove_msgs/share/dataglove_msgs/cmake/dataglove_msgs__rosidl_typesupport_introspection_cExport-noconfig.cmake
[0.808s] -- Up-to-date: /home/feld/ros2_ws/src/install/dataglove_msgs/share/dataglove_msgs/cmake/dataglove_msgs__rosidl_typesupport_cExport.cmake
[0.808s] -- Up-to-date: /home/feld/ros2_ws/src/install/dataglove_msgs/share/dataglove_msgs/cmake/dataglove_msgs__rosidl_typesupport_cExport-noconfig.cmake
[0.809s] -- Up-to-date: /home/feld/ros2_ws/src/install/dataglove_msgs/share/dataglove_msgs/cmake/export_dataglove_msgs__rosidl_generator_cppExport.cmake
[0.809s] -- Up-to-date: /home/feld/ros2_ws/src/install/dataglove_msgs/share/dataglove_msgs/cmake/export_dataglove_msgs__rosidl_typesupport_fastrtps_cppExport.cmake
[0.809s] -- Up-to-date: /home/feld/ros2_ws/src/install/dataglove_msgs/share/dataglove_msgs/cmake/export_dataglove_msgs__rosidl_typesupport_fastrtps_cppExport-noconfig.cmake
[0.810s] -- Up-to-date: /home/feld/ros2_ws/src/install/dataglove_msgs/share/dataglove_msgs/cmake/dataglove_msgs__rosidl_typesupport_introspection_cppExport.cmake
[0.810s] -- Up-to-date: /home/feld/ros2_ws/src/install/dataglove_msgs/share/dataglove_msgs/cmake/dataglove_msgs__rosidl_typesupport_introspection_cppExport-noconfig.cmake
[0.810s] -- Up-to-date: /home/feld/ros2_ws/src/install/dataglove_msgs/share/dataglove_msgs/cmake/dataglove_msgs__rosidl_typesupport_cppExport.cmake
[0.810s] -- Up-to-date: /home/feld/ros2_ws/src/install/dataglove_msgs/share/dataglove_msgs/cmake/dataglove_msgs__rosidl_typesupport_cppExport-noconfig.cmake
[0.810s] -- Up-to-date: /home/feld/ros2_ws/src/install/dataglove_msgs/share/dataglove_msgs/cmake/export_dataglove_msgs__rosidl_generator_pyExport.cmake
[0.810s] -- Up-to-date: /home/feld/ros2_ws/src/install/dataglove_msgs/share/dataglove_msgs/cmake/export_dataglove_msgs__rosidl_generator_pyExport-noconfig.cmake
[0.811s] -- Up-to-date: /home/feld/ros2_ws/src/install/dataglove_msgs/share/dataglove_msgs/cmake/rosidl_cmake-extras.cmake
[0.812s] -- Up-to-date: /home/feld/ros2_ws/src/install/dataglove_msgs/share/dataglove_msgs/cmake/ament_cmake_export_dependencies-extras.cmake
[0.812s] -- Up-to-date: /home/feld/ros2_ws/src/install/dataglove_msgs/share/dataglove_msgs/cmake/ament_cmake_export_include_directories-extras.cmake
[0.812s] -- Up-to-date: /home/feld/ros2_ws/src/install/dataglove_msgs/share/dataglove_msgs/cmake/ament_cmake_export_libraries-extras.cmake
[0.812s] -- Up-to-date: /home/feld/ros2_ws/src/install/dataglove_msgs/share/dataglove_msgs/cmake/ament_cmake_export_targets-extras.cmake
[0.812s] -- Up-to-date: /home/feld/ros2_ws/src/install/dataglove_msgs/share/dataglove_msgs/cmake/rosidl_cmake_export_typesupport_targets-extras.cmake
[0.812s] -- Up-to-date: /home/feld/ros2_ws/src/install/dataglove_msgs/share/dataglove_msgs/cmake/rosidl_cmake_export_typesupport_libraries-extras.cmake
[0.812s] -- Up-to-date: /home/feld/ros2_ws/src/install/dataglove_msgs/share/dataglove_msgs/cmake/dataglove_msgsConfig.cmake
[0.813s] -- Up-to-date: /home/feld/ros2_ws/src/install/dataglove_msgs/share/dataglove_msgs/cmake/dataglove_msgsConfig-version.cmake
[0.813s] -- Up-to-date: /home/feld/ros2_ws/src/install/dataglove_msgs/share/dataglove_msgs/package.xml
[0.813s] Invoked command in '/home/feld/ros2_ws/src/build/dataglove_msgs' returned '0': CMAKE_PREFIX_PATH=${CMAKE_PREFIX_PATH}:/home/feld/ros2_ws/src/install/dataglove:/home/feld/ros2_ws/install/py_pubsub:/home/feld/ros2_ws/install/dataglove:/opt/ros/jazzy DEBUGINFOD_URLS=https://debuginfod.ubuntu.com /usr/bin/cmake --install /home/feld/ros2_ws/src/build/dataglove_msgs
