[1.298s] Invoking command in '/home/feld/ros2_ws/src/dataglove': DEBUGINFOD_URLS=https://debuginfod.ubuntu.com PYTHONPATH=/home/feld/ros2_ws/build/dataglove/prefix_override:/usr/lib/python3/dist-packages/colcon_core/task/python/colcon_distutils_commands:/home/feld/ros2_ws/install/dataglove/lib/python3.12/site-packages:${PYTHONPATH} /usr/bin/python3 -W ignore:setup.py install is deprecated -W ignore:easy_install command is deprecated setup.py egg_info --egg-base ../../build/dataglove build --build-base /home/feld/ros2_ws/build/dataglove/build install --record /home/feld/ros2_ws/build/dataglove/install.log --single-version-externally-managed install_data
[1.735s] running egg_info
[1.768s] writing ../../build/dataglove/dataglove.egg-info/PKG-INFO
[1.768s] writing dependency_links to ../../build/dataglove/dataglove.egg-info/dependency_links.txt
[1.769s] writing entry points to ../../build/dataglove/dataglove.egg-info/entry_points.txt
[1.769s] writing requirements to ../../build/dataglove/dataglove.egg-info/requires.txt
[1.769s] writing top-level names to ../../build/dataglove/dataglove.egg-info/top_level.txt
[1.836s] reading manifest file '../../build/dataglove/dataglove.egg-info/SOURCES.txt'
[1.836s] adding license file 'LICENSE'
[1.837s] writing manifest file '../../build/dataglove/dataglove.egg-info/SOURCES.txt'
[1.837s] running build
[1.838s] running build_py
[1.838s] copying dataglove/glove_reader.py -> /home/feld/ros2_ws/build/dataglove/build/lib/dataglove
[1.838s] running install
[1.848s] running install_lib
[1.882s] copying /home/feld/ros2_ws/build/dataglove/build/lib/dataglove/glove_reader.py -> /home/feld/ros2_ws/install/dataglove/lib/python3.12/site-packages/dataglove
[1.883s] byte-compiling /home/feld/ros2_ws/install/dataglove/lib/python3.12/site-packages/dataglove/glove_reader.py to glove_reader.cpython-312.pyc
[1.884s] running install_data
[1.884s] running install_egg_info
[1.921s] removing '/home/feld/ros2_ws/install/dataglove/lib/python3.12/site-packages/dataglove-0.0.0-py3.12.egg-info' (and everything under it)
[1.921s] Copying ../../build/dataglove/dataglove.egg-info to /home/feld/ros2_ws/install/dataglove/lib/python3.12/site-packages/dataglove-0.0.0-py3.12.egg-info
[1.923s] running install_scripts
[2.139s] Installing glove_reader script to /home/feld/ros2_ws/install/dataglove/lib/dataglove
[2.139s] writing list of installed files to '/home/feld/ros2_ws/build/dataglove/install.log'
[2.181s] Invoked command in '/home/feld/ros2_ws/src/dataglove' returned '0': DEBUGINFOD_URLS=https://debuginfod.ubuntu.com PYTHONPATH=/home/feld/ros2_ws/build/dataglove/prefix_override:/usr/lib/python3/dist-packages/colcon_core/task/python/colcon_distutils_commands:/home/feld/ros2_ws/install/dataglove/lib/python3.12/site-packages:${PYTHONPATH} /usr/bin/python3 -W ignore:setup.py install is deprecated -W ignore:easy_install command is deprecated setup.py egg_info --egg-base ../../build/dataglove build --build-base /home/feld/ros2_ws/build/dataglove/build install --record /home/feld/ros2_ws/build/dataglove/install.log --single-version-externally-managed install_data
