[1.302s] Invoking command in '/home/feld/ros2_ws/src/dataglove': DEBUGINFOD_URLS=https://debuginfod.ubuntu.com PYTHONPATH=/home/feld/ros2_ws/src/build/dataglove/prefix_override:/usr/lib/python3/dist-packages/colcon_core/task/python/colcon_distutils_commands:/home/feld/ros2_ws/src/install/dataglove/lib/python3.12/site-packages:${PYTHONPATH} /usr/bin/python3 -W ignore:setup.py install is deprecated -W ignore:easy_install command is deprecated setup.py egg_info --egg-base ../build/dataglove build --build-base /home/feld/ros2_ws/src/build/dataglove/build install --record /home/feld/ros2_ws/src/build/dataglove/install.log --single-version-externally-managed install_data
[1.738s] running egg_info
[1.739s] creating ../build/dataglove/dataglove.egg-info
[1.770s] writing ../build/dataglove/dataglove.egg-info/PKG-INFO
[1.771s] writing dependency_links to ../build/dataglove/dataglove.egg-info/dependency_links.txt
[1.771s] writing entry points to ../build/dataglove/dataglove.egg-info/entry_points.txt
[1.771s] writing requirements to ../build/dataglove/dataglove.egg-info/requires.txt
[1.771s] writing top-level names to ../build/dataglove/dataglove.egg-info/top_level.txt
[1.772s] writing manifest file '../build/dataglove/dataglove.egg-info/SOURCES.txt'
[1.838s] reading manifest file '../build/dataglove/dataglove.egg-info/SOURCES.txt'
[1.839s] writing manifest file '../build/dataglove/dataglove.egg-info/SOURCES.txt'
[1.839s] running build
[1.839s] running build_py
[1.839s] creating /home/feld/ros2_ws/src/build/dataglove/build
[1.840s] creating /home/feld/ros2_ws/src/build/dataglove/build/lib
[1.840s] creating /home/feld/ros2_ws/src/build/dataglove/build/lib/dataglove
[1.840s] copying dataglove/__init__.py -> /home/feld/ros2_ws/src/build/dataglove/build/lib/dataglove
[1.840s] copying dataglove/glove.py -> /home/feld/ros2_ws/src/build/dataglove/build/lib/dataglove
[1.840s] copying dataglove/vmg30.py -> /home/feld/ros2_ws/src/build/dataglove/build/lib/dataglove
[1.840s] running install
[1.850s] running install_lib
[1.884s] creating /home/feld/ros2_ws/src/install/dataglove/lib/python3.12/site-packages/dataglove
[1.884s] copying /home/feld/ros2_ws/src/build/dataglove/build/lib/dataglove/__init__.py -> /home/feld/ros2_ws/src/install/dataglove/lib/python3.12/site-packages/dataglove
[1.884s] copying /home/feld/ros2_ws/src/build/dataglove/build/lib/dataglove/glove.py -> /home/feld/ros2_ws/src/install/dataglove/lib/python3.12/site-packages/dataglove
[1.885s] copying /home/feld/ros2_ws/src/build/dataglove/build/lib/dataglove/vmg30.py -> /home/feld/ros2_ws/src/install/dataglove/lib/python3.12/site-packages/dataglove
[1.885s] byte-compiling /home/feld/ros2_ws/src/install/dataglove/lib/python3.12/site-packages/dataglove/__init__.py to __init__.cpython-312.pyc
[1.885s] byte-compiling /home/feld/ros2_ws/src/install/dataglove/lib/python3.12/site-packages/dataglove/glove.py to glove.cpython-312.pyc
[1.886s] byte-compiling /home/feld/ros2_ws/src/install/dataglove/lib/python3.12/site-packages/dataglove/vmg30.py to vmg30.cpython-312.pyc
[1.890s] running install_data
[1.890s] creating /home/feld/ros2_ws/src/install/dataglove/share/ament_index
[1.890s] creating /home/feld/ros2_ws/src/install/dataglove/share/ament_index/resource_index
[1.890s] creating /home/feld/ros2_ws/src/install/dataglove/share/ament_index/resource_index/packages
[1.890s] copying resource/dataglove -> /home/feld/ros2_ws/src/install/dataglove/share/ament_index/resource_index/packages
[1.890s] copying package.xml -> /home/feld/ros2_ws/src/install/dataglove/share/dataglove
[1.891s] running install_egg_info
[1.927s] Copying ../build/dataglove/dataglove.egg-info to /home/feld/ros2_ws/src/install/dataglove/lib/python3.12/site-packages/dataglove-0.0.0-py3.12.egg-info
[1.928s] running install_scripts
[2.139s] Installing glove script to /home/feld/ros2_ws/src/install/dataglove/lib/dataglove
[2.140s] writing list of installed files to '/home/feld/ros2_ws/src/build/dataglove/install.log'
[2.184s] Invoked command in '/home/feld/ros2_ws/src/dataglove' returned '0': DEBUGINFOD_URLS=https://debuginfod.ubuntu.com PYTHONPATH=/home/feld/ros2_ws/src/build/dataglove/prefix_override:/usr/lib/python3/dist-packages/colcon_core/task/python/colcon_distutils_commands:/home/feld/ros2_ws/src/install/dataglove/lib/python3.12/site-packages:${PYTHONPATH} /usr/bin/python3 -W ignore:setup.py install is deprecated -W ignore:easy_install command is deprecated setup.py egg_info --egg-base ../build/dataglove build --build-base /home/feld/ros2_ws/src/build/dataglove/build install --record /home/feld/ros2_ws/src/build/dataglove/install.log --single-version-externally-managed install_data
