[1.345s] Invoking command in '/home/feld/ros2_ws/src/dataglove': AMENT_PREFIX_PATH=/home/feld/ros2_ws/src/install/dataglove_msgs:${AMENT_PREFIX_PATH} CMAKE_PREFIX_PATH=/home/feld/ros2_ws/src/install/dataglove_msgs:${CMAKE_PREFIX_PATH} DEBUGINFOD_URLS=https://debuginfod.ubuntu.com LD_LIBRARY_PATH=/home/feld/ros2_ws/src/install/dataglove_msgs/lib:${LD_LIBRARY_PATH} PYTHONPATH=/home/feld/ros2_ws/src/build/dataglove/prefix_override:/usr/lib/python3/dist-packages/colcon_core/task/python/colcon_distutils_commands:/home/feld/ros2_ws/src/install/dataglove/lib/python3.12/site-packages:/home/feld/ros2_ws/src/install/dataglove_msgs/lib/python3.12/site-packages:${PYTHONPATH} /usr/bin/python3 -W ignore:setup.py install is deprecated -W ignore:easy_install command is deprecated setup.py egg_info --egg-base ../build/dataglove build --build-base /home/feld/ros2_ws/src/build/dataglove/build install --record /home/feld/ros2_ws/src/build/dataglove/install.log --single-version-externally-managed install_data
[1.773s] running egg_info
[1.805s] writing ../build/dataglove/dataglove.egg-info/PKG-INFO
[1.806s] writing dependency_links to ../build/dataglove/dataglove.egg-info/dependency_links.txt
[1.806s] writing entry points to ../build/dataglove/dataglove.egg-info/entry_points.txt
[1.806s] writing requirements to ../build/dataglove/dataglove.egg-info/requires.txt
[1.807s] writing top-level names to ../build/dataglove/dataglove.egg-info/top_level.txt
[1.874s] reading manifest file '../build/dataglove/dataglove.egg-info/SOURCES.txt'
[1.876s] writing manifest file '../build/dataglove/dataglove.egg-info/SOURCES.txt'
[1.876s] running build
[1.876s] running build_py
[1.877s] running install
[1.887s] running install_lib
[1.921s] running install_data
[1.921s] running install_egg_info
[1.958s] removing '/home/feld/ros2_ws/src/install/dataglove/lib/python3.12/site-packages/dataglove-0.0.0-py3.12.egg-info' (and everything under it)
[1.958s] Copying ../build/dataglove/dataglove.egg-info to /home/feld/ros2_ws/src/install/dataglove/lib/python3.12/site-packages/dataglove-0.0.0-py3.12.egg-info
[1.959s] running install_scripts
[2.172s] Installing glove script to /home/feld/ros2_ws/src/install/dataglove/lib/dataglove
[2.173s] writing list of installed files to '/home/feld/ros2_ws/src/build/dataglove/install.log'
[2.214s] Invoked command in '/home/feld/ros2_ws/src/dataglove' returned '0': AMENT_PREFIX_PATH=/home/feld/ros2_ws/src/install/dataglove_msgs:${AMENT_PREFIX_PATH} CMAKE_PREFIX_PATH=/home/feld/ros2_ws/src/install/dataglove_msgs:${CMAKE_PREFIX_PATH} DEBUGINFOD_URLS=https://debuginfod.ubuntu.com LD_LIBRARY_PATH=/home/feld/ros2_ws/src/install/dataglove_msgs/lib:${LD_LIBRARY_PATH} PYTHONPATH=/home/feld/ros2_ws/src/build/dataglove/prefix_override:/usr/lib/python3/dist-packages/colcon_core/task/python/colcon_distutils_commands:/home/feld/ros2_ws/src/install/dataglove/lib/python3.12/site-packages:/home/feld/ros2_ws/src/install/dataglove_msgs/lib/python3.12/site-packages:${PYTHONPATH} /usr/bin/python3 -W ignore:setup.py install is deprecated -W ignore:easy_install command is deprecated setup.py egg_info --egg-base ../build/dataglove build --build-base /home/feld/ros2_ws/src/build/dataglove/build install --record /home/feld/ros2_ws/src/build/dataglove/install.log --single-version-externally-managed install_data
