[1.848s] Invoking command in '/home/feld/ros2_ws/src/py_pubsub': DEBUGINFOD_URLS=https://debuginfod.ubuntu.com PYTHONPATH=/home/feld/ros2_ws/build/py_pubsub/prefix_override:/usr/lib/python3/dist-packages/colcon_core/task/python/colcon_distutils_commands:/home/feld/ros2_ws/install/py_pubsub/lib/python3.12/site-packages:${PYTHONPATH} /usr/bin/python3 -W ignore:setup.py install is deprecated -W ignore:easy_install command is deprecated setup.py egg_info --egg-base ../../build/py_pubsub build --build-base /home/feld/ros2_ws/build/py_pubsub/build install --record /home/feld/ros2_ws/build/py_pubsub/install.log --single-version-externally-managed install_data
[2.305s] running egg_info
[2.338s] writing ../../build/py_pubsub/py_pubsub.egg-info/PKG-INFO
[2.344s] writing dependency_links to ../../build/py_pubsub/py_pubsub.egg-info/dependency_links.txt
[2.344s] writing entry points to ../../build/py_pubsub/py_pubsub.egg-info/entry_points.txt
[2.345s] writing requirements to ../../build/py_pubsub/py_pubsub.egg-info/requires.txt
[2.346s] writing top-level names to ../../build/py_pubsub/py_pubsub.egg-info/top_level.txt
[2.413s] reading manifest file '../../build/py_pubsub/py_pubsub.egg-info/SOURCES.txt'
[2.413s] adding license file 'LICENSE'
[2.414s] writing manifest file '../../build/py_pubsub/py_pubsub.egg-info/SOURCES.txt'
[2.415s] running build
[2.415s] running build_py
[2.416s] running install
[2.426s] running install_lib
[2.461s] running install_data
[2.462s] copying launch/pubsub_launch.yaml -> /home/feld/ros2_ws/install/py_pubsub/share/py_pubsub/launch
[2.462s] running install_egg_info
[2.498s] removing '/home/feld/ros2_ws/install/py_pubsub/lib/python3.12/site-packages/py_pubsub-0.0.0-py3.12.egg-info' (and everything under it)
[2.499s] Copying ../../build/py_pubsub/py_pubsub.egg-info to /home/feld/ros2_ws/install/py_pubsub/lib/python3.12/site-packages/py_pubsub-0.0.0-py3.12.egg-info
[2.500s] running install_scripts
[2.714s] Installing listener script to /home/feld/ros2_ws/install/py_pubsub/lib/py_pubsub
[2.719s] Installing talker script to /home/feld/ros2_ws/install/py_pubsub/lib/py_pubsub
[2.719s] writing list of installed files to '/home/feld/ros2_ws/build/py_pubsub/install.log'
[2.771s] Invoked command in '/home/feld/ros2_ws/src/py_pubsub' returned '0': DEBUGINFOD_URLS=https://debuginfod.ubuntu.com PYTHONPATH=/home/feld/ros2_ws/build/py_pubsub/prefix_override:/usr/lib/python3/dist-packages/colcon_core/task/python/colcon_distutils_commands:/home/feld/ros2_ws/install/py_pubsub/lib/python3.12/site-packages:${PYTHONPATH} /usr/bin/python3 -W ignore:setup.py install is deprecated -W ignore:easy_install command is deprecated setup.py egg_info --egg-base ../../build/py_pubsub build --build-base /home/feld/ros2_ws/build/py_pubsub/build install --record /home/feld/ros2_ws/build/py_pubsub/install.log --single-version-externally-managed install_data
