[0.014s] Invoking command in '/home/feld/ros2_ws/build/dataglove_msgs': CMAKE_PREFIX_PATH=${CMAKE_PREFIX_PATH}:/home/feld/ros2_ws/install/py_pubsub:/home/feld/ros2_ws/install/dataglove:/opt/ros/jazzy DEBUGINFOD_URLS=https://debuginfod.ubuntu.com /usr/bin/cmake --build /home/feld/ros2_ws/build/dataglove_msgs -- -j8 -l8
[0.089s] [  2%] Built target dataglove_msgs__rosidl_generator_type_description
[0.112s] [  2%] Built target ament_cmake_python_copy_dataglove_msgs
[0.140s] [  5%] Built target dataglove_msgs__cpp
[0.143s] [ 20%] Built target dataglove_msgs__rosidl_generator_c
[0.209s] [ 29%] Built target dataglove_msgs__rosidl_typesupport_introspection_c
[0.215s] [ 38%] Built target dataglove_msgs__rosidl_typesupport_c
[0.219s] [ 47%] Built target dataglove_msgs__rosidl_typesupport_introspection_cpp
[0.221s] [ 55%] Built target dataglove_msgs__rosidl_typesupport_fastrtps_cpp
[0.221s] [ 64%] Built target dataglove_msgs__rosidl_typesupport_fastrtps_c
[0.222s] [ 73%] Built target dataglove_msgs__rosidl_typesupport_cpp
[0.270s] [ 73%] Built target dataglove_msgs
[0.300s] [ 76%] Built target dataglove_msgs__py
[0.331s] [ 82%] Built target dataglove_msgs__rosidl_generator_py
[0.360s] [100%] Built target dataglove_msgs_s__rosidl_typesupport_introspection_c
[0.360s] [100%] Built target dataglove_msgs_s__rosidl_typesupport_fastrtps_c
[0.361s] [100%] Built target dataglove_msgs_s__rosidl_typesupport_c
[0.609s] running egg_info
[0.653s] writing dataglove_msgs.egg-info/PKG-INFO
[0.653s] writing dependency_links to dataglove_msgs.egg-info/dependency_links.txt
[0.653s] writing top-level names to dataglove_msgs.egg-info/top_level.txt
[0.780s] reading manifest file 'dataglove_msgs.egg-info/SOURCES.txt'
[0.781s] writing manifest file 'dataglove_msgs.egg-info/SOURCES.txt'
[0.818s] [100%] Built target ament_cmake_python_build_dataglove_msgs_egg
[0.834s] Invoked command in '/home/feld/ros2_ws/build/dataglove_msgs' returned '0': CMAKE_PREFIX_PATH=${CMAKE_PREFIX_PATH}:/home/feld/ros2_ws/install/py_pubsub:/home/feld/ros2_ws/install/dataglove:/opt/ros/jazzy DEBUGINFOD_URLS=https://debuginfod.ubuntu.com /usr/bin/cmake --build /home/feld/ros2_ws/build/dataglove_msgs -- -j8 -l8
[0.848s] Invoking command in '/home/feld/ros2_ws/build/dataglove_msgs': CMAKE_PREFIX_PATH=${CMAKE_PREFIX_PATH}:/home/feld/ros2_ws/install/py_pubsub:/home/feld/ros2_ws/install/dataglove:/opt/ros/jazzy DEBUGINFOD_URLS=https://debuginfod.ubuntu.com /usr/bin/cmake --install /home/feld/ros2_ws/build/dataglove_msgs
[0.859s] -- Install configuration: ""
[0.860s] -- Up-to-date: /home/feld/ros2_ws/install/dataglove_msgs/share/ament_index/resource_index/rosidl_interfaces/dataglove_msgs
[0.860s] -- Up-to-date: /home/feld/ros2_ws/install/dataglove_msgs/share/dataglove_msgs/msg/VMG30Data.json
[0.860s] -- Up-to-date: /home/feld/ros2_ws/install/dataglove_msgs/include/dataglove_msgs/dataglove_msgs
[0.860s] -- Up-to-date: /home/feld/ros2_ws/install/dataglove_msgs/include/dataglove_msgs/dataglove_msgs/msg
[0.860s] -- Up-to-date: /home/feld/ros2_ws/install/dataglove_msgs/include/dataglove_msgs/dataglove_msgs/msg/vmg30_data.h
[0.861s] -- Up-to-date: /home/feld/ros2_ws/install/dataglove_msgs/include/dataglove_msgs/dataglove_msgs/msg/rosidl_generator_c__visibility_control.h
[0.861s] -- Up-to-date: /home/feld/ros2_ws/install/dataglove_msgs/include/dataglove_msgs/dataglove_msgs/msg/detail
[0.861s] -- Up-to-date: /home/feld/ros2_ws/install/dataglove_msgs/include/dataglove_msgs/dataglove_msgs/msg/detail/vmg30_data__struct.h
[0.861s] -- Up-to-date: /home/feld/ros2_ws/install/dataglove_msgs/include/dataglove_msgs/dataglove_msgs/msg/detail/vmg30_data__description.c
[0.861s] -- Up-to-date: /home/feld/ros2_ws/install/dataglove_msgs/include/dataglove_msgs/dataglove_msgs/msg/detail/vmg30_data__type_support.c
[0.861s] -- Up-to-date: /home/feld/ros2_ws/install/dataglove_msgs/include/dataglove_msgs/dataglove_msgs/msg/detail/vmg30_data__functions.c
[0.862s] -- Up-to-date: /home/feld/ros2_ws/install/dataglove_msgs/include/dataglove_msgs/dataglove_msgs/msg/detail/vmg30_data__functions.h
[0.862s] -- Up-to-date: /home/feld/ros2_ws/install/dataglove_msgs/include/dataglove_msgs/dataglove_msgs/msg/detail/vmg30_data__type_support.h
[0.862s] -- Up-to-date: /home/feld/ros2_ws/install/dataglove_msgs/share/dataglove_msgs/environment/library_path.sh
[0.862s] -- Up-to-date: /home/feld/ros2_ws/install/dataglove_msgs/share/dataglove_msgs/environment/library_path.dsv
[0.862s] -- Up-to-date: /home/feld/ros2_ws/install/dataglove_msgs/lib/libdataglove_msgs__rosidl_generator_c.so
[0.862s] -- Up-to-date: /home/feld/ros2_ws/install/dataglove_msgs/include/dataglove_msgs/dataglove_msgs
[0.863s] -- Up-to-date: /home/feld/ros2_ws/install/dataglove_msgs/include/dataglove_msgs/dataglove_msgs/msg
[0.863s] -- Up-to-date: /home/feld/ros2_ws/install/dataglove_msgs/include/dataglove_msgs/dataglove_msgs/msg/rosidl_typesupport_fastrtps_c__visibility_control.h
[0.863s] -- Up-to-date: /home/feld/ros2_ws/install/dataglove_msgs/include/dataglove_msgs/dataglove_msgs/msg/detail
[0.863s] -- Up-to-date: /home/feld/ros2_ws/install/dataglove_msgs/include/dataglove_msgs/dataglove_msgs/msg/detail/vmg30_data__rosidl_typesupport_fastrtps_c.h
[0.863s] -- Up-to-date: /home/feld/ros2_ws/install/dataglove_msgs/lib/libdataglove_msgs__rosidl_typesupport_fastrtps_c.so
[0.864s] -- Up-to-date: /home/feld/ros2_ws/install/dataglove_msgs/include/dataglove_msgs/dataglove_msgs
[0.864s] -- Up-to-date: /home/feld/ros2_ws/install/dataglove_msgs/include/dataglove_msgs/dataglove_msgs/msg
[0.864s] -- Up-to-date: /home/feld/ros2_ws/install/dataglove_msgs/include/dataglove_msgs/dataglove_msgs/msg/rosidl_typesupport_introspection_c__visibility_control.h
[0.864s] -- Up-to-date: /home/feld/ros2_ws/install/dataglove_msgs/include/dataglove_msgs/dataglove_msgs/msg/detail
[0.864s] -- Up-to-date: /home/feld/ros2_ws/install/dataglove_msgs/include/dataglove_msgs/dataglove_msgs/msg/detail/vmg30_data__rosidl_typesupport_introspection_c.h
[0.864s] -- Up-to-date: /home/feld/ros2_ws/install/dataglove_msgs/include/dataglove_msgs/dataglove_msgs/msg/detail/vmg30_data__type_support.c
[0.865s] -- Up-to-date: /home/feld/ros2_ws/install/dataglove_msgs/lib/libdataglove_msgs__rosidl_typesupport_introspection_c.so
[0.865s] -- Up-to-date: /home/feld/ros2_ws/install/dataglove_msgs/lib/libdataglove_msgs__rosidl_typesupport_c.so
[0.865s] -- Up-to-date: /home/feld/ros2_ws/install/dataglove_msgs/include/dataglove_msgs/dataglove_msgs
[0.865s] -- Up-to-date: /home/feld/ros2_ws/install/dataglove_msgs/include/dataglove_msgs/dataglove_msgs/msg
[0.865s] -- Up-to-date: /home/feld/ros2_ws/install/dataglove_msgs/include/dataglove_msgs/dataglove_msgs/msg/vmg30_data.hpp
[0.865s] -- Up-to-date: /home/feld/ros2_ws/install/dataglove_msgs/include/dataglove_msgs/dataglove_msgs/msg/rosidl_generator_cpp__visibility_control.hpp
[0.865s] -- Up-to-date: /home/feld/ros2_ws/install/dataglove_msgs/include/dataglove_msgs/dataglove_msgs/msg/detail
[0.866s] -- Up-to-date: /home/feld/ros2_ws/install/dataglove_msgs/include/dataglove_msgs/dataglove_msgs/msg/detail/vmg30_data__traits.hpp
[0.866s] -- Up-to-date: /home/feld/ros2_ws/install/dataglove_msgs/include/dataglove_msgs/dataglove_msgs/msg/detail/vmg30_data__type_support.hpp
[0.866s] -- Up-to-date: /home/feld/ros2_ws/install/dataglove_msgs/include/dataglove_msgs/dataglove_msgs/msg/detail/vmg30_data__builder.hpp
[0.866s] -- Up-to-date: /home/feld/ros2_ws/install/dataglove_msgs/include/dataglove_msgs/dataglove_msgs/msg/detail/vmg30_data__struct.hpp
[0.866s] -- Up-to-date: /home/feld/ros2_ws/install/dataglove_msgs/include/dataglove_msgs/dataglove_msgs
[0.866s] -- Up-to-date: /home/feld/ros2_ws/install/dataglove_msgs/include/dataglove_msgs/dataglove_msgs/msg
[0.866s] -- Up-to-date: /home/feld/ros2_ws/install/dataglove_msgs/include/dataglove_msgs/dataglove_msgs/msg/rosidl_typesupport_fastrtps_cpp__visibility_control.h
[0.867s] -- Up-to-date: /home/feld/ros2_ws/install/dataglove_msgs/include/dataglove_msgs/dataglove_msgs/msg/detail
[0.867s] -- Up-to-date: /home/feld/ros2_ws/install/dataglove_msgs/include/dataglove_msgs/dataglove_msgs/msg/detail/vmg30_data__rosidl_typesupport_fastrtps_cpp.hpp
[0.867s] -- Up-to-date: /home/feld/ros2_ws/install/dataglove_msgs/include/dataglove_msgs/dataglove_msgs/msg/detail/dds_fastrtps
[0.867s] -- Up-to-date: /home/feld/ros2_ws/install/dataglove_msgs/lib/libdataglove_msgs__rosidl_typesupport_fastrtps_cpp.so
[0.867s] -- Up-to-date: /home/feld/ros2_ws/install/dataglove_msgs/include/dataglove_msgs/dataglove_msgs
[0.867s] -- Up-to-date: /home/feld/ros2_ws/install/dataglove_msgs/include/dataglove_msgs/dataglove_msgs/msg
[0.867s] -- Up-to-date: /home/feld/ros2_ws/install/dataglove_msgs/include/dataglove_msgs/dataglove_msgs/msg/detail
[0.868s] -- Up-to-date: /home/feld/ros2_ws/install/dataglove_msgs/include/dataglove_msgs/dataglove_msgs/msg/detail/vmg30_data__rosidl_typesupport_introspection_cpp.hpp
[0.868s] -- Up-to-date: /home/feld/ros2_ws/install/dataglove_msgs/include/dataglove_msgs/dataglove_msgs/msg/detail/vmg30_data__type_support.cpp
[0.868s] -- Up-to-date: /home/feld/ros2_ws/install/dataglove_msgs/lib/libdataglove_msgs__rosidl_typesupport_introspection_cpp.so
[0.868s] -- Up-to-date: /home/feld/ros2_ws/install/dataglove_msgs/lib/libdataglove_msgs__rosidl_typesupport_cpp.so
[0.868s] -- Up-to-date: /home/feld/ros2_ws/install/dataglove_msgs/share/dataglove_msgs/environment/pythonpath.sh
[0.868s] -- Up-to-date: /home/feld/ros2_ws/install/dataglove_msgs/share/dataglove_msgs/environment/pythonpath.dsv
[0.868s] -- Up-to-date: /home/feld/ros2_ws/install/dataglove_msgs/lib/python3.12/site-packages/dataglove_msgs-0.0.0-py3.12.egg-info
[0.869s] -- Installing: /home/feld/ros2_ws/install/dataglove_msgs/lib/python3.12/site-packages/dataglove_msgs-0.0.0-py3.12.egg-info/dependency_links.txt
[0.869s] -- Installing: /home/feld/ros2_ws/install/dataglove_msgs/lib/python3.12/site-packages/dataglove_msgs-0.0.0-py3.12.egg-info/PKG-INFO
[0.869s] -- Installing: /home/feld/ros2_ws/install/dataglove_msgs/lib/python3.12/site-packages/dataglove_msgs-0.0.0-py3.12.egg-info/top_level.txt
[0.869s] -- Installing: /home/feld/ros2_ws/install/dataglove_msgs/lib/python3.12/site-packages/dataglove_msgs-0.0.0-py3.12.egg-info/SOURCES.txt
[0.869s] -- Up-to-date: /home/feld/ros2_ws/install/dataglove_msgs/lib/python3.12/site-packages/dataglove_msgs
[0.869s] -- Up-to-date: /home/feld/ros2_ws/install/dataglove_msgs/lib/python3.12/site-packages/dataglove_msgs/dataglove_msgs_s__rosidl_typesupport_c.so
[0.869s] -- Up-to-date: /home/feld/ros2_ws/install/dataglove_msgs/lib/python3.12/site-packages/dataglove_msgs/_dataglove_msgs_s.ep.rosidl_typesupport_fastrtps_c.c
[0.869s] -- Up-to-date: /home/feld/ros2_ws/install/dataglove_msgs/lib/python3.12/site-packages/dataglove_msgs/_dataglove_msgs_s.ep.rosidl_typesupport_c.c
[0.870s] -- Up-to-date: /home/feld/ros2_ws/install/dataglove_msgs/lib/python3.12/site-packages/dataglove_msgs/__init__.py
[0.870s] -- Up-to-date: /home/feld/ros2_ws/install/dataglove_msgs/lib/python3.12/site-packages/dataglove_msgs/dataglove_msgs_s__rosidl_typesupport_introspection_c.so
[0.870s] -- Up-to-date: /home/feld/ros2_ws/install/dataglove_msgs/lib/python3.12/site-packages/dataglove_msgs/msg
[0.870s] -- Up-to-date: /home/feld/ros2_ws/install/dataglove_msgs/lib/python3.12/site-packages/dataglove_msgs/msg/_vmg30_data_s.c
[0.870s] -- Up-to-date: /home/feld/ros2_ws/install/dataglove_msgs/lib/python3.12/site-packages/dataglove_msgs/msg/_vmg30_data.py
[0.870s] -- Up-to-date: /home/feld/ros2_ws/install/dataglove_msgs/lib/python3.12/site-packages/dataglove_msgs/msg/__init__.py
[0.870s] -- Up-to-date: /home/feld/ros2_ws/install/dataglove_msgs/lib/python3.12/site-packages/dataglove_msgs/dataglove_msgs_s__rosidl_typesupport_fastrtps_c.so
[0.870s] -- Up-to-date: /home/feld/ros2_ws/install/dataglove_msgs/lib/python3.12/site-packages/dataglove_msgs/_dataglove_msgs_s.ep.rosidl_typesupport_introspection_c.c
[0.933s] Listing '/home/feld/ros2_ws/install/dataglove_msgs/lib/python3.12/site-packages/dataglove_msgs'...
[0.933s] Listing '/home/feld/ros2_ws/install/dataglove_msgs/lib/python3.12/site-packages/dataglove_msgs/msg'...
[0.943s] -- Up-to-date: /home/feld/ros2_ws/install/dataglove_msgs/lib/python3.12/site-packages/dataglove_msgs/dataglove_msgs_s__rosidl_typesupport_fastrtps_c.so
[0.943s] -- Up-to-date: /home/feld/ros2_ws/install/dataglove_msgs/lib/python3.12/site-packages/dataglove_msgs/dataglove_msgs_s__rosidl_typesupport_introspection_c.so
[0.944s] -- Up-to-date: /home/feld/ros2_ws/install/dataglove_msgs/lib/python3.12/site-packages/dataglove_msgs/dataglove_msgs_s__rosidl_typesupport_c.so
[0.945s] -- Up-to-date: /home/feld/ros2_ws/install/dataglove_msgs/lib/libdataglove_msgs__rosidl_generator_py.so
[0.945s] -- Up-to-date: /home/feld/ros2_ws/install/dataglove_msgs/share/dataglove_msgs/msg/VMG30Data.idl
[0.945s] -- Up-to-date: /home/feld/ros2_ws/install/dataglove_msgs/share/dataglove_msgs/msg/VMG30Data.msg
[0.946s] -- Up-to-date: /home/feld/ros2_ws/install/dataglove_msgs/share/ament_index/resource_index/package_run_dependencies/dataglove_msgs
[0.946s] -- Up-to-date: /home/feld/ros2_ws/install/dataglove_msgs/share/ament_index/resource_index/parent_prefix_path/dataglove_msgs
[0.946s] -- Up-to-date: /home/feld/ros2_ws/install/dataglove_msgs/share/dataglove_msgs/environment/ament_prefix_path.sh
[0.947s] -- Up-to-date: /home/feld/ros2_ws/install/dataglove_msgs/share/dataglove_msgs/environment/ament_prefix_path.dsv
[0.947s] -- Up-to-date: /home/feld/ros2_ws/install/dataglove_msgs/share/dataglove_msgs/environment/path.sh
[0.947s] -- Up-to-date: /home/feld/ros2_ws/install/dataglove_msgs/share/dataglove_msgs/environment/path.dsv
[0.948s] -- Up-to-date: /home/feld/ros2_ws/install/dataglove_msgs/share/dataglove_msgs/local_setup.bash
[0.948s] -- Up-to-date: /home/feld/ros2_ws/install/dataglove_msgs/share/dataglove_msgs/local_setup.sh
[0.948s] -- Up-to-date: /home/feld/ros2_ws/install/dataglove_msgs/share/dataglove_msgs/local_setup.zsh
[0.948s] -- Up-to-date: /home/feld/ros2_ws/install/dataglove_msgs/share/dataglove_msgs/local_setup.dsv
[0.949s] -- Installing: /home/feld/ros2_ws/install/dataglove_msgs/share/dataglove_msgs/package.dsv
[0.949s] -- Up-to-date: /home/feld/ros2_ws/install/dataglove_msgs/share/ament_index/resource_index/packages/dataglove_msgs
[0.949s] -- Up-to-date: /home/feld/ros2_ws/install/dataglove_msgs/share/dataglove_msgs/cmake/export_dataglove_msgs__rosidl_generator_cExport.cmake
[0.950s] -- Up-to-date: /home/feld/ros2_ws/install/dataglove_msgs/share/dataglove_msgs/cmake/export_dataglove_msgs__rosidl_generator_cExport-noconfig.cmake
[0.950s] -- Up-to-date: /home/feld/ros2_ws/install/dataglove_msgs/share/dataglove_msgs/cmake/export_dataglove_msgs__rosidl_typesupport_fastrtps_cExport.cmake
[0.950s] -- Up-to-date: /home/feld/ros2_ws/install/dataglove_msgs/share/dataglove_msgs/cmake/export_dataglove_msgs__rosidl_typesupport_fastrtps_cExport-noconfig.cmake
[0.951s] -- Up-to-date: /home/feld/ros2_ws/install/dataglove_msgs/share/dataglove_msgs/cmake/dataglove_msgs__rosidl_typesupport_introspection_cExport.cmake
[0.951s] -- Up-to-date: /home/feld/ros2_ws/install/dataglove_msgs/share/dataglove_msgs/cmake/dataglove_msgs__rosidl_typesupport_introspection_cExport-noconfig.cmake
[0.951s] -- Up-to-date: /home/feld/ros2_ws/install/dataglove_msgs/share/dataglove_msgs/cmake/dataglove_msgs__rosidl_typesupport_cExport.cmake
[0.952s] -- Up-to-date: /home/feld/ros2_ws/install/dataglove_msgs/share/dataglove_msgs/cmake/dataglove_msgs__rosidl_typesupport_cExport-noconfig.cmake
[0.952s] -- Up-to-date: /home/feld/ros2_ws/install/dataglove_msgs/share/dataglove_msgs/cmake/export_dataglove_msgs__rosidl_generator_cppExport.cmake
[0.952s] -- Up-to-date: /home/feld/ros2_ws/install/dataglove_msgs/share/dataglove_msgs/cmake/export_dataglove_msgs__rosidl_typesupport_fastrtps_cppExport.cmake
[0.952s] -- Up-to-date: /home/feld/ros2_ws/install/dataglove_msgs/share/dataglove_msgs/cmake/export_dataglove_msgs__rosidl_typesupport_fastrtps_cppExport-noconfig.cmake
[0.952s] -- Up-to-date: /home/feld/ros2_ws/install/dataglove_msgs/share/dataglove_msgs/cmake/dataglove_msgs__rosidl_typesupport_introspection_cppExport.cmake
[0.953s] -- Up-to-date: /home/feld/ros2_ws/install/dataglove_msgs/share/dataglove_msgs/cmake/dataglove_msgs__rosidl_typesupport_introspection_cppExport-noconfig.cmake
[0.953s] -- Up-to-date: /home/feld/ros2_ws/install/dataglove_msgs/share/dataglove_msgs/cmake/dataglove_msgs__rosidl_typesupport_cppExport.cmake
[0.953s] -- Up-to-date: /home/feld/ros2_ws/install/dataglove_msgs/share/dataglove_msgs/cmake/dataglove_msgs__rosidl_typesupport_cppExport-noconfig.cmake
[0.953s] -- Up-to-date: /home/feld/ros2_ws/install/dataglove_msgs/share/dataglove_msgs/cmake/export_dataglove_msgs__rosidl_generator_pyExport.cmake
[0.954s] -- Up-to-date: /home/feld/ros2_ws/install/dataglove_msgs/share/dataglove_msgs/cmake/export_dataglove_msgs__rosidl_generator_pyExport-noconfig.cmake
[0.954s] -- Up-to-date: /home/feld/ros2_ws/install/dataglove_msgs/share/dataglove_msgs/cmake/rosidl_cmake-extras.cmake
[0.954s] -- Up-to-date: /home/feld/ros2_ws/install/dataglove_msgs/share/dataglove_msgs/cmake/ament_cmake_export_dependencies-extras.cmake
[0.954s] -- Up-to-date: /home/feld/ros2_ws/install/dataglove_msgs/share/dataglove_msgs/cmake/ament_cmake_export_include_directories-extras.cmake
[0.954s] -- Up-to-date: /home/feld/ros2_ws/install/dataglove_msgs/share/dataglove_msgs/cmake/ament_cmake_export_libraries-extras.cmake
[0.955s] -- Up-to-date: /home/feld/ros2_ws/install/dataglove_msgs/share/dataglove_msgs/cmake/ament_cmake_export_targets-extras.cmake
[0.955s] -- Up-to-date: /home/feld/ros2_ws/install/dataglove_msgs/share/dataglove_msgs/cmake/rosidl_cmake_export_typesupport_targets-extras.cmake
[0.955s] -- Up-to-date: /home/feld/ros2_ws/install/dataglove_msgs/share/dataglove_msgs/cmake/rosidl_cmake_export_typesupport_libraries-extras.cmake
[0.955s] -- Up-to-date: /home/feld/ros2_ws/install/dataglove_msgs/share/dataglove_msgs/cmake/dataglove_msgsConfig.cmake
[0.955s] -- Up-to-date: /home/feld/ros2_ws/install/dataglove_msgs/share/dataglove_msgs/cmake/dataglove_msgsConfig-version.cmake
[0.955s] -- Up-to-date: /home/feld/ros2_ws/install/dataglove_msgs/share/dataglove_msgs/package.xml
[0.956s] Invoked command in '/home/feld/ros2_ws/build/dataglove_msgs' returned '0': CMAKE_PREFIX_PATH=${CMAKE_PREFIX_PATH}:/home/feld/ros2_ws/install/py_pubsub:/home/feld/ros2_ws/install/dataglove:/opt/ros/jazzy DEBUGINFOD_URLS=https://debuginfod.ubuntu.com /usr/bin/cmake --install /home/feld/ros2_ws/build/dataglove_msgs
