[0.013s] Invoking command in '/home/feld/ros2_ws/build/tutorial_interfaces': CMAKE_PREFIX_PATH=${CMAKE_PREFIX_PATH}:/home/feld/ros2_ws/install/py_pubsub:/home/feld/ros2_ws/install/dataglove:/opt/ros/jazzy DEBUGINFOD_URLS=https://debuginfod.ubuntu.com /usr/bin/cmake /home/feld/ros2_ws/src/tutorial_interfaces -DCMAKE_INSTALL_PREFIX=/home/feld/ros2_ws/install/tutorial_interfaces
[0.265s] -- The C compiler identification is GNU 13.3.0
[0.511s] -- The CXX compiler identification is GNU 13.3.0
[0.561s] -- Detecting C compiler ABI info
[0.814s] -- Detecting C compiler ABI info - done
[0.852s] -- Check for working C compiler: /usr/bin/cc - skipped
[0.858s] -- Detecting C compile features
[0.859s] -- Detecting C compile features - done
[0.888s] -- Detecting CXX compiler ABI info
[1.214s] -- Detecting CXX compiler ABI info - done
[1.251s] -- Check for working CXX compiler: /usr/bin/c++ - skipped
[1.252s] -- Detecting CXX compile features
[1.254s] -- Detecting CXX compile features - done
[1.271s] -- Found ament_cmake: 2.5.4 (/opt/ros/jazzy/share/ament_cmake/cmake)
[1.612s] -- Found Python3: /usr/bin/python3 (found version "3.12.3") found components: Interpreter 
[1.790s] -- Found ament_lint_auto: 0.17.2 (/opt/ros/jazzy/share/ament_lint_auto/cmake)
[2.017s] -- Added test 'lint_cmake' to check CMake code style
[2.019s] -- Added test 'xmllint' to check XML markup files
[2.024s] -- Found geometry_msgs: 5.3.6 (/opt/ros/jazzy/share/geometry_msgs/cmake)
[2.116s] -- Found rosidl_generator_c: 4.6.5 (/opt/ros/jazzy/share/rosidl_generator_c/cmake)
[2.145s] -- Found rosidl_generator_cpp: 4.6.5 (/opt/ros/jazzy/share/rosidl_generator_cpp/cmake)
[2.174s] -- Using all available rosidl_typesupport_c: rosidl_typesupport_fastrtps_c;rosidl_typesupport_introspection_c
[2.206s] -- Using all available rosidl_typesupport_cpp: rosidl_typesupport_fastrtps_cpp;rosidl_typesupport_introspection_cpp
[2.291s] -- Found rosidl_default_generators: 1.6.0 (/opt/ros/jazzy/share/rosidl_default_generators/cmake)
[2.316s] -- Found rosidl_adapter: 4.6.5 (/opt/ros/jazzy/share/rosidl_adapter/cmake)
[2.319s] [31mCMake Error at /opt/ros/jazzy/share/rosidl_cmake/cmake/rosidl_generate_interfaces.cmake:64 (message):
[2.319s]   rosidl_generate_interfaces() must be called before ament_package()
[2.319s] Call Stack (most recent call first):
[2.319s]   CMakeLists.txt:32 (rosidl_generate_interfaces)
[2.319s] 
[2.320s] [0m
[2.320s] -- Configuring incomplete, errors occurred!
[2.326s] Invoked command in '/home/feld/ros2_ws/build/tutorial_interfaces' returned '1': CMAKE_PREFIX_PATH=${CMAKE_PREFIX_PATH}:/home/feld/ros2_ws/install/py_pubsub:/home/feld/ros2_ws/install/dataglove:/opt/ros/jazzy DEBUGINFOD_URLS=https://debuginfod.ubuntu.com /usr/bin/cmake /home/feld/ros2_ws/src/tutorial_interfaces -DCMAKE_INSTALL_PREFIX=/home/feld/ros2_ws/install/tutorial_interfaces
