[1.313s] Invoking command in '/home/feld/ros2_ws/src/py_pubsub': DEBUGINFOD_URLS=https://debuginfod.ubuntu.com PYTHONPATH=/home/feld/ros2_ws/build/py_pubsub/prefix_override:/usr/lib/python3/dist-packages/colcon_core/task/python/colcon_distutils_commands:/home/feld/ros2_ws/install/py_pubsub/lib/python3.12/site-packages:${PYTHONPATH} /usr/bin/python3 -W ignore:setup.py install is deprecated -W ignore:easy_install command is deprecated setup.py egg_info --egg-base ../../build/py_pubsub build --build-base /home/feld/ros2_ws/build/py_pubsub/build install --record /home/feld/ros2_ws/build/py_pubsub/install.log --single-version-externally-managed install_data
[1.724s] running egg_info
[1.752s] writing ../../build/py_pubsub/py_pubsub.egg-info/PKG-INFO
[1.752s] writing dependency_links to ../../build/py_pubsub/py_pubsub.egg-info/dependency_links.txt
[1.752s] writing entry points to ../../build/py_pubsub/py_pubsub.egg-info/entry_points.txt
[1.752s] writing requirements to ../../build/py_pubsub/py_pubsub.egg-info/requires.txt
[1.752s] writing top-level names to ../../build/py_pubsub/py_pubsub.egg-info/top_level.txt
[1.815s] reading manifest file '../../build/py_pubsub/py_pubsub.egg-info/SOURCES.txt'
[1.815s] adding license file 'LICENSE'
[1.816s] writing manifest file '../../build/py_pubsub/py_pubsub.egg-info/SOURCES.txt'
[1.816s] running build
[1.816s] running build_py
[1.816s] running install
[1.826s] running install_lib
[1.859s] running install_data
[1.859s] running install_egg_info
[1.891s] removing '/home/feld/ros2_ws/install/py_pubsub/lib/python3.12/site-packages/py_pubsub-0.0.0-py3.12.egg-info' (and everything under it)
[1.892s] Copying ../../build/py_pubsub/py_pubsub.egg-info to /home/feld/ros2_ws/install/py_pubsub/lib/python3.12/site-packages/py_pubsub-0.0.0-py3.12.egg-info
[1.893s] running install_scripts
[2.084s] Installing listener script to /home/feld/ros2_ws/install/py_pubsub/lib/py_pubsub
[2.085s] Installing talker script to /home/feld/ros2_ws/install/py_pubsub/lib/py_pubsub
[2.085s] writing list of installed files to '/home/feld/ros2_ws/build/py_pubsub/install.log'
[2.123s] Invoked command in '/home/feld/ros2_ws/src/py_pubsub' returned '0': DEBUGINFOD_URLS=https://debuginfod.ubuntu.com PYTHONPATH=/home/feld/ros2_ws/build/py_pubsub/prefix_override:/usr/lib/python3/dist-packages/colcon_core/task/python/colcon_distutils_commands:/home/feld/ros2_ws/install/py_pubsub/lib/python3.12/site-packages:${PYTHONPATH} /usr/bin/python3 -W ignore:setup.py install is deprecated -W ignore:easy_install command is deprecated setup.py egg_info --egg-base ../../build/py_pubsub build --build-base /home/feld/ros2_ws/build/py_pubsub/build install --record /home/feld/ros2_ws/build/py_pubsub/install.log --single-version-externally-managed install_data
