[1.325s] Invoking command in '/home/feld/ros2_ws/src/dataglove': CMAKE_PREFIX_PATH=/home/feld/ros2_ws/install/dataglove_msgs:/home/feld/ros2_ws/install/tutorial_interfaces:/opt/ros/jazzy/opt/gz_math_vendor:/opt/ros/jazzy/opt/gz_utils_vendor:/opt/ros/jazzy/opt/gz_cmake_vendor DEBUGINFOD_URLS=https://debuginfod.ubuntu.com LD_LIBRARY_PATH=/home/feld/ros2_ws/install/dataglove_msgs/lib:/home/feld/ros2_ws/install/tutorial_interfaces/lib:/opt/ros/jazzy/opt/rviz_ogre_vendor/lib:/opt/ros/jazzy/lib/x86_64-linux-gnu:/opt/ros/jazzy/opt/gz_math_vendor/lib:/opt/ros/jazzy/opt/gz_utils_vendor/lib:/opt/ros/jazzy/opt/gz_cmake_vendor/lib:/opt/ros/jazzy/lib PYTHONPATH=/home/feld/ros2_ws/build/dataglove/prefix_override:/usr/lib/python3/dist-packages/colcon_core/task/python/colcon_distutils_commands:/home/feld/ros2_ws/install/dataglove/lib/python3.12/site-packages:/home/feld/ros2_ws/install/dataglove_msgs/lib/python3.12/site-packages:/home/feld/ros2_ws/install/tutorial_interfaces/lib/python3.12/site-packages:/home/feld/ros2_ws/install/py_pubsub/lib/python3.12/site-packages:/home/feld/ros2_ws/install/dataglove/lib/python3.12/site-packages:/opt/ros/jazzy/lib/python3.12/site-packages /usr/bin/python3 -W ignore:setup.py install is deprecated -W ignore:easy_install command is deprecated setup.py egg_info --egg-base ../../build/dataglove build --build-base /home/feld/ros2_ws/build/dataglove/build install --record /home/feld/ros2_ws/build/dataglove/install.log --single-version-externally-managed install_data
[1.792s] running egg_info
[1.823s] writing ../../build/dataglove/dataglove.egg-info/PKG-INFO
[1.824s] writing dependency_links to ../../build/dataglove/dataglove.egg-info/dependency_links.txt
[1.824s] writing entry points to ../../build/dataglove/dataglove.egg-info/entry_points.txt
[1.824s] writing requirements to ../../build/dataglove/dataglove.egg-info/requires.txt
[1.824s] writing top-level names to ../../build/dataglove/dataglove.egg-info/top_level.txt
[1.892s] reading manifest file '../../build/dataglove/dataglove.egg-info/SOURCES.txt'
[1.893s] writing manifest file '../../build/dataglove/dataglove.egg-info/SOURCES.txt'
[1.894s] running build
[1.894s] running build_py
[1.894s] copying dataglove/data_saver.py -> /home/feld/ros2_ws/build/dataglove/build/lib/dataglove
[1.894s] copying dataglove/glove.py -> /home/feld/ros2_ws/build/dataglove/build/lib/dataglove
[1.894s] running install
[1.904s] running install_lib
[1.937s] copying /home/feld/ros2_ws/build/dataglove/build/lib/dataglove/data_saver.py -> /home/feld/ros2_ws/install/dataglove/lib/python3.12/site-packages/dataglove
[1.938s] copying /home/feld/ros2_ws/build/dataglove/build/lib/dataglove/glove.py -> /home/feld/ros2_ws/install/dataglove/lib/python3.12/site-packages/dataglove
[1.939s] byte-compiling /home/feld/ros2_ws/install/dataglove/lib/python3.12/site-packages/dataglove/data_saver.py to data_saver.cpython-312.pyc
[1.940s] byte-compiling /home/feld/ros2_ws/install/dataglove/lib/python3.12/site-packages/dataglove/glove.py to glove.cpython-312.pyc
[1.942s] running install_data
[1.942s] running install_egg_info
[1.978s] removing '/home/feld/ros2_ws/install/dataglove/lib/python3.12/site-packages/dataglove-0.0.0-py3.12.egg-info' (and everything under it)
[1.978s] Copying ../../build/dataglove/dataglove.egg-info to /home/feld/ros2_ws/install/dataglove/lib/python3.12/site-packages/dataglove-0.0.0-py3.12.egg-info
[1.980s] running install_scripts
[2.195s] Installing data_saver script to /home/feld/ros2_ws/install/dataglove/lib/dataglove
[2.196s] Installing glove script to /home/feld/ros2_ws/install/dataglove/lib/dataglove
[2.196s] writing list of installed files to '/home/feld/ros2_ws/build/dataglove/install.log'
[2.240s] Invoked command in '/home/feld/ros2_ws/src/dataglove' returned '0': CMAKE_PREFIX_PATH=/home/feld/ros2_ws/install/dataglove_msgs:/home/feld/ros2_ws/install/tutorial_interfaces:/opt/ros/jazzy/opt/gz_math_vendor:/opt/ros/jazzy/opt/gz_utils_vendor:/opt/ros/jazzy/opt/gz_cmake_vendor DEBUGINFOD_URLS=https://debuginfod.ubuntu.com LD_LIBRARY_PATH=/home/feld/ros2_ws/install/dataglove_msgs/lib:/home/feld/ros2_ws/install/tutorial_interfaces/lib:/opt/ros/jazzy/opt/rviz_ogre_vendor/lib:/opt/ros/jazzy/lib/x86_64-linux-gnu:/opt/ros/jazzy/opt/gz_math_vendor/lib:/opt/ros/jazzy/opt/gz_utils_vendor/lib:/opt/ros/jazzy/opt/gz_cmake_vendor/lib:/opt/ros/jazzy/lib PYTHONPATH=/home/feld/ros2_ws/build/dataglove/prefix_override:/usr/lib/python3/dist-packages/colcon_core/task/python/colcon_distutils_commands:/home/feld/ros2_ws/install/dataglove/lib/python3.12/site-packages:/home/feld/ros2_ws/install/dataglove_msgs/lib/python3.12/site-packages:/home/feld/ros2_ws/install/tutorial_interfaces/lib/python3.12/site-packages:/home/feld/ros2_ws/install/py_pubsub/lib/python3.12/site-packages:/home/feld/ros2_ws/install/dataglove/lib/python3.12/site-packages:/opt/ros/jazzy/lib/python3.12/site-packages /usr/bin/python3 -W ignore:setup.py install is deprecated -W ignore:easy_install command is deprecated setup.py egg_info --egg-base ../../build/dataglove build --build-base /home/feld/ros2_ws/build/dataglove/build install --record /home/feld/ros2_ws/build/dataglove/install.log --single-version-externally-managed install_data
