[1.278s] Invoking command in '/home/feld/ros2_ws/src/py_pubsub': DEBUGINFOD_URLS=https://debuginfod.ubuntu.com PYTHONPATH=/home/feld/ros2_ws/build/py_pubsub/prefix_override:/usr/lib/python3/dist-packages/colcon_core/task/python/colcon_distutils_commands:/home/feld/ros2_ws/install/py_pubsub/lib/python3.12/site-packages:${PYTHONPATH} /usr/bin/python3 -W ignore:setup.py install is deprecated -W ignore:easy_install command is deprecated setup.py egg_info --egg-base ../../build/py_pubsub build --build-base /home/feld/ros2_ws/build/py_pubsub/build install --record /home/feld/ros2_ws/build/py_pubsub/install.log --single-version-externally-managed install_data
[1.797s] running egg_info
[1.844s] writing ../../build/py_pubsub/py_pubsub.egg-info/PKG-INFO
[1.844s] writing dependency_links to ../../build/py_pubsub/py_pubsub.egg-info/dependency_links.txt
[1.844s] writing entry points to ../../build/py_pubsub/py_pubsub.egg-info/entry_points.txt
[1.845s] writing requirements to ../../build/py_pubsub/py_pubsub.egg-info/requires.txt
[1.845s] writing top-level names to ../../build/py_pubsub/py_pubsub.egg-info/top_level.txt
[1.916s] reading manifest file '../../build/py_pubsub/py_pubsub.egg-info/SOURCES.txt'
[1.917s] adding license file 'LICENSE'
[1.918s] writing manifest file '../../build/py_pubsub/py_pubsub.egg-info/SOURCES.txt'
[1.918s] running build
[1.918s] running build_py
[1.918s] running install
[1.929s] running install_lib
[1.964s] running install_data
[1.965s] running install_egg_info
[2.001s] removing '/home/feld/ros2_ws/install/py_pubsub/lib/python3.12/site-packages/py_pubsub-0.0.0-py3.12.egg-info' (and everything under it)
[2.002s] Copying ../../build/py_pubsub/py_pubsub.egg-info to /home/feld/ros2_ws/install/py_pubsub/lib/python3.12/site-packages/py_pubsub-0.0.0-py3.12.egg-info
[2.003s] running install_scripts
[2.223s] Installing listener script to /home/feld/ros2_ws/install/py_pubsub/lib/py_pubsub
[2.223s] Installing talker script to /home/feld/ros2_ws/install/py_pubsub/lib/py_pubsub
[2.224s] writing list of installed files to '/home/feld/ros2_ws/build/py_pubsub/install.log'
[2.266s] Invoked command in '/home/feld/ros2_ws/src/py_pubsub' returned '0': DEBUGINFOD_URLS=https://debuginfod.ubuntu.com PYTHONPATH=/home/feld/ros2_ws/build/py_pubsub/prefix_override:/usr/lib/python3/dist-packages/colcon_core/task/python/colcon_distutils_commands:/home/feld/ros2_ws/install/py_pubsub/lib/python3.12/site-packages:${PYTHONPATH} /usr/bin/python3 -W ignore:setup.py install is deprecated -W ignore:easy_install command is deprecated setup.py egg_info --egg-base ../../build/py_pubsub build --build-base /home/feld/ros2_ws/build/py_pubsub/build install --record /home/feld/ros2_ws/build/py_pubsub/install.log --single-version-externally-managed install_data
