[1.278s] Invoking command in '/home/feld/ros2_ws/src/py_pubsub': DEBUGINFOD_URLS=https://debuginfod.ubuntu.com PYTHONPATH=/home/feld/ros2_ws/build/py_pubsub/prefix_override:/usr/lib/python3/dist-packages/colcon_core/task/python/colcon_distutils_commands:/home/feld/ros2_ws/install/py_pubsub/lib/python3.12/site-packages:${PYTHONPATH} /usr/bin/python3 -W ignore:setup.py install is deprecated -W ignore:easy_install command is deprecated setup.py egg_info --egg-base ../../build/py_pubsub build --build-base /home/feld/ros2_ws/build/py_pubsub/build install --record /home/feld/ros2_ws/build/py_pubsub/install.log --single-version-externally-managed install_data
[1.734s] running egg_info
[1.766s] writing ../../build/py_pubsub/py_pubsub.egg-info/PKG-INFO
[1.766s] writing dependency_links to ../../build/py_pubsub/py_pubsub.egg-info/dependency_links.txt
[1.767s] writing entry points to ../../build/py_pubsub/py_pubsub.egg-info/entry_points.txt
[1.767s] writing requirements to ../../build/py_pubsub/py_pubsub.egg-info/requires.txt
[1.767s] writing top-level names to ../../build/py_pubsub/py_pubsub.egg-info/top_level.txt
[1.833s] reading manifest file '../../build/py_pubsub/py_pubsub.egg-info/SOURCES.txt'
[1.833s] adding license file 'LICENSE'
[1.834s] writing manifest file '../../build/py_pubsub/py_pubsub.egg-info/SOURCES.txt'
[1.834s] running build
[1.834s] running build_py
[1.835s] running install
[1.844s] running install_lib
[1.878s] running install_data
[1.879s] copying launch/pubsub_launch.yaml -> /home/feld/ros2_ws/install/py_pubsub/share/py_pubsub/launch
[1.879s] running install_egg_info
[1.914s] removing '/home/feld/ros2_ws/install/py_pubsub/lib/python3.12/site-packages/py_pubsub-0.0.0-py3.12.egg-info' (and everything under it)
[1.915s] Copying ../../build/py_pubsub/py_pubsub.egg-info to /home/feld/ros2_ws/install/py_pubsub/lib/python3.12/site-packages/py_pubsub-0.0.0-py3.12.egg-info
[1.916s] running install_scripts
[2.124s] Installing listener script to /home/feld/ros2_ws/install/py_pubsub/lib/py_pubsub
[2.125s] Installing talker script to /home/feld/ros2_ws/install/py_pubsub/lib/py_pubsub
[2.125s] writing list of installed files to '/home/feld/ros2_ws/build/py_pubsub/install.log'
[2.165s] Invoked command in '/home/feld/ros2_ws/src/py_pubsub' returned '0': DEBUGINFOD_URLS=https://debuginfod.ubuntu.com PYTHONPATH=/home/feld/ros2_ws/build/py_pubsub/prefix_override:/usr/lib/python3/dist-packages/colcon_core/task/python/colcon_distutils_commands:/home/feld/ros2_ws/install/py_pubsub/lib/python3.12/site-packages:${PYTHONPATH} /usr/bin/python3 -W ignore:setup.py install is deprecated -W ignore:easy_install command is deprecated setup.py egg_info --egg-base ../../build/py_pubsub build --build-base /home/feld/ros2_ws/build/py_pubsub/build install --record /home/feld/ros2_ws/build/py_pubsub/install.log --single-version-externally-managed install_data
