[0.153s] DEBUG:colcon:Command line arguments: ['/usr/bin/colcon', 'build', '--packages-select', 'dataglove_msgs']
[0.154s] DEBUG:colcon:Parsed command line arguments: Namespace(log_base=None, log_level=None, verb_name='build', build_base='build', install_base='install', merge_install=False, symlink_install=False, test_result_base=None, continue_on_error=False, executor='parallel', parallel_workers=8, event_handlers=None, ignore_user_meta=False, metas=['./colcon.meta'], base_paths=['.'], packages_ignore=None, packages_ignore_regex=None, paths=None, packages_up_to=None, packages_up_to_regex=None, packages_above=None, packages_above_and_dependencies=None, packages_above_depth=None, packages_select_by_dep=None, packages_skip_by_dep=None, packages_skip_up_to=None, packages_select_build_failed=False, packages_skip_build_finished=False, packages_select_test_failures=False, packages_skip_test_passed=False, packages_select=['dataglove_msgs'], packages_skip=None, packages_select_regex=None, packages_skip_regex=None, packages_start=None, packages_end=None, allow_overriding=[], cmake_args=None, cmake_target=None, cmake_target_skip_unavailable=False, cmake_clean_cache=False, cmake_clean_first=False, cmake_force_configure=False, ament_cmake_args=None, catkin_cmake_args=None, catkin_skip_building_tests=False, mixin_files=None, mixin=None, verb_parser=<colcon_mixin.mixin.mixin_argument.MixinArgumentDecorator object at 0x7c4d8e188080>, verb_extension=<colcon_core.verb.build.BuildVerb object at 0x7c4d8e167c80>, main=<bound method BuildVerb.main of <colcon_core.verb.build.BuildVerb object at 0x7c4d8e167c80>>, mixin_verb=('build',))
[0.207s] Level 1:colcon.colcon_core.package_discovery:discover_packages(colcon_meta) check parameters
[0.207s] Level 1:colcon.colcon_core.package_discovery:discover_packages(recursive) check parameters
[0.207s] Level 1:colcon.colcon_core.package_discovery:discover_packages(ignore) check parameters
[0.207s] Level 1:colcon.colcon_core.package_discovery:discover_packages(path) check parameters
[0.207s] Level 1:colcon.colcon_core.package_discovery:discover_packages(colcon_meta) discover
[0.207s] Level 1:colcon.colcon_core.package_discovery:discover_packages(recursive) discover
[0.207s] INFO:colcon.colcon_core.package_discovery:Crawling recursively for packages in '/home/feld/ros2_ws/src'
[0.207s] Level 1:colcon.colcon_core.package_identification:_identify(.) by extensions ['ignore', 'ignore_ament_install']
[0.207s] Level 1:colcon.colcon_core.package_identification:_identify(.) by extension 'ignore'
[0.207s] Level 1:colcon.colcon_core.package_identification:_identify(.) by extension 'ignore_ament_install'
[0.208s] Level 1:colcon.colcon_core.package_identification:_identify(.) by extensions ['colcon_pkg']
[0.208s] Level 1:colcon.colcon_core.package_identification:_identify(.) by extension 'colcon_pkg'
[0.208s] Level 1:colcon.colcon_core.package_identification:_identify(.) by extensions ['colcon_meta']
[0.208s] Level 1:colcon.colcon_core.package_identification:_identify(.) by extension 'colcon_meta'
[0.208s] Level 1:colcon.colcon_core.package_identification:_identify(.) by extensions ['ros']
[0.208s] Level 1:colcon.colcon_core.package_identification:_identify(.) by extension 'ros'
[0.246s] Level 1:colcon.colcon_core.package_identification:_identify(.) by extensions ['cmake', 'python']
[0.246s] Level 1:colcon.colcon_core.package_identification:_identify(.) by extension 'cmake'
[0.246s] Level 1:colcon.colcon_core.package_identification:_identify(.) by extension 'python'
[0.246s] Level 1:colcon.colcon_core.package_identification:_identify(.) by extensions ['python_setup_py']
[0.246s] Level 1:colcon.colcon_core.package_identification:_identify(.) by extension 'python_setup_py'
[0.246s] Level 1:colcon.colcon_core.package_identification:_identify(build) by extensions ['ignore', 'ignore_ament_install']
[0.246s] Level 1:colcon.colcon_core.package_identification:_identify(build) by extension 'ignore'
[0.246s] Level 1:colcon.colcon_core.package_identification:_identify(build) ignored
[0.246s] Level 1:colcon.colcon_core.package_identification:_identify(dataglove) by extensions ['ignore', 'ignore_ament_install']
[0.247s] Level 1:colcon.colcon_core.package_identification:_identify(dataglove) by extension 'ignore'
[0.247s] Level 1:colcon.colcon_core.package_identification:_identify(dataglove) by extension 'ignore_ament_install'
[0.247s] Level 1:colcon.colcon_core.package_identification:_identify(dataglove) by extensions ['colcon_pkg']
[0.247s] Level 1:colcon.colcon_core.package_identification:_identify(dataglove) by extension 'colcon_pkg'
[0.247s] Level 1:colcon.colcon_core.package_identification:_identify(dataglove) by extensions ['colcon_meta']
[0.247s] Level 1:colcon.colcon_core.package_identification:_identify(dataglove) by extension 'colcon_meta'
[0.247s] Level 1:colcon.colcon_core.package_identification:_identify(dataglove) by extensions ['ros']
[0.247s] Level 1:colcon.colcon_core.package_identification:_identify(dataglove) by extension 'ros'
[0.250s] DEBUG:colcon.colcon_core.package_identification:Package 'dataglove' with type 'ros.ament_python' and name 'dataglove'
[0.251s] Level 1:colcon.colcon_core.package_identification:_identify(dataglove_msgs) by extensions ['ignore', 'ignore_ament_install']
[0.251s] Level 1:colcon.colcon_core.package_identification:_identify(dataglove_msgs) by extension 'ignore'
[0.251s] Level 1:colcon.colcon_core.package_identification:_identify(dataglove_msgs) by extension 'ignore_ament_install'
[0.251s] Level 1:colcon.colcon_core.package_identification:_identify(dataglove_msgs) by extensions ['colcon_pkg']
[0.251s] Level 1:colcon.colcon_core.package_identification:_identify(dataglove_msgs) by extension 'colcon_pkg'
[0.251s] Level 1:colcon.colcon_core.package_identification:_identify(dataglove_msgs) by extensions ['colcon_meta']
[0.251s] Level 1:colcon.colcon_core.package_identification:_identify(dataglove_msgs) by extension 'colcon_meta'
[0.251s] Level 1:colcon.colcon_core.package_identification:_identify(dataglove_msgs) by extensions ['ros']
[0.251s] Level 1:colcon.colcon_core.package_identification:_identify(dataglove_msgs) by extension 'ros'
[0.252s] DEBUG:colcon.colcon_core.package_identification:Package 'dataglove_msgs' with type 'ros.ament_cmake' and name 'dataglove_msgs'
[0.252s] Level 1:colcon.colcon_core.package_identification:_identify(install) by extensions ['ignore', 'ignore_ament_install']
[0.252s] Level 1:colcon.colcon_core.package_identification:_identify(install) by extension 'ignore'
[0.252s] Level 1:colcon.colcon_core.package_identification:_identify(install) ignored
[0.252s] Level 1:colcon.colcon_core.package_identification:_identify(log) by extensions ['ignore', 'ignore_ament_install']
[0.252s] Level 1:colcon.colcon_core.package_identification:_identify(log) by extension 'ignore'
[0.253s] Level 1:colcon.colcon_core.package_identification:_identify(log) ignored
[0.253s] Level 1:colcon.colcon_core.package_identification:_identify(py_pubsub) by extensions ['ignore', 'ignore_ament_install']
[0.253s] Level 1:colcon.colcon_core.package_identification:_identify(py_pubsub) by extension 'ignore'
[0.253s] Level 1:colcon.colcon_core.package_identification:_identify(py_pubsub) by extension 'ignore_ament_install'
[0.253s] Level 1:colcon.colcon_core.package_identification:_identify(py_pubsub) by extensions ['colcon_pkg']
[0.253s] Level 1:colcon.colcon_core.package_identification:_identify(py_pubsub) by extension 'colcon_pkg'
[0.253s] Level 1:colcon.colcon_core.package_identification:_identify(py_pubsub) by extensions ['colcon_meta']
[0.253s] Level 1:colcon.colcon_core.package_identification:_identify(py_pubsub) by extension 'colcon_meta'
[0.253s] Level 1:colcon.colcon_core.package_identification:_identify(py_pubsub) by extensions ['ros']
[0.253s] Level 1:colcon.colcon_core.package_identification:_identify(py_pubsub) by extension 'ros'
[0.254s] DEBUG:colcon.colcon_core.package_identification:Package 'py_pubsub' with type 'ros.ament_python' and name 'py_pubsub'
[0.254s] Level 1:colcon.colcon_core.package_discovery:discover_packages(recursive) using defaults
[0.254s] Level 1:colcon.colcon_core.package_discovery:discover_packages(ignore) discover
[0.254s] Level 1:colcon.colcon_core.package_discovery:discover_packages(ignore) using defaults
[0.254s] Level 1:colcon.colcon_core.package_discovery:discover_packages(path) discover
[0.254s] Level 1:colcon.colcon_core.package_discovery:discover_packages(path) using defaults
[0.279s] INFO:colcon.colcon_core.package_selection:Skipping not selected package 'py_pubsub' in 'py_pubsub'
[0.279s] INFO:colcon.colcon_core.package_selection:Skipping not selected package 'dataglove' in 'dataglove'
[0.280s] Level 1:colcon.colcon_core.package_discovery:discover_packages(prefix_path) check parameters
[0.280s] Level 1:colcon.colcon_core.package_discovery:discover_packages(prefix_path) discover
[0.282s] DEBUG:colcon.colcon_installed_package_information.package_discovery:Found 4 installed packages in /home/feld/ros2_ws/install
[0.284s] DEBUG:colcon.colcon_installed_package_information.package_discovery:Found 285 installed packages in /opt/ros/jazzy
[0.285s] Level 1:colcon.colcon_core.package_discovery:discover_packages(prefix_path) using defaults
[0.350s] Level 5:colcon.colcon_core.verb:set package 'dataglove_msgs' build argument 'cmake_args' from command line to 'None'
[0.350s] Level 5:colcon.colcon_core.verb:set package 'dataglove_msgs' build argument 'cmake_target' from command line to 'None'
[0.350s] Level 5:colcon.colcon_core.verb:set package 'dataglove_msgs' build argument 'cmake_target_skip_unavailable' from command line to 'False'
[0.350s] Level 5:colcon.colcon_core.verb:set package 'dataglove_msgs' build argument 'cmake_clean_cache' from command line to 'False'
[0.350s] Level 5:colcon.colcon_core.verb:set package 'dataglove_msgs' build argument 'cmake_clean_first' from command line to 'False'
[0.350s] Level 5:colcon.colcon_core.verb:set package 'dataglove_msgs' build argument 'cmake_force_configure' from command line to 'False'
[0.350s] Level 5:colcon.colcon_core.verb:set package 'dataglove_msgs' build argument 'ament_cmake_args' from command line to 'None'
[0.350s] Level 5:colcon.colcon_core.verb:set package 'dataglove_msgs' build argument 'catkin_cmake_args' from command line to 'None'
[0.350s] Level 5:colcon.colcon_core.verb:set package 'dataglove_msgs' build argument 'catkin_skip_building_tests' from command line to 'False'
[0.350s] DEBUG:colcon.colcon_core.verb:Building package 'dataglove_msgs' with the following arguments: {'ament_cmake_args': None, 'build_base': '/home/feld/ros2_ws/src/build/dataglove_msgs', 'catkin_cmake_args': None, 'catkin_skip_building_tests': False, 'cmake_args': None, 'cmake_clean_cache': False, 'cmake_clean_first': False, 'cmake_force_configure': False, 'cmake_target': None, 'cmake_target_skip_unavailable': False, 'install_base': '/home/feld/ros2_ws/src/install/dataglove_msgs', 'merge_install': False, 'path': '/home/feld/ros2_ws/src/dataglove_msgs', 'symlink_install': False, 'test_result_base': None}
[0.350s] INFO:colcon.colcon_core.executor:Executing jobs using 'parallel' executor
[0.351s] DEBUG:colcon.colcon_parallel_executor.executor.parallel:run_until_complete
[0.352s] INFO:colcon.colcon_ros.task.ament_cmake.build:Building ROS package in '/home/feld/ros2_ws/src/dataglove_msgs' with build type 'ament_cmake'
[0.352s] INFO:colcon.colcon_cmake.task.cmake.build:Building CMake package in '/home/feld/ros2_ws/src/dataglove_msgs'
[0.355s] INFO:colcon.colcon_core.plugin_system:Skipping extension 'colcon_core.shell.bat': Not used on non-Windows systems
[0.355s] INFO:colcon.colcon_core.shell:Skip shell extension 'powershell' for command environment: Not usable outside of PowerShell
[0.355s] DEBUG:colcon.colcon_core.shell:Skip shell extension 'dsv' for command environment
[0.366s] DEBUG:colcon.colcon_core.event_handler.log_command:Invoking command in '/home/feld/ros2_ws/src/build/dataglove_msgs': CMAKE_PREFIX_PATH=${CMAKE_PREFIX_PATH}:/home/feld/ros2_ws/install/py_pubsub:/home/feld/ros2_ws/install/dataglove:/opt/ros/jazzy DEBUGINFOD_URLS=https://debuginfod.ubuntu.com /usr/bin/cmake /home/feld/ros2_ws/src/dataglove_msgs -DCMAKE_INSTALL_PREFIX=/home/feld/ros2_ws/src/install/dataglove_msgs
[7.289s] DEBUG:colcon.colcon_core.event_handler.log_command:Invoked command in '/home/feld/ros2_ws/src/build/dataglove_msgs' returned '0': CMAKE_PREFIX_PATH=${CMAKE_PREFIX_PATH}:/home/feld/ros2_ws/install/py_pubsub:/home/feld/ros2_ws/install/dataglove:/opt/ros/jazzy DEBUGINFOD_URLS=https://debuginfod.ubuntu.com /usr/bin/cmake /home/feld/ros2_ws/src/dataglove_msgs -DCMAKE_INSTALL_PREFIX=/home/feld/ros2_ws/src/install/dataglove_msgs
[7.291s] DEBUG:colcon.colcon_core.event_handler.log_command:Invoking command in '/home/feld/ros2_ws/src/build/dataglove_msgs': CMAKE_PREFIX_PATH=${CMAKE_PREFIX_PATH}:/home/feld/ros2_ws/install/py_pubsub:/home/feld/ros2_ws/install/dataglove:/opt/ros/jazzy DEBUGINFOD_URLS=https://debuginfod.ubuntu.com /usr/bin/cmake --build /home/feld/ros2_ws/src/build/dataglove_msgs -- -j8 -l8
[11.892s] DEBUG:colcon.colcon_core.event_handler.log_command:Invoked command in '/home/feld/ros2_ws/src/build/dataglove_msgs' returned '0': CMAKE_PREFIX_PATH=${CMAKE_PREFIX_PATH}:/home/feld/ros2_ws/install/py_pubsub:/home/feld/ros2_ws/install/dataglove:/opt/ros/jazzy DEBUGINFOD_URLS=https://debuginfod.ubuntu.com /usr/bin/cmake --build /home/feld/ros2_ws/src/build/dataglove_msgs -- -j8 -l8
[11.912s] DEBUG:colcon.colcon_core.event_handler.log_command:Invoking command in '/home/feld/ros2_ws/src/build/dataglove_msgs': CMAKE_PREFIX_PATH=${CMAKE_PREFIX_PATH}:/home/feld/ros2_ws/install/py_pubsub:/home/feld/ros2_ws/install/dataglove:/opt/ros/jazzy DEBUGINFOD_URLS=https://debuginfod.ubuntu.com /usr/bin/cmake --install /home/feld/ros2_ws/src/build/dataglove_msgs
[12.151s] Level 1:colcon.colcon_core.environment:create_environment_scripts_only(dataglove_msgs)
[12.152s] DEBUG:colcon.colcon_core.event_handler.log_command:Invoked command in '/home/feld/ros2_ws/src/build/dataglove_msgs' returned '0': CMAKE_PREFIX_PATH=${CMAKE_PREFIX_PATH}:/home/feld/ros2_ws/install/py_pubsub:/home/feld/ros2_ws/install/dataglove:/opt/ros/jazzy DEBUGINFOD_URLS=https://debuginfod.ubuntu.com /usr/bin/cmake --install /home/feld/ros2_ws/src/build/dataglove_msgs
[12.155s] Level 1:colcon.colcon_core.environment:checking '/home/feld/ros2_ws/src/install/dataglove_msgs' for CMake module files
[12.156s] Level 1:colcon.colcon_core.environment:checking '/home/feld/ros2_ws/src/install/dataglove_msgs' for CMake config files
[12.156s] Level 1:colcon.colcon_core.shell:create_environment_hook('dataglove_msgs', 'cmake_prefix_path')
[12.156s] INFO:colcon.colcon_core.shell:Creating environment hook '/home/feld/ros2_ws/src/install/dataglove_msgs/share/dataglove_msgs/hook/cmake_prefix_path.ps1'
[12.157s] INFO:colcon.colcon_core.shell:Creating environment descriptor '/home/feld/ros2_ws/src/install/dataglove_msgs/share/dataglove_msgs/hook/cmake_prefix_path.dsv'
[12.158s] INFO:colcon.colcon_core.shell:Creating environment hook '/home/feld/ros2_ws/src/install/dataglove_msgs/share/dataglove_msgs/hook/cmake_prefix_path.sh'
[12.159s] Level 1:colcon.colcon_core.environment:checking '/home/feld/ros2_ws/src/install/dataglove_msgs/lib'
[12.159s] Level 1:colcon.colcon_core.shell:create_environment_hook('dataglove_msgs', 'ld_library_path_lib')
[12.160s] INFO:colcon.colcon_core.shell:Creating environment hook '/home/feld/ros2_ws/src/install/dataglove_msgs/share/dataglove_msgs/hook/ld_library_path_lib.ps1'
[12.160s] INFO:colcon.colcon_core.shell:Creating environment descriptor '/home/feld/ros2_ws/src/install/dataglove_msgs/share/dataglove_msgs/hook/ld_library_path_lib.dsv'
[12.161s] INFO:colcon.colcon_core.shell:Creating environment hook '/home/feld/ros2_ws/src/install/dataglove_msgs/share/dataglove_msgs/hook/ld_library_path_lib.sh'
[12.161s] Level 1:colcon.colcon_core.environment:checking '/home/feld/ros2_ws/src/install/dataglove_msgs/bin'
[12.161s] Level 1:colcon.colcon_core.environment:checking '/home/feld/ros2_ws/src/install/dataglove_msgs/lib/pkgconfig/dataglove_msgs.pc'
[12.162s] Level 1:colcon.colcon_core.environment:checking '/home/feld/ros2_ws/src/install/dataglove_msgs/lib/python3.12/site-packages'
[12.162s] Level 1:colcon.colcon_core.shell:create_environment_hook('dataglove_msgs', 'pythonpath')
[12.162s] INFO:colcon.colcon_core.shell:Creating environment hook '/home/feld/ros2_ws/src/install/dataglove_msgs/share/dataglove_msgs/hook/pythonpath.ps1'
[12.163s] INFO:colcon.colcon_core.shell:Creating environment descriptor '/home/feld/ros2_ws/src/install/dataglove_msgs/share/dataglove_msgs/hook/pythonpath.dsv'
[12.163s] INFO:colcon.colcon_core.shell:Creating environment hook '/home/feld/ros2_ws/src/install/dataglove_msgs/share/dataglove_msgs/hook/pythonpath.sh'
[12.164s] Level 1:colcon.colcon_core.environment:checking '/home/feld/ros2_ws/src/install/dataglove_msgs/bin'
[12.164s] INFO:colcon.colcon_core.shell:Creating package script '/home/feld/ros2_ws/src/install/dataglove_msgs/share/dataglove_msgs/package.ps1'
[12.165s] INFO:colcon.colcon_core.shell:Creating package descriptor '/home/feld/ros2_ws/src/install/dataglove_msgs/share/dataglove_msgs/package.dsv'
[12.166s] INFO:colcon.colcon_core.shell:Creating package script '/home/feld/ros2_ws/src/install/dataglove_msgs/share/dataglove_msgs/package.sh'
[12.167s] INFO:colcon.colcon_core.shell:Creating package script '/home/feld/ros2_ws/src/install/dataglove_msgs/share/dataglove_msgs/package.bash'
[12.168s] INFO:colcon.colcon_core.shell:Creating package script '/home/feld/ros2_ws/src/install/dataglove_msgs/share/dataglove_msgs/package.zsh'
[12.169s] Level 1:colcon.colcon_core.environment:create_file_with_runtime_dependencies(/home/feld/ros2_ws/src/install/dataglove_msgs/share/colcon-core/packages/dataglove_msgs)
[12.170s] Level 1:colcon.colcon_core.environment:create_environment_scripts_only(dataglove_msgs)
[12.170s] Level 1:colcon.colcon_core.environment:checking '/home/feld/ros2_ws/src/install/dataglove_msgs' for CMake module files
[12.171s] Level 1:colcon.colcon_core.environment:checking '/home/feld/ros2_ws/src/install/dataglove_msgs' for CMake config files
[12.172s] Level 1:colcon.colcon_core.shell:create_environment_hook('dataglove_msgs', 'cmake_prefix_path')
[12.172s] INFO:colcon.colcon_core.shell:Creating environment hook '/home/feld/ros2_ws/src/install/dataglove_msgs/share/dataglove_msgs/hook/cmake_prefix_path.ps1'
[12.172s] INFO:colcon.colcon_core.shell:Creating environment descriptor '/home/feld/ros2_ws/src/install/dataglove_msgs/share/dataglove_msgs/hook/cmake_prefix_path.dsv'
[12.173s] INFO:colcon.colcon_core.shell:Creating environment hook '/home/feld/ros2_ws/src/install/dataglove_msgs/share/dataglove_msgs/hook/cmake_prefix_path.sh'
[12.174s] Level 1:colcon.colcon_core.environment:checking '/home/feld/ros2_ws/src/install/dataglove_msgs/lib'
[12.174s] Level 1:colcon.colcon_core.shell:create_environment_hook('dataglove_msgs', 'ld_library_path_lib')
[12.174s] INFO:colcon.colcon_core.shell:Creating environment hook '/home/feld/ros2_ws/src/install/dataglove_msgs/share/dataglove_msgs/hook/ld_library_path_lib.ps1'
[12.175s] INFO:colcon.colcon_core.shell:Creating environment descriptor '/home/feld/ros2_ws/src/install/dataglove_msgs/share/dataglove_msgs/hook/ld_library_path_lib.dsv'
[12.175s] INFO:colcon.colcon_core.shell:Creating environment hook '/home/feld/ros2_ws/src/install/dataglove_msgs/share/dataglove_msgs/hook/ld_library_path_lib.sh'
[12.176s] Level 1:colcon.colcon_core.environment:checking '/home/feld/ros2_ws/src/install/dataglove_msgs/bin'
[12.176s] Level 1:colcon.colcon_core.environment:checking '/home/feld/ros2_ws/src/install/dataglove_msgs/lib/pkgconfig/dataglove_msgs.pc'
[12.176s] Level 1:colcon.colcon_core.environment:checking '/home/feld/ros2_ws/src/install/dataglove_msgs/lib/python3.12/site-packages'
[12.177s] Level 1:colcon.colcon_core.shell:create_environment_hook('dataglove_msgs', 'pythonpath')
[12.177s] INFO:colcon.colcon_core.shell:Creating environment hook '/home/feld/ros2_ws/src/install/dataglove_msgs/share/dataglove_msgs/hook/pythonpath.ps1'
[12.177s] INFO:colcon.colcon_core.shell:Creating environment descriptor '/home/feld/ros2_ws/src/install/dataglove_msgs/share/dataglove_msgs/hook/pythonpath.dsv'
[12.178s] INFO:colcon.colcon_core.shell:Creating environment hook '/home/feld/ros2_ws/src/install/dataglove_msgs/share/dataglove_msgs/hook/pythonpath.sh'
[12.179s] Level 1:colcon.colcon_core.environment:checking '/home/feld/ros2_ws/src/install/dataglove_msgs/bin'
[12.179s] INFO:colcon.colcon_core.shell:Creating package script '/home/feld/ros2_ws/src/install/dataglove_msgs/share/dataglove_msgs/package.ps1'
[12.180s] INFO:colcon.colcon_core.shell:Creating package descriptor '/home/feld/ros2_ws/src/install/dataglove_msgs/share/dataglove_msgs/package.dsv'
[12.181s] INFO:colcon.colcon_core.shell:Creating package script '/home/feld/ros2_ws/src/install/dataglove_msgs/share/dataglove_msgs/package.sh'
[12.182s] INFO:colcon.colcon_core.shell:Creating package script '/home/feld/ros2_ws/src/install/dataglove_msgs/share/dataglove_msgs/package.bash'
[12.182s] INFO:colcon.colcon_core.shell:Creating package script '/home/feld/ros2_ws/src/install/dataglove_msgs/share/dataglove_msgs/package.zsh'
[12.183s] Level 1:colcon.colcon_core.environment:create_file_with_runtime_dependencies(/home/feld/ros2_ws/src/install/dataglove_msgs/share/colcon-core/packages/dataglove_msgs)
[12.183s] DEBUG:colcon.colcon_parallel_executor.executor.parallel:closing loop
[12.183s] DEBUG:colcon.colcon_parallel_executor.executor.parallel:loop closed
[12.183s] DEBUG:colcon.colcon_parallel_executor.executor.parallel:run_until_complete finished with '0'
[12.183s] DEBUG:colcon.colcon_core.event_reactor:joining thread
[12.195s] INFO:colcon.colcon_core.plugin_system:Skipping extension 'colcon_notification.desktop_notification.terminal_notifier': Not used on non-Darwin systems
[12.195s] INFO:colcon.colcon_core.plugin_system:Skipping extension 'colcon_notification.desktop_notification.win32': Not used on non-Windows systems
[12.195s] INFO:colcon.colcon_notification.desktop_notification:Sending desktop notification using 'notify2'
[12.216s] DEBUG:colcon.colcon_core.event_reactor:joined thread
[12.217s] INFO:colcon.colcon_core.shell:Creating prefix script '/home/feld/ros2_ws/src/install/local_setup.ps1'
[12.218s] INFO:colcon.colcon_core.shell:Creating prefix util module '/home/feld/ros2_ws/src/install/_local_setup_util_ps1.py'
[12.220s] INFO:colcon.colcon_core.shell:Creating prefix chain script '/home/feld/ros2_ws/src/install/setup.ps1'
[12.222s] INFO:colcon.colcon_core.shell:Creating prefix script '/home/feld/ros2_ws/src/install/local_setup.sh'
[12.223s] INFO:colcon.colcon_core.shell:Creating prefix util module '/home/feld/ros2_ws/src/install/_local_setup_util_sh.py'
[12.224s] INFO:colcon.colcon_core.shell:Creating prefix chain script '/home/feld/ros2_ws/src/install/setup.sh'
[12.226s] INFO:colcon.colcon_core.shell:Creating prefix script '/home/feld/ros2_ws/src/install/local_setup.bash'
[12.226s] INFO:colcon.colcon_core.shell:Creating prefix chain script '/home/feld/ros2_ws/src/install/setup.bash'
[12.228s] INFO:colcon.colcon_core.shell:Creating prefix script '/home/feld/ros2_ws/src/install/local_setup.zsh'
[12.229s] INFO:colcon.colcon_core.shell:Creating prefix chain script '/home/feld/ros2_ws/src/install/setup.zsh'
