[1.262s] Invoking command in '/home/feld/ros2_ws/src/dataglove': DEBUGINFOD_URLS=https://debuginfod.ubuntu.com PYTHONPATH=/home/feld/ros2_ws/build/dataglove/prefix_override:/usr/lib/python3/dist-packages/colcon_core/task/python/colcon_distutils_commands:/home/feld/ros2_ws/install/dataglove/lib/python3.12/site-packages:${PYTHONPATH} /usr/bin/python3 -W ignore:setup.py install is deprecated -W ignore:easy_install command is deprecated setup.py egg_info --egg-base ../../build/dataglove build --build-base /home/feld/ros2_ws/build/dataglove/build install --record /home/feld/ros2_ws/build/dataglove/install.log --single-version-externally-managed install_data
[1.700s] running egg_info
[1.732s] writing ../../build/dataglove/dataglove.egg-info/PKG-INFO
[1.732s] writing dependency_links to ../../build/dataglove/dataglove.egg-info/dependency_links.txt
[1.732s] writing entry points to ../../build/dataglove/dataglove.egg-info/entry_points.txt
[1.733s] writing requirements to ../../build/dataglove/dataglove.egg-info/requires.txt
[1.733s] writing top-level names to ../../build/dataglove/dataglove.egg-info/top_level.txt
[1.796s] reading manifest file '../../build/dataglove/dataglove.egg-info/SOURCES.txt'
[1.797s] adding license file 'LICENSE'
[1.797s] writing manifest file '../../build/dataglove/dataglove.egg-info/SOURCES.txt'
[1.798s] running build
[1.798s] running build_py
[1.798s] running install
[1.808s] running install_lib
[1.842s] running install_data
[1.843s] creating /home/feld/ros2_ws/install/dataglove/share/dataglove/msg
[1.843s] copying msg/VMG30Data.msg -> /home/feld/ros2_ws/install/dataglove/share/dataglove/msg
[1.843s] running install_egg_info
[1.876s] removing '/home/feld/ros2_ws/install/dataglove/lib/python3.12/site-packages/dataglove-0.0.0-py3.12.egg-info' (and everything under it)
[1.877s] Copying ../../build/dataglove/dataglove.egg-info to /home/feld/ros2_ws/install/dataglove/lib/python3.12/site-packages/dataglove-0.0.0-py3.12.egg-info
[1.878s] running install_scripts
[2.085s] Installing glove_reader script to /home/feld/ros2_ws/install/dataglove/lib/dataglove
[2.086s] writing list of installed files to '/home/feld/ros2_ws/build/dataglove/install.log'
[2.129s] Invoked command in '/home/feld/ros2_ws/src/dataglove' returned '0': DEBUGINFOD_URLS=https://debuginfod.ubuntu.com PYTHONPATH=/home/feld/ros2_ws/build/dataglove/prefix_override:/usr/lib/python3/dist-packages/colcon_core/task/python/colcon_distutils_commands:/home/feld/ros2_ws/install/dataglove/lib/python3.12/site-packages:${PYTHONPATH} /usr/bin/python3 -W ignore:setup.py install is deprecated -W ignore:easy_install command is deprecated setup.py egg_info --egg-base ../../build/dataglove build --build-base /home/feld/ros2_ws/build/dataglove/build install --record /home/feld/ros2_ws/build/dataglove/install.log --single-version-externally-managed install_data
