[0.159s] DEBUG:colcon:Command line arguments: ['/usr/bin/colcon', 'build', '--packages-select', 'dataglove', 'dataglove_msgs']
[0.159s] DEBUG:colcon:Parsed command line arguments: Namespace(log_base=None, log_level=None, verb_name='build', build_base='build', install_base='install', merge_install=False, symlink_install=False, test_result_base=None, continue_on_error=False, executor='parallel', parallel_workers=8, event_handlers=None, ignore_user_meta=False, metas=['./colcon.meta'], base_paths=['.'], packages_ignore=None, packages_ignore_regex=None, paths=None, packages_up_to=None, packages_up_to_regex=None, packages_above=None, packages_above_and_dependencies=None, packages_above_depth=None, packages_select_by_dep=None, packages_skip_by_dep=None, packages_skip_up_to=None, packages_select_build_failed=False, packages_skip_build_finished=False, packages_select_test_failures=False, packages_skip_test_passed=False, packages_select=['dataglove', 'dataglove_msgs'], packages_skip=None, packages_select_regex=None, packages_skip_regex=None, packages_start=None, packages_end=None, allow_overriding=[], cmake_args=None, cmake_target=None, cmake_target_skip_unavailable=False, cmake_clean_cache=False, cmake_clean_first=False, cmake_force_configure=False, ament_cmake_args=None, catkin_cmake_args=None, catkin_skip_building_tests=False, mixin_files=None, mixin=None, verb_parser=<colcon_mixin.mixin.mixin_argument.MixinArgumentDecorator object at 0x7ab166ba8530>, verb_extension=<colcon_core.verb.build.BuildVerb object at 0x7ab166ba8170>, main=<bound method BuildVerb.main of <colcon_core.verb.build.BuildVerb object at 0x7ab166ba8170>>, mixin_verb=('build',))
[0.210s] Level 1:colcon.colcon_core.package_discovery:discover_packages(colcon_meta) check parameters
[0.210s] Level 1:colcon.colcon_core.package_discovery:discover_packages(recursive) check parameters
[0.210s] Level 1:colcon.colcon_core.package_discovery:discover_packages(ignore) check parameters
[0.210s] Level 1:colcon.colcon_core.package_discovery:discover_packages(path) check parameters
[0.210s] Level 1:colcon.colcon_core.package_discovery:discover_packages(colcon_meta) discover
[0.210s] Level 1:colcon.colcon_core.package_discovery:discover_packages(recursive) discover
[0.211s] INFO:colcon.colcon_core.package_discovery:Crawling recursively for packages in '/home/feld/ros2_ws'
[0.211s] Level 1:colcon.colcon_core.package_identification:_identify(.) by extensions ['ignore', 'ignore_ament_install']
[0.211s] Level 1:colcon.colcon_core.package_identification:_identify(.) by extension 'ignore'
[0.211s] Level 1:colcon.colcon_core.package_identification:_identify(.) by extension 'ignore_ament_install'
[0.211s] Level 1:colcon.colcon_core.package_identification:_identify(.) by extensions ['colcon_pkg']
[0.211s] Level 1:colcon.colcon_core.package_identification:_identify(.) by extension 'colcon_pkg'
[0.211s] Level 1:colcon.colcon_core.package_identification:_identify(.) by extensions ['colcon_meta']
[0.211s] Level 1:colcon.colcon_core.package_identification:_identify(.) by extension 'colcon_meta'
[0.211s] Level 1:colcon.colcon_core.package_identification:_identify(.) by extensions ['ros']
[0.211s] Level 1:colcon.colcon_core.package_identification:_identify(.) by extension 'ros'
[0.245s] Level 1:colcon.colcon_core.package_identification:_identify(.) by extensions ['cmake', 'python']
[0.246s] Level 1:colcon.colcon_core.package_identification:_identify(.) by extension 'cmake'
[0.246s] Level 1:colcon.colcon_core.package_identification:_identify(.) by extension 'python'
[0.246s] Level 1:colcon.colcon_core.package_identification:_identify(.) by extensions ['python_setup_py']
[0.246s] Level 1:colcon.colcon_core.package_identification:_identify(.) by extension 'python_setup_py'
[0.246s] Level 1:colcon.colcon_core.package_identification:_identify(build) by extensions ['ignore', 'ignore_ament_install']
[0.246s] Level 1:colcon.colcon_core.package_identification:_identify(build) by extension 'ignore'
[0.246s] Level 1:colcon.colcon_core.package_identification:_identify(build) ignored
[0.246s] Level 1:colcon.colcon_core.package_identification:_identify(install) by extensions ['ignore', 'ignore_ament_install']
[0.246s] Level 1:colcon.colcon_core.package_identification:_identify(install) by extension 'ignore'
[0.246s] Level 1:colcon.colcon_core.package_identification:_identify(install) ignored
[0.247s] Level 1:colcon.colcon_core.package_identification:_identify(log) by extensions ['ignore', 'ignore_ament_install']
[0.247s] Level 1:colcon.colcon_core.package_identification:_identify(log) by extension 'ignore'
[0.247s] Level 1:colcon.colcon_core.package_identification:_identify(log) ignored
[0.247s] Level 1:colcon.colcon_core.package_identification:_identify(src) by extensions ['ignore', 'ignore_ament_install']
[0.247s] Level 1:colcon.colcon_core.package_identification:_identify(src) by extension 'ignore'
[0.247s] Level 1:colcon.colcon_core.package_identification:_identify(src) by extension 'ignore_ament_install'
[0.247s] Level 1:colcon.colcon_core.package_identification:_identify(src) by extensions ['colcon_pkg']
[0.247s] Level 1:colcon.colcon_core.package_identification:_identify(src) by extension 'colcon_pkg'
[0.247s] Level 1:colcon.colcon_core.package_identification:_identify(src) by extensions ['colcon_meta']
[0.247s] Level 1:colcon.colcon_core.package_identification:_identify(src) by extension 'colcon_meta'
[0.247s] Level 1:colcon.colcon_core.package_identification:_identify(src) by extensions ['ros']
[0.247s] Level 1:colcon.colcon_core.package_identification:_identify(src) by extension 'ros'
[0.247s] Level 1:colcon.colcon_core.package_identification:_identify(src) by extensions ['cmake', 'python']
[0.248s] Level 1:colcon.colcon_core.package_identification:_identify(src) by extension 'cmake'
[0.248s] Level 1:colcon.colcon_core.package_identification:_identify(src) by extension 'python'
[0.248s] Level 1:colcon.colcon_core.package_identification:_identify(src) by extensions ['python_setup_py']
[0.248s] Level 1:colcon.colcon_core.package_identification:_identify(src) by extension 'python_setup_py'
[0.248s] Level 1:colcon.colcon_core.package_identification:_identify(src/build) by extensions ['ignore', 'ignore_ament_install']
[0.248s] Level 1:colcon.colcon_core.package_identification:_identify(src/build) by extension 'ignore'
[0.248s] Level 1:colcon.colcon_core.package_identification:_identify(src/build) ignored
[0.248s] Level 1:colcon.colcon_core.package_identification:_identify(src/dataglove) by extensions ['ignore', 'ignore_ament_install']
[0.248s] Level 1:colcon.colcon_core.package_identification:_identify(src/dataglove) by extension 'ignore'
[0.248s] Level 1:colcon.colcon_core.package_identification:_identify(src/dataglove) by extension 'ignore_ament_install'
[0.248s] Level 1:colcon.colcon_core.package_identification:_identify(src/dataglove) by extensions ['colcon_pkg']
[0.248s] Level 1:colcon.colcon_core.package_identification:_identify(src/dataglove) by extension 'colcon_pkg'
[0.248s] Level 1:colcon.colcon_core.package_identification:_identify(src/dataglove) by extensions ['colcon_meta']
[0.248s] Level 1:colcon.colcon_core.package_identification:_identify(src/dataglove) by extension 'colcon_meta'
[0.249s] Level 1:colcon.colcon_core.package_identification:_identify(src/dataglove) by extensions ['ros']
[0.249s] Level 1:colcon.colcon_core.package_identification:_identify(src/dataglove) by extension 'ros'
[0.252s] DEBUG:colcon.colcon_core.package_identification:Package 'src/dataglove' with type 'ros.ament_python' and name 'dataglove'
[0.252s] Level 1:colcon.colcon_core.package_identification:_identify(src/dataglove_msgs) by extensions ['ignore', 'ignore_ament_install']
[0.252s] Level 1:colcon.colcon_core.package_identification:_identify(src/dataglove_msgs) by extension 'ignore'
[0.252s] Level 1:colcon.colcon_core.package_identification:_identify(src/dataglove_msgs) by extension 'ignore_ament_install'
[0.252s] Level 1:colcon.colcon_core.package_identification:_identify(src/dataglove_msgs) by extensions ['colcon_pkg']
[0.252s] Level 1:colcon.colcon_core.package_identification:_identify(src/dataglove_msgs) by extension 'colcon_pkg'
[0.252s] Level 1:colcon.colcon_core.package_identification:_identify(src/dataglove_msgs) by extensions ['colcon_meta']
[0.252s] Level 1:colcon.colcon_core.package_identification:_identify(src/dataglove_msgs) by extension 'colcon_meta'
[0.252s] Level 1:colcon.colcon_core.package_identification:_identify(src/dataglove_msgs) by extensions ['ros']
[0.252s] Level 1:colcon.colcon_core.package_identification:_identify(src/dataglove_msgs) by extension 'ros'
[0.253s] DEBUG:colcon.colcon_core.package_identification:Package 'src/dataglove_msgs' with type 'ros.ament_cmake' and name 'dataglove_msgs'
[0.253s] Level 1:colcon.colcon_core.package_identification:_identify(src/install) by extensions ['ignore', 'ignore_ament_install']
[0.253s] Level 1:colcon.colcon_core.package_identification:_identify(src/install) by extension 'ignore'
[0.253s] Level 1:colcon.colcon_core.package_identification:_identify(src/install) ignored
[0.254s] Level 1:colcon.colcon_core.package_identification:_identify(src/log) by extensions ['ignore', 'ignore_ament_install']
[0.254s] Level 1:colcon.colcon_core.package_identification:_identify(src/log) by extension 'ignore'
[0.254s] Level 1:colcon.colcon_core.package_identification:_identify(src/log) ignored
[0.254s] Level 1:colcon.colcon_core.package_identification:_identify(src/py_pubsub) by extensions ['ignore', 'ignore_ament_install']
[0.254s] Level 1:colcon.colcon_core.package_identification:_identify(src/py_pubsub) by extension 'ignore'
[0.254s] Level 1:colcon.colcon_core.package_identification:_identify(src/py_pubsub) by extension 'ignore_ament_install'
[0.254s] Level 1:colcon.colcon_core.package_identification:_identify(src/py_pubsub) by extensions ['colcon_pkg']
[0.254s] Level 1:colcon.colcon_core.package_identification:_identify(src/py_pubsub) by extension 'colcon_pkg'
[0.254s] Level 1:colcon.colcon_core.package_identification:_identify(src/py_pubsub) by extensions ['colcon_meta']
[0.254s] Level 1:colcon.colcon_core.package_identification:_identify(src/py_pubsub) by extension 'colcon_meta'
[0.254s] Level 1:colcon.colcon_core.package_identification:_identify(src/py_pubsub) by extensions ['ros']
[0.254s] Level 1:colcon.colcon_core.package_identification:_identify(src/py_pubsub) by extension 'ros'
[0.255s] DEBUG:colcon.colcon_core.package_identification:Package 'src/py_pubsub' with type 'ros.ament_python' and name 'py_pubsub'
[0.255s] Level 1:colcon.colcon_core.package_discovery:discover_packages(recursive) using defaults
[0.255s] Level 1:colcon.colcon_core.package_discovery:discover_packages(ignore) discover
[0.255s] Level 1:colcon.colcon_core.package_discovery:discover_packages(ignore) using defaults
[0.255s] Level 1:colcon.colcon_core.package_discovery:discover_packages(path) discover
[0.255s] Level 1:colcon.colcon_core.package_discovery:discover_packages(path) using defaults
[0.279s] INFO:colcon.colcon_core.package_selection:Skipping not selected package 'py_pubsub' in 'src/py_pubsub'
[0.279s] Level 1:colcon.colcon_core.package_discovery:discover_packages(prefix_path) check parameters
[0.279s] Level 1:colcon.colcon_core.package_discovery:discover_packages(prefix_path) discover
[0.281s] DEBUG:colcon.colcon_installed_package_information.package_discovery:Found 4 installed packages in /home/feld/ros2_ws/install
[0.283s] DEBUG:colcon.colcon_installed_package_information.package_discovery:Found 285 installed packages in /opt/ros/jazzy
[0.284s] Level 1:colcon.colcon_core.package_discovery:discover_packages(prefix_path) using defaults
[0.345s] Level 5:colcon.colcon_core.verb:set package 'dataglove_msgs' build argument 'cmake_args' from command line to 'None'
[0.345s] Level 5:colcon.colcon_core.verb:set package 'dataglove_msgs' build argument 'cmake_target' from command line to 'None'
[0.345s] Level 5:colcon.colcon_core.verb:set package 'dataglove_msgs' build argument 'cmake_target_skip_unavailable' from command line to 'False'
[0.345s] Level 5:colcon.colcon_core.verb:set package 'dataglove_msgs' build argument 'cmake_clean_cache' from command line to 'False'
[0.345s] Level 5:colcon.colcon_core.verb:set package 'dataglove_msgs' build argument 'cmake_clean_first' from command line to 'False'
[0.345s] Level 5:colcon.colcon_core.verb:set package 'dataglove_msgs' build argument 'cmake_force_configure' from command line to 'False'
[0.345s] Level 5:colcon.colcon_core.verb:set package 'dataglove_msgs' build argument 'ament_cmake_args' from command line to 'None'
[0.345s] Level 5:colcon.colcon_core.verb:set package 'dataglove_msgs' build argument 'catkin_cmake_args' from command line to 'None'
[0.345s] Level 5:colcon.colcon_core.verb:set package 'dataglove_msgs' build argument 'catkin_skip_building_tests' from command line to 'False'
[0.345s] DEBUG:colcon.colcon_core.verb:Building package 'dataglove_msgs' with the following arguments: {'ament_cmake_args': None, 'build_base': '/home/feld/ros2_ws/build/dataglove_msgs', 'catkin_cmake_args': None, 'catkin_skip_building_tests': False, 'cmake_args': None, 'cmake_clean_cache': False, 'cmake_clean_first': False, 'cmake_force_configure': False, 'cmake_target': None, 'cmake_target_skip_unavailable': False, 'install_base': '/home/feld/ros2_ws/install/dataglove_msgs', 'merge_install': False, 'path': '/home/feld/ros2_ws/src/dataglove_msgs', 'symlink_install': False, 'test_result_base': None}
[0.346s] Level 5:colcon.colcon_core.verb:set package 'dataglove' build argument 'cmake_args' from command line to 'None'
[0.346s] Level 5:colcon.colcon_core.verb:set package 'dataglove' build argument 'cmake_target' from command line to 'None'
[0.346s] Level 5:colcon.colcon_core.verb:set package 'dataglove' build argument 'cmake_target_skip_unavailable' from command line to 'False'
[0.346s] Level 5:colcon.colcon_core.verb:set package 'dataglove' build argument 'cmake_clean_cache' from command line to 'False'
[0.346s] Level 5:colcon.colcon_core.verb:set package 'dataglove' build argument 'cmake_clean_first' from command line to 'False'
[0.346s] Level 5:colcon.colcon_core.verb:set package 'dataglove' build argument 'cmake_force_configure' from command line to 'False'
[0.346s] Level 5:colcon.colcon_core.verb:set package 'dataglove' build argument 'ament_cmake_args' from command line to 'None'
[0.346s] Level 5:colcon.colcon_core.verb:set package 'dataglove' build argument 'catkin_cmake_args' from command line to 'None'
[0.346s] Level 5:colcon.colcon_core.verb:set package 'dataglove' build argument 'catkin_skip_building_tests' from command line to 'False'
[0.346s] DEBUG:colcon.colcon_core.verb:Building package 'dataglove' with the following arguments: {'ament_cmake_args': None, 'build_base': '/home/feld/ros2_ws/build/dataglove', 'catkin_cmake_args': None, 'catkin_skip_building_tests': False, 'cmake_args': None, 'cmake_clean_cache': False, 'cmake_clean_first': False, 'cmake_force_configure': False, 'cmake_target': None, 'cmake_target_skip_unavailable': False, 'install_base': '/home/feld/ros2_ws/install/dataglove', 'merge_install': False, 'path': '/home/feld/ros2_ws/src/dataglove', 'symlink_install': False, 'test_result_base': None}
[0.346s] INFO:colcon.colcon_core.executor:Executing jobs using 'parallel' executor
[0.347s] DEBUG:colcon.colcon_parallel_executor.executor.parallel:run_until_complete
[0.347s] INFO:colcon.colcon_ros.task.ament_cmake.build:Building ROS package in '/home/feld/ros2_ws/src/dataglove_msgs' with build type 'ament_cmake'
[0.347s] INFO:colcon.colcon_cmake.task.cmake.build:Building CMake package in '/home/feld/ros2_ws/src/dataglove_msgs'
[0.350s] INFO:colcon.colcon_core.plugin_system:Skipping extension 'colcon_core.shell.bat': Not used on non-Windows systems
[0.350s] INFO:colcon.colcon_core.shell:Skip shell extension 'powershell' for command environment: Not usable outside of PowerShell
[0.350s] DEBUG:colcon.colcon_core.shell:Skip shell extension 'dsv' for command environment
[0.362s] DEBUG:colcon.colcon_core.event_handler.log_command:Invoking command in '/home/feld/ros2_ws/build/dataglove_msgs': CMAKE_PREFIX_PATH=${CMAKE_PREFIX_PATH}:/home/feld/ros2_ws/install/py_pubsub:/home/feld/ros2_ws/install/dataglove:/opt/ros/jazzy DEBUGINFOD_URLS=https://debuginfod.ubuntu.com /usr/bin/cmake --build /home/feld/ros2_ws/build/dataglove_msgs -- -j8 -l8
[1.112s] DEBUG:colcon.colcon_core.event_handler.log_command:Invoked command in '/home/feld/ros2_ws/build/dataglove_msgs' returned '0': CMAKE_PREFIX_PATH=${CMAKE_PREFIX_PATH}:/home/feld/ros2_ws/install/py_pubsub:/home/feld/ros2_ws/install/dataglove:/opt/ros/jazzy DEBUGINFOD_URLS=https://debuginfod.ubuntu.com /usr/bin/cmake --build /home/feld/ros2_ws/build/dataglove_msgs -- -j8 -l8
[1.126s] DEBUG:colcon.colcon_core.event_handler.log_command:Invoking command in '/home/feld/ros2_ws/build/dataglove_msgs': CMAKE_PREFIX_PATH=${CMAKE_PREFIX_PATH}:/home/feld/ros2_ws/install/py_pubsub:/home/feld/ros2_ws/install/dataglove:/opt/ros/jazzy DEBUGINFOD_URLS=https://debuginfod.ubuntu.com /usr/bin/cmake --install /home/feld/ros2_ws/build/dataglove_msgs
[1.251s] Level 1:colcon.colcon_core.environment:create_environment_scripts_only(dataglove_msgs)
[1.253s] DEBUG:colcon.colcon_core.event_handler.log_command:Invoked command in '/home/feld/ros2_ws/build/dataglove_msgs' returned '0': CMAKE_PREFIX_PATH=${CMAKE_PREFIX_PATH}:/home/feld/ros2_ws/install/py_pubsub:/home/feld/ros2_ws/install/dataglove:/opt/ros/jazzy DEBUGINFOD_URLS=https://debuginfod.ubuntu.com /usr/bin/cmake --install /home/feld/ros2_ws/build/dataglove_msgs
[1.257s] Level 1:colcon.colcon_core.environment:checking '/home/feld/ros2_ws/install/dataglove_msgs' for CMake module files
[1.259s] Level 1:colcon.colcon_core.environment:checking '/home/feld/ros2_ws/install/dataglove_msgs' for CMake config files
[1.259s] Level 1:colcon.colcon_core.shell:create_environment_hook('dataglove_msgs', 'cmake_prefix_path')
[1.260s] INFO:colcon.colcon_core.shell:Creating environment hook '/home/feld/ros2_ws/install/dataglove_msgs/share/dataglove_msgs/hook/cmake_prefix_path.ps1'
[1.261s] INFO:colcon.colcon_core.shell:Creating environment descriptor '/home/feld/ros2_ws/install/dataglove_msgs/share/dataglove_msgs/hook/cmake_prefix_path.dsv'
[1.262s] INFO:colcon.colcon_core.shell:Creating environment hook '/home/feld/ros2_ws/install/dataglove_msgs/share/dataglove_msgs/hook/cmake_prefix_path.sh'
[1.263s] Level 1:colcon.colcon_core.environment:checking '/home/feld/ros2_ws/install/dataglove_msgs/lib'
[1.264s] Level 1:colcon.colcon_core.shell:create_environment_hook('dataglove_msgs', 'ld_library_path_lib')
[1.264s] INFO:colcon.colcon_core.shell:Creating environment hook '/home/feld/ros2_ws/install/dataglove_msgs/share/dataglove_msgs/hook/ld_library_path_lib.ps1'
[1.265s] INFO:colcon.colcon_core.shell:Creating environment descriptor '/home/feld/ros2_ws/install/dataglove_msgs/share/dataglove_msgs/hook/ld_library_path_lib.dsv'
[1.266s] INFO:colcon.colcon_core.shell:Creating environment hook '/home/feld/ros2_ws/install/dataglove_msgs/share/dataglove_msgs/hook/ld_library_path_lib.sh'
[1.267s] Level 1:colcon.colcon_core.environment:checking '/home/feld/ros2_ws/install/dataglove_msgs/bin'
[1.267s] Level 1:colcon.colcon_core.environment:checking '/home/feld/ros2_ws/install/dataglove_msgs/lib/pkgconfig/dataglove_msgs.pc'
[1.267s] Level 1:colcon.colcon_core.environment:checking '/home/feld/ros2_ws/install/dataglove_msgs/lib/python3.12/site-packages'
[1.268s] Level 1:colcon.colcon_core.shell:create_environment_hook('dataglove_msgs', 'pythonpath')
[1.268s] INFO:colcon.colcon_core.shell:Creating environment hook '/home/feld/ros2_ws/install/dataglove_msgs/share/dataglove_msgs/hook/pythonpath.ps1'
[1.269s] INFO:colcon.colcon_core.shell:Creating environment descriptor '/home/feld/ros2_ws/install/dataglove_msgs/share/dataglove_msgs/hook/pythonpath.dsv'
[1.269s] INFO:colcon.colcon_core.shell:Creating environment hook '/home/feld/ros2_ws/install/dataglove_msgs/share/dataglove_msgs/hook/pythonpath.sh'
[1.271s] Level 1:colcon.colcon_core.environment:checking '/home/feld/ros2_ws/install/dataglove_msgs/bin'
[1.271s] INFO:colcon.colcon_core.shell:Creating package script '/home/feld/ros2_ws/install/dataglove_msgs/share/dataglove_msgs/package.ps1'
[1.273s] INFO:colcon.colcon_core.shell:Creating package descriptor '/home/feld/ros2_ws/install/dataglove_msgs/share/dataglove_msgs/package.dsv'
[1.274s] INFO:colcon.colcon_core.shell:Creating package script '/home/feld/ros2_ws/install/dataglove_msgs/share/dataglove_msgs/package.sh'
[1.276s] INFO:colcon.colcon_core.shell:Creating package script '/home/feld/ros2_ws/install/dataglove_msgs/share/dataglove_msgs/package.bash'
[1.277s] INFO:colcon.colcon_core.shell:Creating package script '/home/feld/ros2_ws/install/dataglove_msgs/share/dataglove_msgs/package.zsh'
[1.279s] Level 1:colcon.colcon_core.environment:create_file_with_runtime_dependencies(/home/feld/ros2_ws/install/dataglove_msgs/share/colcon-core/packages/dataglove_msgs)
[1.280s] Level 1:colcon.colcon_core.environment:create_environment_scripts_only(dataglove_msgs)
[1.281s] Level 1:colcon.colcon_core.environment:checking '/home/feld/ros2_ws/install/dataglove_msgs' for CMake module files
[1.282s] Level 1:colcon.colcon_core.environment:checking '/home/feld/ros2_ws/install/dataglove_msgs' for CMake config files
[1.283s] Level 1:colcon.colcon_core.shell:create_environment_hook('dataglove_msgs', 'cmake_prefix_path')
[1.283s] INFO:colcon.colcon_core.shell:Creating environment hook '/home/feld/ros2_ws/install/dataglove_msgs/share/dataglove_msgs/hook/cmake_prefix_path.ps1'
[1.284s] INFO:colcon.colcon_core.shell:Creating environment descriptor '/home/feld/ros2_ws/install/dataglove_msgs/share/dataglove_msgs/hook/cmake_prefix_path.dsv'
[1.285s] INFO:colcon.colcon_core.shell:Creating environment hook '/home/feld/ros2_ws/install/dataglove_msgs/share/dataglove_msgs/hook/cmake_prefix_path.sh'
[1.287s] Level 1:colcon.colcon_core.environment:checking '/home/feld/ros2_ws/install/dataglove_msgs/lib'
[1.287s] Level 1:colcon.colcon_core.shell:create_environment_hook('dataglove_msgs', 'ld_library_path_lib')
[1.288s] INFO:colcon.colcon_core.shell:Creating environment hook '/home/feld/ros2_ws/install/dataglove_msgs/share/dataglove_msgs/hook/ld_library_path_lib.ps1'
[1.289s] INFO:colcon.colcon_core.shell:Creating environment descriptor '/home/feld/ros2_ws/install/dataglove_msgs/share/dataglove_msgs/hook/ld_library_path_lib.dsv'
[1.290s] INFO:colcon.colcon_core.shell:Creating environment hook '/home/feld/ros2_ws/install/dataglove_msgs/share/dataglove_msgs/hook/ld_library_path_lib.sh'
[1.291s] Level 1:colcon.colcon_core.environment:checking '/home/feld/ros2_ws/install/dataglove_msgs/bin'
[1.291s] Level 1:colcon.colcon_core.environment:checking '/home/feld/ros2_ws/install/dataglove_msgs/lib/pkgconfig/dataglove_msgs.pc'
[1.292s] Level 1:colcon.colcon_core.environment:checking '/home/feld/ros2_ws/install/dataglove_msgs/lib/python3.12/site-packages'
[1.292s] Level 1:colcon.colcon_core.shell:create_environment_hook('dataglove_msgs', 'pythonpath')
[1.293s] INFO:colcon.colcon_core.shell:Creating environment hook '/home/feld/ros2_ws/install/dataglove_msgs/share/dataglove_msgs/hook/pythonpath.ps1'
[1.294s] INFO:colcon.colcon_core.shell:Creating environment descriptor '/home/feld/ros2_ws/install/dataglove_msgs/share/dataglove_msgs/hook/pythonpath.dsv'
[1.294s] INFO:colcon.colcon_core.shell:Creating environment hook '/home/feld/ros2_ws/install/dataglove_msgs/share/dataglove_msgs/hook/pythonpath.sh'
[1.296s] Level 1:colcon.colcon_core.environment:checking '/home/feld/ros2_ws/install/dataglove_msgs/bin'
[1.297s] INFO:colcon.colcon_core.shell:Creating package script '/home/feld/ros2_ws/install/dataglove_msgs/share/dataglove_msgs/package.ps1'
[1.298s] INFO:colcon.colcon_core.shell:Creating package descriptor '/home/feld/ros2_ws/install/dataglove_msgs/share/dataglove_msgs/package.dsv'
[1.300s] INFO:colcon.colcon_core.shell:Creating package script '/home/feld/ros2_ws/install/dataglove_msgs/share/dataglove_msgs/package.sh'
[1.301s] INFO:colcon.colcon_core.shell:Creating package script '/home/feld/ros2_ws/install/dataglove_msgs/share/dataglove_msgs/package.bash'
[1.302s] INFO:colcon.colcon_core.shell:Creating package script '/home/feld/ros2_ws/install/dataglove_msgs/share/dataglove_msgs/package.zsh'
[1.303s] Level 1:colcon.colcon_core.environment:create_file_with_runtime_dependencies(/home/feld/ros2_ws/install/dataglove_msgs/share/colcon-core/packages/dataglove_msgs)
[1.304s] INFO:colcon.colcon_ros.task.ament_python.build:Building ROS package in '/home/feld/ros2_ws/src/dataglove' with build type 'ament_python'
[1.304s] Level 1:colcon.colcon_core.shell:create_environment_hook('dataglove', 'ament_prefix_path')
[1.305s] INFO:colcon.colcon_core.shell:Creating environment hook '/home/feld/ros2_ws/install/dataglove/share/dataglove/hook/ament_prefix_path.ps1'
[1.307s] INFO:colcon.colcon_core.shell:Creating environment descriptor '/home/feld/ros2_ws/install/dataglove/share/dataglove/hook/ament_prefix_path.dsv'
[1.308s] INFO:colcon.colcon_core.shell:Creating environment hook '/home/feld/ros2_ws/install/dataglove/share/dataglove/hook/ament_prefix_path.sh'
[1.309s] INFO:colcon.colcon_core.shell:Skip shell extension 'powershell' for command environment: Not usable outside of PowerShell
[1.310s] DEBUG:colcon.colcon_core.shell:Skip shell extension 'dsv' for command environment
[1.736s] INFO:colcon.colcon_core.task.python.build:Building Python package in '/home/feld/ros2_ws/src/dataglove'
[1.736s] INFO:colcon.colcon_core.shell:Skip shell extension 'powershell' for command environment: Not usable outside of PowerShell
[1.736s] DEBUG:colcon.colcon_core.shell:Skip shell extension 'dsv' for command environment
[2.904s] DEBUG:colcon.colcon_core.event_handler.log_command:Invoking command in '/home/feld/ros2_ws/src/dataglove': CMAKE_PREFIX_PATH=/home/feld/ros2_ws/install/dataglove_msgs:/home/feld/ros2_ws/install/tutorial_interfaces:/opt/ros/jazzy/opt/gz_math_vendor:/opt/ros/jazzy/opt/gz_utils_vendor:/opt/ros/jazzy/opt/gz_cmake_vendor DEBUGINFOD_URLS=https://debuginfod.ubuntu.com LD_LIBRARY_PATH=/home/feld/ros2_ws/install/dataglove_msgs/lib:/home/feld/ros2_ws/install/tutorial_interfaces/lib:/opt/ros/jazzy/opt/rviz_ogre_vendor/lib:/opt/ros/jazzy/lib/x86_64-linux-gnu:/opt/ros/jazzy/opt/gz_math_vendor/lib:/opt/ros/jazzy/opt/gz_utils_vendor/lib:/opt/ros/jazzy/opt/gz_cmake_vendor/lib:/opt/ros/jazzy/lib PYTHONPATH=/home/feld/ros2_ws/build/dataglove/prefix_override:/usr/lib/python3/dist-packages/colcon_core/task/python/colcon_distutils_commands:/home/feld/ros2_ws/install/dataglove/lib/python3.12/site-packages:/home/feld/ros2_ws/install/dataglove_msgs/lib/python3.12/site-packages:/home/feld/ros2_ws/install/tutorial_interfaces/lib/python3.12/site-packages:/home/feld/ros2_ws/install/py_pubsub/lib/python3.12/site-packages:/home/feld/ros2_ws/install/dataglove/lib/python3.12/site-packages:/opt/ros/jazzy/lib/python3.12/site-packages /usr/bin/python3 -W ignore:setup.py install is deprecated -W ignore:easy_install command is deprecated setup.py egg_info --egg-base ../../build/dataglove build --build-base /home/feld/ros2_ws/build/dataglove/build install --record /home/feld/ros2_ws/build/dataglove/install.log --single-version-externally-managed install_data
[3.979s] Level 1:colcon.colcon_core.environment:checking '/home/feld/ros2_ws/install/dataglove' for CMake module files
[3.980s] DEBUG:colcon.colcon_core.event_handler.log_command:Invoked command in '/home/feld/ros2_ws/src/dataglove' returned '0': CMAKE_PREFIX_PATH=/home/feld/ros2_ws/install/dataglove_msgs:/home/feld/ros2_ws/install/tutorial_interfaces:/opt/ros/jazzy/opt/gz_math_vendor:/opt/ros/jazzy/opt/gz_utils_vendor:/opt/ros/jazzy/opt/gz_cmake_vendor DEBUGINFOD_URLS=https://debuginfod.ubuntu.com LD_LIBRARY_PATH=/home/feld/ros2_ws/install/dataglove_msgs/lib:/home/feld/ros2_ws/install/tutorial_interfaces/lib:/opt/ros/jazzy/opt/rviz_ogre_vendor/lib:/opt/ros/jazzy/lib/x86_64-linux-gnu:/opt/ros/jazzy/opt/gz_math_vendor/lib:/opt/ros/jazzy/opt/gz_utils_vendor/lib:/opt/ros/jazzy/opt/gz_cmake_vendor/lib:/opt/ros/jazzy/lib PYTHONPATH=/home/feld/ros2_ws/build/dataglove/prefix_override:/usr/lib/python3/dist-packages/colcon_core/task/python/colcon_distutils_commands:/home/feld/ros2_ws/install/dataglove/lib/python3.12/site-packages:/home/feld/ros2_ws/install/dataglove_msgs/lib/python3.12/site-packages:/home/feld/ros2_ws/install/tutorial_interfaces/lib/python3.12/site-packages:/home/feld/ros2_ws/install/py_pubsub/lib/python3.12/site-packages:/home/feld/ros2_ws/install/dataglove/lib/python3.12/site-packages:/opt/ros/jazzy/lib/python3.12/site-packages /usr/bin/python3 -W ignore:setup.py install is deprecated -W ignore:easy_install command is deprecated setup.py egg_info --egg-base ../../build/dataglove build --build-base /home/feld/ros2_ws/build/dataglove/build install --record /home/feld/ros2_ws/build/dataglove/install.log --single-version-externally-managed install_data
[3.981s] Level 1:colcon.colcon_core.environment:checking '/home/feld/ros2_ws/install/dataglove' for CMake config files
[3.982s] Level 1:colcon.colcon_core.environment:checking '/home/feld/ros2_ws/install/dataglove/lib'
[3.982s] Level 1:colcon.colcon_core.environment:checking '/home/feld/ros2_ws/install/dataglove/bin'
[3.982s] Level 1:colcon.colcon_core.environment:checking '/home/feld/ros2_ws/install/dataglove/lib/pkgconfig/dataglove.pc'
[3.983s] Level 1:colcon.colcon_core.environment:checking '/home/feld/ros2_ws/install/dataglove/lib/python3.12/site-packages'
[3.983s] Level 1:colcon.colcon_core.shell:create_environment_hook('dataglove', 'pythonpath')
[3.983s] INFO:colcon.colcon_core.shell:Creating environment hook '/home/feld/ros2_ws/install/dataglove/share/dataglove/hook/pythonpath.ps1'
[3.984s] INFO:colcon.colcon_core.shell:Creating environment descriptor '/home/feld/ros2_ws/install/dataglove/share/dataglove/hook/pythonpath.dsv'
[3.984s] INFO:colcon.colcon_core.shell:Creating environment hook '/home/feld/ros2_ws/install/dataglove/share/dataglove/hook/pythonpath.sh'
[3.985s] Level 1:colcon.colcon_core.environment:checking '/home/feld/ros2_ws/install/dataglove/bin'
[3.985s] Level 1:colcon.colcon_core.environment:create_environment_scripts_only(dataglove)
[3.986s] INFO:colcon.colcon_core.shell:Creating package script '/home/feld/ros2_ws/install/dataglove/share/dataglove/package.ps1'
[3.986s] INFO:colcon.colcon_core.shell:Creating package descriptor '/home/feld/ros2_ws/install/dataglove/share/dataglove/package.dsv'
[3.987s] INFO:colcon.colcon_core.shell:Creating package script '/home/feld/ros2_ws/install/dataglove/share/dataglove/package.sh'
[3.988s] INFO:colcon.colcon_core.shell:Creating package script '/home/feld/ros2_ws/install/dataglove/share/dataglove/package.bash'
[3.988s] INFO:colcon.colcon_core.shell:Creating package script '/home/feld/ros2_ws/install/dataglove/share/dataglove/package.zsh'
[3.989s] Level 1:colcon.colcon_core.environment:create_file_with_runtime_dependencies(/home/feld/ros2_ws/install/dataglove/share/colcon-core/packages/dataglove)
[3.990s] DEBUG:colcon.colcon_parallel_executor.executor.parallel:closing loop
[3.990s] DEBUG:colcon.colcon_parallel_executor.executor.parallel:loop closed
[3.990s] DEBUG:colcon.colcon_parallel_executor.executor.parallel:run_until_complete finished with '0'
[3.990s] DEBUG:colcon.colcon_core.event_reactor:joining thread
[3.999s] INFO:colcon.colcon_core.plugin_system:Skipping extension 'colcon_notification.desktop_notification.terminal_notifier': Not used on non-Darwin systems
[3.999s] INFO:colcon.colcon_core.plugin_system:Skipping extension 'colcon_notification.desktop_notification.win32': Not used on non-Windows systems
[3.999s] INFO:colcon.colcon_notification.desktop_notification:Sending desktop notification using 'notify2'
[4.022s] DEBUG:colcon.colcon_core.event_reactor:joined thread
[4.023s] INFO:colcon.colcon_core.shell:Creating prefix script '/home/feld/ros2_ws/install/local_setup.ps1'
[4.024s] INFO:colcon.colcon_core.shell:Creating prefix util module '/home/feld/ros2_ws/install/_local_setup_util_ps1.py'
[4.027s] INFO:colcon.colcon_core.shell:Creating prefix chain script '/home/feld/ros2_ws/install/setup.ps1'
[4.029s] INFO:colcon.colcon_core.shell:Creating prefix script '/home/feld/ros2_ws/install/local_setup.sh'
[4.030s] INFO:colcon.colcon_core.shell:Creating prefix util module '/home/feld/ros2_ws/install/_local_setup_util_sh.py'
[4.032s] INFO:colcon.colcon_core.shell:Creating prefix chain script '/home/feld/ros2_ws/install/setup.sh'
[4.035s] INFO:colcon.colcon_core.shell:Creating prefix script '/home/feld/ros2_ws/install/local_setup.bash'
[4.036s] INFO:colcon.colcon_core.shell:Creating prefix chain script '/home/feld/ros2_ws/install/setup.bash'
[4.039s] INFO:colcon.colcon_core.shell:Creating prefix script '/home/feld/ros2_ws/install/local_setup.zsh'
[4.040s] INFO:colcon.colcon_core.shell:Creating prefix chain script '/home/feld/ros2_ws/install/setup.zsh'
