running egg_info
writing ../../build/dataglove/dataglove.egg-info/PKG-INFO
writing dependency_links to ../../build/dataglove/dataglove.egg-info/dependency_links.txt
writing entry points to ../../build/dataglove/dataglove.egg-info/entry_points.txt
writing requirements to ../../build/dataglove/dataglove.egg-info/requires.txt
writing top-level names to ../../build/dataglove/dataglove.egg-info/top_level.txt
reading manifest file '../../build/dataglove/dataglove.egg-info/SOURCES.txt'
adding license file 'LICENSE'
writing manifest file '../../build/dataglove/dataglove.egg-info/SOURCES.txt'
running build
running build_py
copying dataglove/glove_reader.py -> /home/feld/ros2_ws/build/dataglove/build/lib/dataglove
running install
running install_lib
copying /home/feld/ros2_ws/build/dataglove/build/lib/dataglove/glove_reader.py -> /home/feld/ros2_ws/install/dataglove/lib/python3.12/site-packages/dataglove
byte-compiling /home/feld/ros2_ws/install/dataglove/lib/python3.12/site-packages/dataglove/glove_reader.py to glove_reader.cpython-312.pyc
running install_data
copying package.xml -> /home/feld/ros2_ws/install/dataglove/share/dataglove
running install_egg_info
removing '/home/feld/ros2_ws/install/dataglove/lib/python3.12/site-packages/dataglove-0.0.0-py3.12.egg-info' (and everything under it)
Copying ../../build/dataglove/dataglove.egg-info to /home/feld/ros2_ws/install/dataglove/lib/python3.12/site-packages/dataglove-0.0.0-py3.12.egg-info
running install_scripts
Installing glove_reader script to /home/feld/ros2_ws/install/dataglove/lib/dataglove
writing list of installed files to '/home/feld/ros2_ws/build/dataglove/install.log'
