[0.021s] Invoking command in '/home/feld/ros2_ws/build/dataglove_msgs': CMAKE_PREFIX_PATH=${CMAKE_PREFIX_PATH}:/home/feld/ros2_ws/install/py_pubsub:/home/feld/ros2_ws/install/dataglove:/opt/ros/jazzy DEBUGINFOD_URLS=https://debuginfod.ubuntu.com /usr/bin/cmake --build /home/feld/ros2_ws/build/dataglove_msgs -- -j8 -l8
[0.086s] [  2%] Built target dataglove_msgs__rosidl_generator_type_description
[0.098s] [  2%] Built target ament_cmake_python_copy_dataglove_msgs
[0.120s] [  5%] Built target dataglove_msgs__cpp
[0.124s] [ 20%] Built target dataglove_msgs__rosidl_generator_c
[0.170s] [ 29%] Built target dataglove_msgs__rosidl_typesupport_introspection_c
[0.171s] [ 38%] Built target dataglove_msgs__rosidl_typesupport_cpp
[0.171s] [ 47%] Built target dataglove_msgs__rosidl_typesupport_c
[0.177s] [ 55%] Built target dataglove_msgs__rosidl_typesupport_fastrtps_cpp
[0.179s] [ 64%] Built target dataglove_msgs__rosidl_typesupport_fastrtps_c
[0.181s] [ 73%] Built target dataglove_msgs__rosidl_typesupport_introspection_cpp
[0.215s] [ 73%] Built target dataglove_msgs
[0.248s] [ 76%] Built target dataglove_msgs__py
[0.279s] [ 82%] Built target dataglove_msgs__rosidl_generator_py
[0.319s] [ 88%] Built target dataglove_msgs_s__rosidl_typesupport_fastrtps_c
[0.327s] [100%] Built target dataglove_msgs_s__rosidl_typesupport_introspection_c
[0.327s] [100%] Built target dataglove_msgs_s__rosidl_typesupport_c
[0.604s] running egg_info
[0.657s] writing dataglove_msgs.egg-info/PKG-INFO
[0.658s] writing dependency_links to dataglove_msgs.egg-info/dependency_links.txt
[0.658s] writing top-level names to dataglove_msgs.egg-info/top_level.txt
[0.830s] reading manifest file 'dataglove_msgs.egg-info/SOURCES.txt'
[0.830s] writing manifest file 'dataglove_msgs.egg-info/SOURCES.txt'
[0.894s] [100%] Built target ament_cmake_python_build_dataglove_msgs_egg
[0.919s] Invoked command in '/home/feld/ros2_ws/build/dataglove_msgs' returned '0': CMAKE_PREFIX_PATH=${CMAKE_PREFIX_PATH}:/home/feld/ros2_ws/install/py_pubsub:/home/feld/ros2_ws/install/dataglove:/opt/ros/jazzy DEBUGINFOD_URLS=https://debuginfod.ubuntu.com /usr/bin/cmake --build /home/feld/ros2_ws/build/dataglove_msgs -- -j8 -l8
[0.939s] Invoking command in '/home/feld/ros2_ws/build/dataglove_msgs': CMAKE_PREFIX_PATH=${CMAKE_PREFIX_PATH}:/home/feld/ros2_ws/install/py_pubsub:/home/feld/ros2_ws/install/dataglove:/opt/ros/jazzy DEBUGINFOD_URLS=https://debuginfod.ubuntu.com /usr/bin/cmake --install /home/feld/ros2_ws/build/dataglove_msgs
[0.956s] -- Install configuration: ""
[0.956s] -- Up-to-date: /home/feld/ros2_ws/install/dataglove_msgs/share/ament_index/resource_index/rosidl_interfaces/dataglove_msgs
[0.957s] -- Up-to-date: /home/feld/ros2_ws/install/dataglove_msgs/share/dataglove_msgs/msg/VMG30Data.json
[0.957s] -- Up-to-date: /home/feld/ros2_ws/install/dataglove_msgs/include/dataglove_msgs/dataglove_msgs
[0.957s] -- Up-to-date: /home/feld/ros2_ws/install/dataglove_msgs/include/dataglove_msgs/dataglove_msgs/msg
[0.957s] -- Up-to-date: /home/feld/ros2_ws/install/dataglove_msgs/include/dataglove_msgs/dataglove_msgs/msg/vmg30_data.h
[0.957s] -- Up-to-date: /home/feld/ros2_ws/install/dataglove_msgs/include/dataglove_msgs/dataglove_msgs/msg/rosidl_generator_c__visibility_control.h
[0.958s] -- Up-to-date: /home/feld/ros2_ws/install/dataglove_msgs/include/dataglove_msgs/dataglove_msgs/msg/detail
[0.958s] -- Up-to-date: /home/feld/ros2_ws/install/dataglove_msgs/include/dataglove_msgs/dataglove_msgs/msg/detail/vmg30_data__struct.h
[0.958s] -- Up-to-date: /home/feld/ros2_ws/install/dataglove_msgs/include/dataglove_msgs/dataglove_msgs/msg/detail/vmg30_data__description.c
[0.958s] -- Up-to-date: /home/feld/ros2_ws/install/dataglove_msgs/include/dataglove_msgs/dataglove_msgs/msg/detail/vmg30_data__type_support.c
[0.959s] -- Up-to-date: /home/feld/ros2_ws/install/dataglove_msgs/include/dataglove_msgs/dataglove_msgs/msg/detail/vmg30_data__functions.c
[0.959s] -- Up-to-date: /home/feld/ros2_ws/install/dataglove_msgs/include/dataglove_msgs/dataglove_msgs/msg/detail/vmg30_data__functions.h
[0.959s] -- Up-to-date: /home/feld/ros2_ws/install/dataglove_msgs/include/dataglove_msgs/dataglove_msgs/msg/detail/vmg30_data__type_support.h
[0.959s] -- Up-to-date: /home/feld/ros2_ws/install/dataglove_msgs/share/dataglove_msgs/environment/library_path.sh
[0.959s] -- Up-to-date: /home/feld/ros2_ws/install/dataglove_msgs/share/dataglove_msgs/environment/library_path.dsv
[0.960s] -- Up-to-date: /home/feld/ros2_ws/install/dataglove_msgs/lib/libdataglove_msgs__rosidl_generator_c.so
[0.960s] -- Up-to-date: /home/feld/ros2_ws/install/dataglove_msgs/include/dataglove_msgs/dataglove_msgs
[0.960s] -- Up-to-date: /home/feld/ros2_ws/install/dataglove_msgs/include/dataglove_msgs/dataglove_msgs/msg
[0.960s] -- Up-to-date: /home/feld/ros2_ws/install/dataglove_msgs/include/dataglove_msgs/dataglove_msgs/msg/rosidl_typesupport_fastrtps_c__visibility_control.h
[0.961s] -- Up-to-date: /home/feld/ros2_ws/install/dataglove_msgs/include/dataglove_msgs/dataglove_msgs/msg/detail
[0.961s] -- Up-to-date: /home/feld/ros2_ws/install/dataglove_msgs/include/dataglove_msgs/dataglove_msgs/msg/detail/vmg30_data__rosidl_typesupport_fastrtps_c.h
[0.961s] -- Up-to-date: /home/feld/ros2_ws/install/dataglove_msgs/lib/libdataglove_msgs__rosidl_typesupport_fastrtps_c.so
[0.961s] -- Up-to-date: /home/feld/ros2_ws/install/dataglove_msgs/include/dataglove_msgs/dataglove_msgs
[0.961s] -- Up-to-date: /home/feld/ros2_ws/install/dataglove_msgs/include/dataglove_msgs/dataglove_msgs/msg
[0.962s] -- Up-to-date: /home/feld/ros2_ws/install/dataglove_msgs/include/dataglove_msgs/dataglove_msgs/msg/rosidl_typesupport_introspection_c__visibility_control.h
[0.962s] -- Up-to-date: /home/feld/ros2_ws/install/dataglove_msgs/include/dataglove_msgs/dataglove_msgs/msg/detail
[0.962s] -- Up-to-date: /home/feld/ros2_ws/install/dataglove_msgs/include/dataglove_msgs/dataglove_msgs/msg/detail/vmg30_data__rosidl_typesupport_introspection_c.h
[0.962s] -- Up-to-date: /home/feld/ros2_ws/install/dataglove_msgs/include/dataglove_msgs/dataglove_msgs/msg/detail/vmg30_data__type_support.c
[0.962s] -- Up-to-date: /home/feld/ros2_ws/install/dataglove_msgs/lib/libdataglove_msgs__rosidl_typesupport_introspection_c.so
[0.963s] -- Up-to-date: /home/feld/ros2_ws/install/dataglove_msgs/lib/libdataglove_msgs__rosidl_typesupport_c.so
[0.963s] -- Up-to-date: /home/feld/ros2_ws/install/dataglove_msgs/include/dataglove_msgs/dataglove_msgs
[0.963s] -- Up-to-date: /home/feld/ros2_ws/install/dataglove_msgs/include/dataglove_msgs/dataglove_msgs/msg
[0.963s] -- Up-to-date: /home/feld/ros2_ws/install/dataglove_msgs/include/dataglove_msgs/dataglove_msgs/msg/vmg30_data.hpp
[0.963s] -- Up-to-date: /home/feld/ros2_ws/install/dataglove_msgs/include/dataglove_msgs/dataglove_msgs/msg/rosidl_generator_cpp__visibility_control.hpp
[0.964s] -- Up-to-date: /home/feld/ros2_ws/install/dataglove_msgs/include/dataglove_msgs/dataglove_msgs/msg/detail
[0.964s] -- Up-to-date: /home/feld/ros2_ws/install/dataglove_msgs/include/dataglove_msgs/dataglove_msgs/msg/detail/vmg30_data__traits.hpp
[0.964s] -- Up-to-date: /home/feld/ros2_ws/install/dataglove_msgs/include/dataglove_msgs/dataglove_msgs/msg/detail/vmg30_data__type_support.hpp
[0.964s] -- Up-to-date: /home/feld/ros2_ws/install/dataglove_msgs/include/dataglove_msgs/dataglove_msgs/msg/detail/vmg30_data__builder.hpp
[0.964s] -- Up-to-date: /home/feld/ros2_ws/install/dataglove_msgs/include/dataglove_msgs/dataglove_msgs/msg/detail/vmg30_data__struct.hpp
[0.965s] -- Up-to-date: /home/feld/ros2_ws/install/dataglove_msgs/include/dataglove_msgs/dataglove_msgs
[0.965s] -- Up-to-date: /home/feld/ros2_ws/install/dataglove_msgs/include/dataglove_msgs/dataglove_msgs/msg
[0.965s] -- Up-to-date: /home/feld/ros2_ws/install/dataglove_msgs/include/dataglove_msgs/dataglove_msgs/msg/rosidl_typesupport_fastrtps_cpp__visibility_control.h
[0.965s] -- Up-to-date: /home/feld/ros2_ws/install/dataglove_msgs/include/dataglove_msgs/dataglove_msgs/msg/detail
[0.965s] -- Up-to-date: /home/feld/ros2_ws/install/dataglove_msgs/include/dataglove_msgs/dataglove_msgs/msg/detail/vmg30_data__rosidl_typesupport_fastrtps_cpp.hpp
[0.966s] -- Up-to-date: /home/feld/ros2_ws/install/dataglove_msgs/include/dataglove_msgs/dataglove_msgs/msg/detail/dds_fastrtps
[0.966s] -- Up-to-date: /home/feld/ros2_ws/install/dataglove_msgs/lib/libdataglove_msgs__rosidl_typesupport_fastrtps_cpp.so
[0.966s] -- Up-to-date: /home/feld/ros2_ws/install/dataglove_msgs/include/dataglove_msgs/dataglove_msgs
[0.966s] -- Up-to-date: /home/feld/ros2_ws/install/dataglove_msgs/include/dataglove_msgs/dataglove_msgs/msg
[0.966s] -- Up-to-date: /home/feld/ros2_ws/install/dataglove_msgs/include/dataglove_msgs/dataglove_msgs/msg/detail
[0.966s] -- Up-to-date: /home/feld/ros2_ws/install/dataglove_msgs/include/dataglove_msgs/dataglove_msgs/msg/detail/vmg30_data__rosidl_typesupport_introspection_cpp.hpp
[0.967s] -- Up-to-date: /home/feld/ros2_ws/install/dataglove_msgs/include/dataglove_msgs/dataglove_msgs/msg/detail/vmg30_data__type_support.cpp
[0.967s] -- Up-to-date: /home/feld/ros2_ws/install/dataglove_msgs/lib/libdataglove_msgs__rosidl_typesupport_introspection_cpp.so
[0.967s] -- Up-to-date: /home/feld/ros2_ws/install/dataglove_msgs/lib/libdataglove_msgs__rosidl_typesupport_cpp.so
[0.967s] -- Up-to-date: /home/feld/ros2_ws/install/dataglove_msgs/share/dataglove_msgs/environment/pythonpath.sh
[0.967s] -- Up-to-date: /home/feld/ros2_ws/install/dataglove_msgs/share/dataglove_msgs/environment/pythonpath.dsv
[0.968s] -- Up-to-date: /home/feld/ros2_ws/install/dataglove_msgs/lib/python3.12/site-packages/dataglove_msgs-0.0.0-py3.12.egg-info
[0.968s] -- Installing: /home/feld/ros2_ws/install/dataglove_msgs/lib/python3.12/site-packages/dataglove_msgs-0.0.0-py3.12.egg-info/dependency_links.txt
[0.968s] -- Installing: /home/feld/ros2_ws/install/dataglove_msgs/lib/python3.12/site-packages/dataglove_msgs-0.0.0-py3.12.egg-info/PKG-INFO
[0.968s] -- Installing: /home/feld/ros2_ws/install/dataglove_msgs/lib/python3.12/site-packages/dataglove_msgs-0.0.0-py3.12.egg-info/top_level.txt
[0.968s] -- Installing: /home/feld/ros2_ws/install/dataglove_msgs/lib/python3.12/site-packages/dataglove_msgs-0.0.0-py3.12.egg-info/SOURCES.txt
[0.968s] -- Up-to-date: /home/feld/ros2_ws/install/dataglove_msgs/lib/python3.12/site-packages/dataglove_msgs
[0.969s] -- Up-to-date: /home/feld/ros2_ws/install/dataglove_msgs/lib/python3.12/site-packages/dataglove_msgs/dataglove_msgs_s__rosidl_typesupport_c.so
[0.969s] -- Up-to-date: /home/feld/ros2_ws/install/dataglove_msgs/lib/python3.12/site-packages/dataglove_msgs/_dataglove_msgs_s.ep.rosidl_typesupport_fastrtps_c.c
[0.969s] -- Up-to-date: /home/feld/ros2_ws/install/dataglove_msgs/lib/python3.12/site-packages/dataglove_msgs/_dataglove_msgs_s.ep.rosidl_typesupport_c.c
[0.969s] -- Up-to-date: /home/feld/ros2_ws/install/dataglove_msgs/lib/python3.12/site-packages/dataglove_msgs/__init__.py
[0.969s] -- Up-to-date: /home/feld/ros2_ws/install/dataglove_msgs/lib/python3.12/site-packages/dataglove_msgs/dataglove_msgs_s__rosidl_typesupport_introspection_c.so
[0.970s] -- Up-to-date: /home/feld/ros2_ws/install/dataglove_msgs/lib/python3.12/site-packages/dataglove_msgs/msg
[0.970s] -- Up-to-date: /home/feld/ros2_ws/install/dataglove_msgs/lib/python3.12/site-packages/dataglove_msgs/msg/_vmg30_data_s.c
[0.970s] -- Up-to-date: /home/feld/ros2_ws/install/dataglove_msgs/lib/python3.12/site-packages/dataglove_msgs/msg/_vmg30_data.py
[0.970s] -- Up-to-date: /home/feld/ros2_ws/install/dataglove_msgs/lib/python3.12/site-packages/dataglove_msgs/msg/__init__.py
[0.970s] -- Up-to-date: /home/feld/ros2_ws/install/dataglove_msgs/lib/python3.12/site-packages/dataglove_msgs/dataglove_msgs_s__rosidl_typesupport_fastrtps_c.so
[0.970s] -- Up-to-date: /home/feld/ros2_ws/install/dataglove_msgs/lib/python3.12/site-packages/dataglove_msgs/_dataglove_msgs_s.ep.rosidl_typesupport_introspection_c.c
[1.037s] Listing '/home/feld/ros2_ws/install/dataglove_msgs/lib/python3.12/site-packages/dataglove_msgs'...
[1.038s] Listing '/home/feld/ros2_ws/install/dataglove_msgs/lib/python3.12/site-packages/dataglove_msgs/msg'...
[1.050s] -- Up-to-date: /home/feld/ros2_ws/install/dataglove_msgs/lib/python3.12/site-packages/dataglove_msgs/dataglove_msgs_s__rosidl_typesupport_fastrtps_c.so
[1.051s] -- Up-to-date: /home/feld/ros2_ws/install/dataglove_msgs/lib/python3.12/site-packages/dataglove_msgs/dataglove_msgs_s__rosidl_typesupport_introspection_c.so
[1.051s] -- Up-to-date: /home/feld/ros2_ws/install/dataglove_msgs/lib/python3.12/site-packages/dataglove_msgs/dataglove_msgs_s__rosidl_typesupport_c.so
[1.052s] -- Up-to-date: /home/feld/ros2_ws/install/dataglove_msgs/lib/libdataglove_msgs__rosidl_generator_py.so
[1.052s] -- Up-to-date: /home/feld/ros2_ws/install/dataglove_msgs/share/dataglove_msgs/msg/VMG30Data.idl
[1.053s] -- Up-to-date: /home/feld/ros2_ws/install/dataglove_msgs/share/dataglove_msgs/msg/VMG30Data.msg
[1.053s] -- Up-to-date: /home/feld/ros2_ws/install/dataglove_msgs/share/ament_index/resource_index/package_run_dependencies/dataglove_msgs
[1.053s] -- Up-to-date: /home/feld/ros2_ws/install/dataglove_msgs/share/ament_index/resource_index/parent_prefix_path/dataglove_msgs
[1.053s] -- Up-to-date: /home/feld/ros2_ws/install/dataglove_msgs/share/dataglove_msgs/environment/ament_prefix_path.sh
[1.054s] -- Up-to-date: /home/feld/ros2_ws/install/dataglove_msgs/share/dataglove_msgs/environment/ament_prefix_path.dsv
[1.054s] -- Up-to-date: /home/feld/ros2_ws/install/dataglove_msgs/share/dataglove_msgs/environment/path.sh
[1.054s] -- Up-to-date: /home/feld/ros2_ws/install/dataglove_msgs/share/dataglove_msgs/environment/path.dsv
[1.054s] -- Up-to-date: /home/feld/ros2_ws/install/dataglove_msgs/share/dataglove_msgs/local_setup.bash
[1.054s] -- Up-to-date: /home/feld/ros2_ws/install/dataglove_msgs/share/dataglove_msgs/local_setup.sh
[1.055s] -- Up-to-date: /home/feld/ros2_ws/install/dataglove_msgs/share/dataglove_msgs/local_setup.zsh
[1.055s] -- Up-to-date: /home/feld/ros2_ws/install/dataglove_msgs/share/dataglove_msgs/local_setup.dsv
[1.055s] -- Installing: /home/feld/ros2_ws/install/dataglove_msgs/share/dataglove_msgs/package.dsv
[1.055s] -- Up-to-date: /home/feld/ros2_ws/install/dataglove_msgs/share/ament_index/resource_index/packages/dataglove_msgs
[1.056s] -- Up-to-date: /home/feld/ros2_ws/install/dataglove_msgs/share/dataglove_msgs/cmake/export_dataglove_msgs__rosidl_generator_cExport.cmake
[1.056s] -- Up-to-date: /home/feld/ros2_ws/install/dataglove_msgs/share/dataglove_msgs/cmake/export_dataglove_msgs__rosidl_generator_cExport-noconfig.cmake
[1.056s] -- Up-to-date: /home/feld/ros2_ws/install/dataglove_msgs/share/dataglove_msgs/cmake/export_dataglove_msgs__rosidl_typesupport_fastrtps_cExport.cmake
[1.056s] -- Up-to-date: /home/feld/ros2_ws/install/dataglove_msgs/share/dataglove_msgs/cmake/export_dataglove_msgs__rosidl_typesupport_fastrtps_cExport-noconfig.cmake
[1.056s] -- Up-to-date: /home/feld/ros2_ws/install/dataglove_msgs/share/dataglove_msgs/cmake/dataglove_msgs__rosidl_typesupport_introspection_cExport.cmake
[1.057s] -- Up-to-date: /home/feld/ros2_ws/install/dataglove_msgs/share/dataglove_msgs/cmake/dataglove_msgs__rosidl_typesupport_introspection_cExport-noconfig.cmake
[1.057s] -- Up-to-date: /home/feld/ros2_ws/install/dataglove_msgs/share/dataglove_msgs/cmake/dataglove_msgs__rosidl_typesupport_cExport.cmake
[1.057s] -- Up-to-date: /home/feld/ros2_ws/install/dataglove_msgs/share/dataglove_msgs/cmake/dataglove_msgs__rosidl_typesupport_cExport-noconfig.cmake
[1.057s] -- Up-to-date: /home/feld/ros2_ws/install/dataglove_msgs/share/dataglove_msgs/cmake/export_dataglove_msgs__rosidl_generator_cppExport.cmake
[1.058s] -- Up-to-date: /home/feld/ros2_ws/install/dataglove_msgs/share/dataglove_msgs/cmake/export_dataglove_msgs__rosidl_typesupport_fastrtps_cppExport.cmake
[1.058s] -- Up-to-date: /home/feld/ros2_ws/install/dataglove_msgs/share/dataglove_msgs/cmake/export_dataglove_msgs__rosidl_typesupport_fastrtps_cppExport-noconfig.cmake
[1.058s] -- Up-to-date: /home/feld/ros2_ws/install/dataglove_msgs/share/dataglove_msgs/cmake/dataglove_msgs__rosidl_typesupport_introspection_cppExport.cmake
[1.058s] -- Up-to-date: /home/feld/ros2_ws/install/dataglove_msgs/share/dataglove_msgs/cmake/dataglove_msgs__rosidl_typesupport_introspection_cppExport-noconfig.cmake
[1.058s] -- Up-to-date: /home/feld/ros2_ws/install/dataglove_msgs/share/dataglove_msgs/cmake/dataglove_msgs__rosidl_typesupport_cppExport.cmake
[1.059s] -- Up-to-date: /home/feld/ros2_ws/install/dataglove_msgs/share/dataglove_msgs/cmake/dataglove_msgs__rosidl_typesupport_cppExport-noconfig.cmake
[1.059s] -- Up-to-date: /home/feld/ros2_ws/install/dataglove_msgs/share/dataglove_msgs/cmake/export_dataglove_msgs__rosidl_generator_pyExport.cmake
[1.059s] -- Up-to-date: /home/feld/ros2_ws/install/dataglove_msgs/share/dataglove_msgs/cmake/export_dataglove_msgs__rosidl_generator_pyExport-noconfig.cmake
[1.059s] -- Up-to-date: /home/feld/ros2_ws/install/dataglove_msgs/share/dataglove_msgs/cmake/rosidl_cmake-extras.cmake
[1.059s] -- Up-to-date: /home/feld/ros2_ws/install/dataglove_msgs/share/dataglove_msgs/cmake/ament_cmake_export_dependencies-extras.cmake
[1.059s] -- Up-to-date: /home/feld/ros2_ws/install/dataglove_msgs/share/dataglove_msgs/cmake/ament_cmake_export_include_directories-extras.cmake
[1.060s] -- Up-to-date: /home/feld/ros2_ws/install/dataglove_msgs/share/dataglove_msgs/cmake/ament_cmake_export_libraries-extras.cmake
[1.060s] -- Up-to-date: /home/feld/ros2_ws/install/dataglove_msgs/share/dataglove_msgs/cmake/ament_cmake_export_targets-extras.cmake
[1.060s] -- Up-to-date: /home/feld/ros2_ws/install/dataglove_msgs/share/dataglove_msgs/cmake/rosidl_cmake_export_typesupport_targets-extras.cmake
[1.060s] -- Up-to-date: /home/feld/ros2_ws/install/dataglove_msgs/share/dataglove_msgs/cmake/rosidl_cmake_export_typesupport_libraries-extras.cmake
[1.060s] -- Up-to-date: /home/feld/ros2_ws/install/dataglove_msgs/share/dataglove_msgs/cmake/dataglove_msgsConfig.cmake
[1.061s] -- Up-to-date: /home/feld/ros2_ws/install/dataglove_msgs/share/dataglove_msgs/cmake/dataglove_msgsConfig-version.cmake
[1.061s] -- Up-to-date: /home/feld/ros2_ws/install/dataglove_msgs/share/dataglove_msgs/package.xml
[1.062s] Invoked command in '/home/feld/ros2_ws/build/dataglove_msgs' returned '0': CMAKE_PREFIX_PATH=${CMAKE_PREFIX_PATH}:/home/feld/ros2_ws/install/py_pubsub:/home/feld/ros2_ws/install/dataglove:/opt/ros/jazzy DEBUGINFOD_URLS=https://debuginfod.ubuntu.com /usr/bin/cmake --install /home/feld/ros2_ws/build/dataglove_msgs
