/home/feld/ros2_ws/install/dataglove/lib/python3.12/site-packages/dataglove/real_time_classifier.py
/home/feld/ros2_ws/install/dataglove/lib/python3.12/site-packages/dataglove/data_saver.py
/home/feld/ros2_ws/install/dataglove/lib/python3.12/site-packages/dataglove/glove_emu.py
/home/feld/ros2_ws/install/dataglove/lib/python3.12/site-packages/dataglove/network.py
/home/feld/ros2_ws/install/dataglove/lib/python3.12/site-packages/dataglove/__init__.py
/home/feld/ros2_ws/install/dataglove/lib/python3.12/site-packages/dataglove/frequency_test.py
/home/feld/ros2_ws/install/dataglove/lib/python3.12/site-packages/dataglove/glove_test.py
/home/feld/ros2_ws/install/dataglove/lib/python3.12/site-packages/dataglove/glove.py
/home/feld/ros2_ws/install/dataglove/lib/python3.12/site-packages/dataglove/vmg30.py
/home/feld/ros2_ws/install/dataglove/lib/python3.12/site-packages/dataglove/__pycache__/real_time_classifier.cpython-312.pyc
/home/feld/ros2_ws/install/dataglove/lib/python3.12/site-packages/dataglove/__pycache__/data_saver.cpython-312.pyc
/home/feld/ros2_ws/install/dataglove/lib/python3.12/site-packages/dataglove/__pycache__/glove_emu.cpython-312.pyc
/home/feld/ros2_ws/install/dataglove/lib/python3.12/site-packages/dataglove/__pycache__/network.cpython-312.pyc
/home/feld/ros2_ws/install/dataglove/lib/python3.12/site-packages/dataglove/__pycache__/__init__.cpython-312.pyc
/home/feld/ros2_ws/install/dataglove/lib/python3.12/site-packages/dataglove/__pycache__/frequency_test.cpython-312.pyc
/home/feld/ros2_ws/install/dataglove/lib/python3.12/site-packages/dataglove/__pycache__/glove_test.cpython-312.pyc
/home/feld/ros2_ws/install/dataglove/lib/python3.12/site-packages/dataglove/__pycache__/glove.cpython-312.pyc
/home/feld/ros2_ws/install/dataglove/lib/python3.12/site-packages/dataglove/__pycache__/vmg30.cpython-312.pyc
/home/feld/ros2_ws/install/dataglove/share/ament_index/resource_index/packages/dataglove
/home/feld/ros2_ws/install/dataglove/share/dataglove/package.xml
/home/feld/ros2_ws/install/dataglove/lib/python3.12/site-packages/dataglove-0.0.0-py3.12.egg-info/requires.txt
/home/feld/ros2_ws/install/dataglove/lib/python3.12/site-packages/dataglove-0.0.0-py3.12.egg-info/dependency_links.txt
/home/feld/ros2_ws/install/dataglove/lib/python3.12/site-packages/dataglove-0.0.0-py3.12.egg-info/zip-safe
/home/feld/ros2_ws/install/dataglove/lib/python3.12/site-packages/dataglove-0.0.0-py3.12.egg-info/PKG-INFO
/home/feld/ros2_ws/install/dataglove/lib/python3.12/site-packages/dataglove-0.0.0-py3.12.egg-info/entry_points.txt
/home/feld/ros2_ws/install/dataglove/lib/python3.12/site-packages/dataglove-0.0.0-py3.12.egg-info/top_level.txt
/home/feld/ros2_ws/install/dataglove/lib/python3.12/site-packages/dataglove-0.0.0-py3.12.egg-info/SOURCES.txt
/home/feld/ros2_ws/install/dataglove/lib/dataglove/data_saver
/home/feld/ros2_ws/install/dataglove/lib/dataglove/glove
/home/feld/ros2_ws/install/dataglove/lib/dataglove/glove_emu
/home/feld/ros2_ws/install/dataglove/lib/dataglove/real_time_classifier
